#
# There is insufficient memory for the Java Runtime Environment to continue.
# Native memory allocation (malloc) failed to allocate 1048576 bytes. Error detail: AllocateHeap
# Possible reasons:
#   The system is out of physical RAM or swap space
#   This process is running with CompressedOops enabled, and the Java Heap may be blocking the growth of the native heap
# Possible solutions:
#   Reduce memory load on the system
#   Increase physical memory or swap space
#   Check if swap backing store is full
#   Decrease Java heap size (-Xmx/-Xms)
#   Decrease number of Java threads
#   Decrease Java thread stack sizes (-Xss)
#   Set larger code cache with -XX:ReservedCodeCacheSize=
#   JVM is running with Unscaled Compressed Oops mode in which the Java heap is
#     placed in the first 4GB address space. The Java Heap base address is the
#     maximum limit for the native heap growth. Please use -XX:HeapBaseMinAddress
#     to set the Java Heap base and to place the Java Heap above 4GB virtual address.
# This output file may be truncated or incomplete.
#
#  Out of Memory Error (allocation.cpp:44), pid=1552, tid=12824
#
# JRE version: OpenJDK Runtime Environment Temurin-21.0.10+7 (21.0.10+7) (build 21.0.10+7-LTS)
# Java VM: OpenJDK 64-Bit Server VM Temurin-21.0.10+7 (21.0.10+7-LTS, mixed mode, sharing, tiered, compressed oops, compressed class ptrs, parallel gc, windows-amd64)
# No core dump will be written. Minidumps are not enabled by default on client versions of Windows
#

---------------  S U M M A R Y ------------

Command Line: --add-modules=ALL-SYSTEM --add-opens=java.base/java.util=ALL-UNNAMED --add-opens=java.base/java.lang=ALL-UNNAMED --add-opens=java.base/sun.nio.fs=ALL-UNNAMED -Declipse.application=org.eclipse.jdt.ls.core.id1 -Dosgi.bundles.defaultStartLevel=4 -Declipse.product=org.eclipse.jdt.ls.core.product -Djava.import.generatesMetadataFilesAtProjectRoot=false -DDetectVMInstallationsJob.disabled=true -Dfile.encoding=utf8 -XX:+UseParallelGC -XX:GCTimeRatio=4 -XX:AdaptiveSizePolicyWeight=90 -Dsun.zip.disableMemoryMapping=true -Xmx2G -Xms100m -Xlog:disable -javaagent:c:\Users\wenbl\.vscode\extensions\redhat.java-1.54.0-win32-x64\lombok\lombok-1.18.39-4050.jar -XX:+HeapDumpOnOutOfMemoryError -XX:HeapDumpPath=c:\Users\wenbl\AppData\Roaming\Code\User\workspaceStorage\0c2cef8eb0cbd9d33b2b973e257d3f55\redhat.java -Daether.dependencyCollector.impl=bf c:\Users\wenbl\.vscode\extensions\redhat.java-1.54.0-win32-x64\server\plugins\org.eclipse.equinox.launcher_1.7.100.v20251111-0406.jar -configuration c:\Users\wenbl\AppData\Roaming\Code\User\globalStorage\redhat.java\1.54.0\config_win -data c:\Users\wenbl\AppData\Roaming\Code\User\workspaceStorage\0c2cef8eb0cbd9d33b2b973e257d3f55\redhat.java\jdt_ws --pipe=\\.\pipe\lsp-4cf2dcc0b5b062ebe1c3f37545f47c85-sock

Host: AMD Ryzen 3 3250U with Radeon Graphics         , 4 cores, 3G,  Windows 11 , 64 bit Build 26100 (10.0.26100.8521)
Time: Mon Jun 22 12:40:11 2026 Hora estándar central (México) elapsed time: 99.898404 seconds (0d 0h 1m 39s)

---------------  T H R E A D  ---------------

Current thread (0x00000266e7459540):  JavaThread "Attach Listener" daemon [_thread_in_vm, id=12824, stack(0x000000ef4cd00000,0x000000ef4ce00000) (1024K)]

Stack: [0x000000ef4cd00000,0x000000ef4ce00000]
Native frames: (J=compiled Java code, j=interpreted, Vv=VM code, C=native code)
V  [jvm.dll+0x6d7a39]
V  [jvm.dll+0x8b4b26]
V  [jvm.dll+0x8b70de]
V  [jvm.dll+0x8b77c3]
V  [jvm.dll+0x284346]
V  [jvm.dll+0xc1277]
V  [jvm.dll+0x6d82e9]
V  [jvm.dll+0x1334a6]
V  [jvm.dll+0x3f857e]
V  [jvm.dll+0x85f59d]
V  [jvm.dll+0x6d626d]
C  [ucrtbase.dll+0x2cd30]
C  [KERNEL32.DLL+0x2e957]
C  [ntdll.dll+0x87c1c]


---------------  P R O C E S S  ---------------

Threads class SMR info:
_java_thread_list=0x00000266c6965f40, length=42, elements={
0x00000266e755e2d0, 0x00000266e744b5b0, 0x00000266e744f1b0, 0x00000266e7455710,
0x00000266e7459540, 0x00000266e745bbc0, 0x00000266e745c230, 0x00000266e745fbf0,
0x00000266e7495b10, 0x00000266fec5f840, 0x00000266fecd28e0, 0x00000266ff35e190,
0x00000266ff218c10, 0x00000266ff429500, 0x00000266feaf18f0, 0x00000266c5181bf0,
0x00000266c56ec6f0, 0x00000266c5325230, 0x00000266e74cb670, 0x00000266e74ca2c0,
0x00000266e74cbd00, 0x00000266e74cc390, 0x00000266e74cafe0, 0x00000266e74c8f10,
0x00000266e74c95a0, 0x00000266e74c9c30, 0x00000266e74ca950, 0x00000266c588a1b0,
0x00000266c58880e0, 0x00000266c5886d30, 0x00000266c5889b20, 0x00000266c5888770,
0x00000266c58873c0, 0x00000266c5888e00, 0x00000266c5889490, 0x00000266c62c4340,
0x00000266c62c5d80, 0x00000266c62c6410, 0x00000266c62c6aa0, 0x00000266c62c9f20,
0x00000266c62ca5b0, 0x00000266c62c9890
}

Java Threads: ( => current thread )
  0x00000266e755e2d0 JavaThread "main"                              [_thread_blocked, id=8572, stack(0x000000ef4c600000,0x000000ef4c700000) (1024K)]
  0x00000266e744b5b0 JavaThread "Reference Handler"          daemon [_thread_blocked, id=16748, stack(0x000000ef4ca00000,0x000000ef4cb00000) (1024K)]
  0x00000266e744f1b0 JavaThread "Finalizer"                  daemon [_thread_blocked, id=13560, stack(0x000000ef4cb00000,0x000000ef4cc00000) (1024K)]
  0x00000266e7455710 JavaThread "Signal Dispatcher"          daemon [_thread_blocked, id=11932, stack(0x000000ef4cc00000,0x000000ef4cd00000) (1024K)]
=>0x00000266e7459540 JavaThread "Attach Listener"            daemon [_thread_in_vm, id=12824, stack(0x000000ef4cd00000,0x000000ef4ce00000) (1024K)]
  0x00000266e745bbc0 JavaThread "Service Thread"             daemon [_thread_blocked, id=17392, stack(0x000000ef4ce00000,0x000000ef4cf00000) (1024K)]
  0x00000266e745c230 JavaThread "Monitor Deflation Thread"   daemon [_thread_blocked, id=13124, stack(0x000000ef4cf00000,0x000000ef4d000000) (1024K)]
  0x00000266e745fbf0 JavaThread "C2 CompilerThread0"         daemon [_thread_blocked, id=14384, stack(0x000000ef4d000000,0x000000ef4d100000) (1024K)]
  0x00000266e7495b10 JavaThread "C1 CompilerThread0"         daemon [_thread_blocked, id=1840, stack(0x000000ef4d100000,0x000000ef4d200000) (1024K)]
  0x00000266fec5f840 JavaThread "Common-Cleaner"             daemon [_thread_blocked, id=14672, stack(0x000000ef4d200000,0x000000ef4d300000) (1024K)]
  0x00000266fecd28e0 JavaThread "Notification Thread"        daemon [_thread_blocked, id=3288, stack(0x000000ef4d300000,0x000000ef4d400000) (1024K)]
  0x00000266ff35e190 JavaThread "Active Thread: Equinox Container: b3dd2445-4aa2-4e68-a3dc-2d56c724f6f0"        [_thread_blocked, id=2432, stack(0x000000ef4d700000,0x000000ef4d800000) (1024K)]
  0x00000266ff218c10 JavaThread "Refresh Thread: Equinox Container: b3dd2445-4aa2-4e68-a3dc-2d56c724f6f0" daemon [_thread_blocked, id=2720, stack(0x000000ef4d800000,0x000000ef4d900000) (1024K)]
  0x00000266ff429500 JavaThread "Framework Event Dispatcher: Equinox Container: b3dd2445-4aa2-4e68-a3dc-2d56c724f6f0" daemon [_thread_blocked, id=4508, stack(0x000000ef4d900000,0x000000ef4da00000) (1024K)]
  0x00000266feaf18f0 JavaThread "Start Level: Equinox Container: b3dd2445-4aa2-4e68-a3dc-2d56c724f6f0" daemon [_thread_blocked, id=17356, stack(0x000000ef4da00000,0x000000ef4db00000) (1024K)]
  0x00000266c5181bf0 JavaThread "Bundle File Closer"         daemon [_thread_blocked, id=2480, stack(0x000000ef4db00000,0x000000ef4dc00000) (1024K)]
  0x00000266c56ec6f0 JavaThread "SCR Component Actor"        daemon [_thread_blocked, id=12120, stack(0x000000ef4dc00000,0x000000ef4dd00000) (1024K)]
  0x00000266c5325230 JavaThread "Worker-JM"                         [_thread_blocked, id=13432, stack(0x000000ef4dd00000,0x000000ef4de00000) (1024K)]
  0x00000266e74cb670 JavaThread "JNA Cleaner"                daemon [_thread_blocked, id=8668, stack(0x000000ef4de00000,0x000000ef4df00000) (1024K)]
  0x00000266e74ca2c0 JavaThread "Worker-0"                          [_thread_blocked, id=17976, stack(0x000000ef4df00000,0x000000ef4e000000) (1024K)]
  0x00000266e74cbd00 JavaThread "Worker-1"                          [_thread_blocked, id=17876, stack(0x000000ef4e000000,0x000000ef4e100000) (1024K)]
  0x00000266e74cc390 JavaThread "Worker-2"                          [_thread_blocked, id=13696, stack(0x000000ef4e100000,0x000000ef4e200000) (1024K)]
  0x00000266e74cafe0 JavaThread "Worker-3"                          [_thread_blocked, id=2668, stack(0x000000ef4e200000,0x000000ef4e300000) (1024K)]
  0x00000266e74c8f10 JavaThread "Java indexing"              daemon [_thread_blocked, id=18412, stack(0x000000ef4e300000,0x000000ef4e400000) (1024K)]
  0x00000266e74c95a0 JavaThread "Worker-4"                          [_thread_blocked, id=13544, stack(0x000000ef4e400000,0x000000ef4e500000) (1024K)]
  0x00000266e74c9c30 JavaThread "Worker-5"                          [_thread_blocked, id=2392, stack(0x000000ef4e500000,0x000000ef4e600000) (1024K)]
  0x00000266e74ca950 JavaThread "Worker-6"                          [_thread_blocked, id=4128, stack(0x000000ef4e800000,0x000000ef4e900000) (1024K)]
  0x00000266c588a1b0 JavaThread "Thread-1"                   daemon [_thread_in_native, id=13368, stack(0x000000ef4e900000,0x000000ef4ea00000) (1024K)]
  0x00000266c58880e0 JavaThread "Thread-2"                   daemon [_thread_in_native, id=15072, stack(0x000000ef4ea00000,0x000000ef4eb00000) (1024K)]
  0x00000266c5886d30 JavaThread "Thread-3"                   daemon [_thread_in_native, id=10984, stack(0x000000ef4eb00000,0x000000ef4ec00000) (1024K)]
  0x00000266c5889b20 JavaThread "Thread-4"                   daemon [_thread_in_native, id=18264, stack(0x000000ef4ec00000,0x000000ef4ed00000) (1024K)]
  0x00000266c5888770 JavaThread "Thread-5"                   daemon [_thread_in_native, id=17440, stack(0x000000ef4ed00000,0x000000ef4ee00000) (1024K)]
  0x00000266c58873c0 JavaThread "pool-2-thread-1"                   [_thread_blocked, id=18336, stack(0x000000ef4ee00000,0x000000ef4ef00000) (1024K)]
  0x00000266c5888e00 JavaThread "WorkspaceEventsHandler"            [_thread_blocked, id=9976, stack(0x000000ef4ef00000,0x000000ef4f000000) (1024K)]
  0x00000266c5889490 JavaThread "pool-1-thread-1"                   [_thread_blocked, id=804, stack(0x000000ef4f000000,0x000000ef4f100000) (1024K)]
  0x00000266c62c4340 JavaThread "Compiler Source File Reader" daemon [_thread_blocked, id=17020, stack(0x000000ef4f100000,0x000000ef4f200000) (1024K)]
  0x00000266c62c5d80 JavaThread "Compiler Class File Writer" daemon [_thread_blocked, id=15892, stack(0x000000ef4f300000,0x000000ef4f400000) (1024K)]
  0x00000266c62c6410 JavaThread "Compiler Class File Writer" daemon [_thread_blocked, id=13620, stack(0x000000ef4f400000,0x000000ef4f500000) (1024K)]
  0x00000266c62c6aa0 JavaThread "ForkJoinPool.commonPool-worker-1" daemon [_thread_blocked, id=15784, stack(0x000000ef4f500000,0x000000ef4f600000) (1024K)]
  0x00000266c62c9f20 JavaThread "ForkJoinPool.commonPool-worker-2" daemon [_thread_blocked, id=1424, stack(0x000000ef4c300000,0x000000ef4c400000) (1024K)]
  0x00000266c62ca5b0 JavaThread "ForkJoinPool.commonPool-worker-3" daemon [_thread_blocked, id=18296, stack(0x000000ef4f600000,0x000000ef4f700000) (1024K)]
  0x00000266c62c9890 JavaThread "Cleaner-0"                  daemon [_thread_blocked, id=18408, stack(0x000000ef4f700000,0x000000ef4f800000) (1024K)]
Total: 42

Other Threads:
  0x00000266e761d050 VMThread "VM Thread"                           [id=5356, stack(0x000000ef4c900000,0x000000ef4ca00000) (1024K)]
  0x00000266e73eba00 WatcherThread "VM Periodic Task Thread"        [id=13244, stack(0x000000ef4c800000,0x000000ef4c900000) (1024K)]
  0x00000266e757c750 WorkerThread "GC Thread#0"                     [id=10844, stack(0x000000ef4c700000,0x000000ef4c800000) (1024K)]
  0x00000266feefbc80 WorkerThread "GC Thread#1"                     [id=6792, stack(0x000000ef4d400000,0x000000ef4d500000) (1024K)]
  0x00000266feef60e0 WorkerThread "GC Thread#2"                     [id=5884, stack(0x000000ef4d500000,0x000000ef4d600000) (1024K)]
  0x00000266ff1ab440 WorkerThread "GC Thread#3"                     [id=4516, stack(0x000000ef4d600000,0x000000ef4d700000) (1024K)]
Total: 6

Threads with active compile tasks:
Total: 0

VM state: not at safepoint (normal execution)

VM Mutex/Monitor currently owned by a thread: None

Heap address: 0x0000000080000000, size: 2048 MB, Compressed Oops mode: 32-bit

CDS archive(s) mapped at: [0x0000026680000000-0x0000026680ba0000-0x0000026680ba0000), size 12189696, SharedBaseAddress: 0x0000026680000000, ArchiveRelocationMode: 1.
Compressed class space mapped at: 0x0000026681000000-0x00000266c1000000, reserved size: 1073741824
Narrow klass base: 0x0000026680000000, Narrow klass shift: 0, Narrow klass range: 0x100000000

GC Precious Log:
 CardTable entry size: 512
 CPUs: 4 total, 4 available
 Memory: 3499M
 Large Page Support: Disabled
 NUMA Support: Disabled
 Compressed Oops: Enabled (32-bit)
 Alignments: Space 512K, Generation 512K, Heap 2M
 Heap Min Capacity: 100M
 Heap Initial Capacity: 100M
 Heap Max Capacity: 2G
 Pre-touch: Disabled
 Parallel Workers: 4

Heap:
 PSYoungGen      total 3072K, used 1986K [0x00000000d5580000, 0x00000000d5980000, 0x0000000100000000)
  eden space 2560K, 67% used [0x00000000d5580000,0x00000000d5730900,0x00000000d5800000)
  from space 512K, 50% used [0x00000000d5880000,0x00000000d58c0000,0x00000000d5900000)
  to   space 512K, 0% used [0x00000000d5900000,0x00000000d5900000,0x00000000d5980000)
 ParOldGen       total 438272K, used 438231K [0x0000000080000000, 0x000000009ac00000, 0x00000000d5580000)
  object space 438272K, 99% used [0x0000000080000000,0x000000009abf5f08,0x000000009ac00000)
 Metaspace       used 64604K, committed 65920K, reserved 1114112K
  class space    used 6967K, committed 7488K, reserved 1048576K

Card table byte_map: [0x00000266e6f00000,0x00000266e7310000] _byte_map_base: 0x00000266e6b00000

Marking Bits: (ParMarkBitMap*) 0x00007ffe2fcc3450
 Begin Bits: [0x00000266f9a10000, 0x00000266fba10000)
 End Bits:   [0x00000266fba10000, 0x00000266fda10000)

Polling page: 0x00000266e5370000

Metaspace:

Usage:
  Non-class:     56.29 MB used.
      Class:      6.80 MB used.
       Both:     63.09 MB used.

Virtual space:
  Non-class space:       64.00 MB reserved,      57.06 MB ( 89%) committed,  1 nodes.
      Class space:        1.00 GB reserved,       7.31 MB ( <1%) committed,  1 nodes.
             Both:        1.06 GB reserved,      64.38 MB (  6%) committed. 

Chunk freelists:
   Non-Class:  6.09 MB
       Class:  8.50 MB
        Both:  14.59 MB

MaxMetaspaceSize: unlimited
CompressedClassSpaceSize: 1.00 GB
Initial GC threshold: 21.00 MB
Current GC threshold: 97.31 MB
CDS: on
 - commit_granule_bytes: 65536.
 - commit_granule_words: 8192.
 - virtual_space_node_default_size: 8388608.
 - enlarge_chunks_in_place: 1.
 - use_allocation_guard: 0.


Internal statistics:

num_allocs_failed_limit: 11.
num_arena_births: 1084.
num_arena_deaths: 24.
num_vsnodes_births: 2.
num_vsnodes_deaths: 0.
num_space_committed: 1030.
num_space_uncommitted: 0.
num_chunks_returned_to_freelist: 37.
num_chunks_taken_from_freelist: 4224.
num_chunk_merges: 18.
num_chunk_splits: 2516.
num_chunks_enlarged: 1346.
num_inconsistent_stats: 0.

CodeHeap 'non-profiled nmethods': size=120000Kb used=5775Kb max_used=5775Kb free=114224Kb
 bounds [0x00000266f2230000, 0x00000266f27e0000, 0x00000266f9760000]
CodeHeap 'profiled nmethods': size=120000Kb used=18734Kb max_used=18734Kb free=101265Kb
 bounds [0x00000266ea760000, 0x00000266eb9b0000, 0x00000266f1c90000]
CodeHeap 'non-nmethods': size=5760Kb used=1453Kb max_used=1503Kb free=4306Kb
 bounds [0x00000266f1c90000, 0x00000266f1f00000, 0x00000266f2230000]
CodeCache: size=245760Kb, used=25962Kb, max_used=26012Kb, free=219795Kb
 total_blobs=9371, nmethods=8597, adapters=680, full_count=0
Compilation: enabled, stopped_count=0, restarted_count=0

Compilation events (20 events):
Event: 61.669 Thread 0x00000266e745fbf0 9298       4       jdk.internal.org.objectweb.asm.Frame::execute (2305 bytes)
Event: 61.708 Thread 0x00000266e745fbf0 nmethod 9298 0x00000266f27ca190 code [0x00000266f27cb0e0, 0x00000266f27cc808]
Event: 61.709 Thread 0x00000266e745fbf0 9258       4       java.util.AbstractList$Itr::hasNext (20 bytes)
Event: 61.709 Thread 0x00000266e745fbf0 nmethod 9258 0x00000266f27ce910 code [0x00000266f27ceaa0, 0x00000266f27ceb60]
Event: 61.709 Thread 0x00000266e745fbf0 9274       4       java.lang.invoke.MemberName::getMethodOrFieldType (72 bytes)
Event: 61.718 Thread 0x00000266e745fbf0 nmethod 9274 0x00000266f27cec10 code [0x00000266f27cee20, 0x00000266f27cf460]
Event: 61.718 Thread 0x00000266e745fbf0 9287       4       java.lang.invoke.LambdaForm$BasicType::basicType (8 bytes)
Event: 61.720 Thread 0x00000266e745fbf0 nmethod 9287 0x00000266f27cf910 code [0x00000266f27cfac0, 0x00000266f27cfc68]
Event: 61.720 Thread 0x00000266e745fbf0 9271       4       jdk.internal.org.objectweb.asm.ByteVector::put122 (93 bytes)
Event: 61.723 Thread 0x00000266e745fbf0 nmethod 9271 0x00000266f27cfe10 code [0x00000266f27cffc0, 0x00000266f27d01e0]
Event: 61.723 Thread 0x00000266e745fbf0 9273       4       java.lang.invoke.MethodHandle::asTypeCached (52 bytes)
Event: 61.724 Thread 0x00000266e745fbf0 nmethod 9273 0x00000266f27d0310 code [0x00000266f27d04a0, 0x00000266f27d0560]
Event: 61.724 Thread 0x00000266e745fbf0 9275       4       java.lang.invoke.MethodHandle::setAsTypeCache (33 bytes)
Event: 61.748 Thread 0x00000266e745fbf0 nmethod 9275 0x00000266f27d0610 code [0x00000266f27d0880, 0x00000266f27d11c8]
Event: 61.748 Thread 0x00000266e745fbf0 9270       4       java.lang.ref.Reference::enqueueFromPending (19 bytes)
Event: 61.764 Thread 0x00000266e745fbf0 nmethod 9270 0x00000266f27d1a10 code [0x00000266f27d1c80, 0x00000266f27d25d8]
Event: 61.764 Thread 0x00000266e745fbf0 9254       4       org.lombokweb.asm.Label::put (83 bytes)
Event: 61.787 Thread 0x00000266e745fbf0 nmethod 9254 0x00000266f27d2c90 code [0x00000266f27d2ea0, 0x00000266f27d3630]
Event: 61.787 Thread 0x00000266e745fbf0 9276       4       jdk.internal.org.objectweb.asm.MethodWriter::visitCode (1 bytes)
Event: 61.788 Thread 0x00000266e745fbf0 nmethod 9276 0x00000266f27d3a90 code [0x00000266f27d3c20, 0x00000266f27d3ca8]

GC Heap History (20 events):
Event: 57.960 GC heap before
{Heap before GC invocations=479 (full 3):
 PSYoungGen      total 3072K, used 2688K [0x00000000d5580000, 0x00000000d5a80000, 0x0000000100000000)
  eden space 2560K, 100% used [0x00000000d5580000,0x00000000d5800000,0x00000000d5800000)
  from space 512K, 25% used [0x00000000d5980000,0x00000000d59a0000,0x00000000d5a00000)
  to   space 512K, 0% used [0x00000000d5a00000,0x00000000d5a00000,0x00000000d5a80000)
 ParOldGen       total 435712K, used 435606K [0x0000000080000000, 0x000000009a980000, 0x00000000d5580000)
  object space 435712K, 99% used [0x0000000080000000,0x000000009a965a60,0x000000009a980000)
 Metaspace       used 62364K, committed 63680K, reserved 1114112K
  class space    used 6685K, committed 7232K, reserved 1048576K
}
Event: 57.963 GC heap after
{Heap after GC invocations=479 (full 3):
 PSYoungGen      total 3072K, used 496K [0x00000000d5580000, 0x00000000d5b00000, 0x0000000100000000)
  eden space 2560K, 0% used [0x00000000d5580000,0x00000000d5580000,0x00000000d5800000)
  from space 512K, 96% used [0x00000000d5a00000,0x00000000d5a7c098,0x00000000d5a80000)
  to   space 1536K, 0% used [0x00000000d5800000,0x00000000d5800000,0x00000000d5980000)
 ParOldGen       total 436224K, used 436110K [0x0000000080000000, 0x000000009aa00000, 0x00000000d5580000)
  object space 436224K, 99% used [0x0000000080000000,0x000000009a9e3998,0x000000009aa00000)
 Metaspace       used 62364K, committed 63680K, reserved 1114112K
  class space    used 6685K, committed 7232K, reserved 1048576K
}
Event: 58.064 GC heap before
{Heap before GC invocations=480 (full 3):
 PSYoungGen      total 3072K, used 3056K [0x00000000d5580000, 0x00000000d5b00000, 0x0000000100000000)
  eden space 2560K, 100% used [0x00000000d5580000,0x00000000d5800000,0x00000000d5800000)
  from space 512K, 96% used [0x00000000d5a00000,0x00000000d5a7c098,0x00000000d5a80000)
  to   space 1536K, 0% used [0x00000000d5800000,0x00000000d5800000,0x00000000d5980000)
 ParOldGen       total 436224K, used 436110K [0x0000000080000000, 0x000000009aa00000, 0x00000000d5580000)
  object space 436224K, 99% used [0x0000000080000000,0x000000009a9e3998,0x000000009aa00000)
 Metaspace       used 62369K, committed 63680K, reserved 1114112K
  class space    used 6685K, committed 7232K, reserved 1048576K
}
Event: 58.068 GC heap after
{Heap after GC invocations=480 (full 3):
 PSYoungGen      total 4096K, used 647K [0x00000000d5580000, 0x00000000d5a80000, 0x0000000100000000)
  eden space 2560K, 0% used [0x00000000d5580000,0x00000000d5580000,0x00000000d5800000)
  from space 1536K, 42% used [0x00000000d5800000,0x00000000d58a1c18,0x00000000d5980000)
  to   space 1024K, 0% used [0x00000000d5980000,0x00000000d5980000,0x00000000d5a80000)
 ParOldGen       total 436736K, used 436457K [0x0000000080000000, 0x000000009aa80000, 0x00000000d5580000)
  object space 436736K, 99% used [0x0000000080000000,0x000000009aa3a6d8,0x000000009aa80000)
 Metaspace       used 62369K, committed 63680K, reserved 1114112K
  class space    used 6685K, committed 7232K, reserved 1048576K
}
Event: 58.145 GC heap before
{Heap before GC invocations=481 (full 3):
 PSYoungGen      total 4096K, used 3207K [0x00000000d5580000, 0x00000000d5a80000, 0x0000000100000000)
  eden space 2560K, 100% used [0x00000000d5580000,0x00000000d5800000,0x00000000d5800000)
  from space 1536K, 42% used [0x00000000d5800000,0x00000000d58a1c18,0x00000000d5980000)
  to   space 1024K, 0% used [0x00000000d5980000,0x00000000d5980000,0x00000000d5a80000)
 ParOldGen       total 436736K, used 436457K [0x0000000080000000, 0x000000009aa80000, 0x00000000d5580000)
  object space 436736K, 99% used [0x0000000080000000,0x000000009aa3a6d8,0x000000009aa80000)
 Metaspace       used 62535K, committed 63808K, reserved 1114112K
  class space    used 6694K, committed 7232K, reserved 1048576K
}
Event: 58.148 GC heap after
{Heap after GC invocations=481 (full 3):
 PSYoungGen      total 3072K, used 96K [0x00000000d5580000, 0x00000000d5a00000, 0x0000000100000000)
  eden space 2560K, 0% used [0x00000000d5580000,0x00000000d5580000,0x00000000d5800000)
  from space 512K, 18% used [0x00000000d5980000,0x00000000d5998000,0x00000000d5a00000)
  to   space 512K, 0% used [0x00000000d5900000,0x00000000d5900000,0x00000000d5980000)
 ParOldGen       total 436736K, used 436473K [0x0000000080000000, 0x000000009aa80000, 0x00000000d5580000)
  object space 436736K, 99% used [0x0000000080000000,0x000000009aa3e6d8,0x000000009aa80000)
 Metaspace       used 62535K, committed 63808K, reserved 1114112K
  class space    used 6694K, committed 7232K, reserved 1048576K
}
Event: 58.273 GC heap before
{Heap before GC invocations=482 (full 3):
 PSYoungGen      total 3072K, used 2656K [0x00000000d5580000, 0x00000000d5a00000, 0x0000000100000000)
  eden space 2560K, 100% used [0x00000000d5580000,0x00000000d5800000,0x00000000d5800000)
  from space 512K, 18% used [0x00000000d5980000,0x00000000d5998000,0x00000000d5a00000)
  to   space 512K, 0% used [0x00000000d5900000,0x00000000d5900000,0x00000000d5980000)
 ParOldGen       total 436736K, used 436473K [0x0000000080000000, 0x000000009aa80000, 0x00000000d5580000)
  object space 436736K, 99% used [0x0000000080000000,0x000000009aa3e6d8,0x000000009aa80000)
 Metaspace       used 62716K, committed 64000K, reserved 1114112K
  class space    used 6709K, committed 7232K, reserved 1048576K
}
Event: 58.276 GC heap after
{Heap after GC invocations=482 (full 3):
 PSYoungGen      total 3072K, used 128K [0x00000000d5580000, 0x00000000d5a00000, 0x0000000100000000)
  eden space 2560K, 0% used [0x00000000d5580000,0x00000000d5580000,0x00000000d5800000)
  from space 512K, 25% used [0x00000000d5900000,0x00000000d5920000,0x00000000d5980000)
  to   space 512K, 0% used [0x00000000d5980000,0x00000000d5980000,0x00000000d5a00000)
 ParOldGen       total 436736K, used 436497K [0x0000000080000000, 0x000000009aa80000, 0x00000000d5580000)
  object space 436736K, 99% used [0x0000000080000000,0x000000009aa446d8,0x000000009aa80000)
 Metaspace       used 62716K, committed 64000K, reserved 1114112K
  class space    used 6709K, committed 7232K, reserved 1048576K
}
Event: 59.900 GC heap before
{Heap before GC invocations=483 (full 3):
 PSYoungGen      total 3072K, used 2688K [0x00000000d5580000, 0x00000000d5a00000, 0x0000000100000000)
  eden space 2560K, 100% used [0x00000000d5580000,0x00000000d5800000,0x00000000d5800000)
  from space 512K, 25% used [0x00000000d5900000,0x00000000d5920000,0x00000000d5980000)
  to   space 512K, 0% used [0x00000000d5980000,0x00000000d5980000,0x00000000d5a00000)
 ParOldGen       total 436736K, used 436497K [0x0000000080000000, 0x000000009aa80000, 0x00000000d5580000)
  object space 436736K, 99% used [0x0000000080000000,0x000000009aa446d8,0x000000009aa80000)
 Metaspace       used 62768K, committed 64064K, reserved 1114112K
  class space    used 6712K, committed 7232K, reserved 1048576K
}
Event: 59.904 GC heap after
{Heap after GC invocations=483 (full 3):
 PSYoungGen      total 3072K, used 512K [0x00000000d5580000, 0x00000000d5b00000, 0x0000000100000000)
  eden space 2560K, 0% used [0x00000000d5580000,0x00000000d5580000,0x00000000d5800000)
  from space 512K, 100% used [0x00000000d5980000,0x00000000d5a00000,0x00000000d5a00000)
  to   space 1536K, 0% used [0x00000000d5800000,0x00000000d5800000,0x00000000d5980000)
 ParOldGen       total 437248K, used 437185K [0x0000000080000000, 0x000000009ab00000, 0x00000000d5580000)
  object space 437248K, 99% used [0x0000000080000000,0x000000009aaf06f8,0x000000009ab00000)
 Metaspace       used 62768K, committed 64064K, reserved 1114112K
  class space    used 6712K, committed 7232K, reserved 1048576K
}
Event: 60.069 GC heap before
{Heap before GC invocations=484 (full 3):
 PSYoungGen      total 3072K, used 3072K [0x00000000d5580000, 0x00000000d5b00000, 0x0000000100000000)
  eden space 2560K, 100% used [0x00000000d5580000,0x00000000d5800000,0x00000000d5800000)
  from space 512K, 100% used [0x00000000d5980000,0x00000000d5a00000,0x00000000d5a00000)
  to   space 1536K, 0% used [0x00000000d5800000,0x00000000d5800000,0x00000000d5980000)
 ParOldGen       total 437248K, used 437185K [0x0000000080000000, 0x000000009ab00000, 0x00000000d5580000)
  object space 437248K, 99% used [0x0000000080000000,0x000000009aaf06f8,0x000000009ab00000)
 Metaspace       used 63042K, committed 64384K, reserved 1114112K
  class space    used 6745K, committed 7296K, reserved 1048576K
}
Event: 60.074 GC heap after
{Heap after GC invocations=484 (full 3):
 PSYoungGen      total 3072K, used 224K [0x00000000d5580000, 0x00000000d5a00000, 0x0000000100000000)
  eden space 2560K, 0% used [0x00000000d5580000,0x00000000d5580000,0x00000000d5800000)
  from space 512K, 43% used [0x00000000d5800000,0x00000000d5838000,0x00000000d5880000)
  to   space 1024K, 0% used [0x00000000d5900000,0x00000000d5900000,0x00000000d5a00000)
 ParOldGen       total 437760K, used 437635K [0x0000000080000000, 0x000000009ab80000, 0x00000000d5580000)
  object space 437760K, 99% used [0x0000000080000000,0x000000009ab60ef8,0x000000009ab80000)
 Metaspace       used 63042K, committed 64384K, reserved 1114112K
  class space    used 6745K, committed 7296K, reserved 1048576K
}
Event: 60.203 GC heap before
{Heap before GC invocations=485 (full 3):
 PSYoungGen      total 3072K, used 2784K [0x00000000d5580000, 0x00000000d5a00000, 0x0000000100000000)
  eden space 2560K, 100% used [0x00000000d5580000,0x00000000d5800000,0x00000000d5800000)
  from space 512K, 43% used [0x00000000d5800000,0x00000000d5838000,0x00000000d5880000)
  to   space 1024K, 0% used [0x00000000d5900000,0x00000000d5900000,0x00000000d5a00000)
 ParOldGen       total 437760K, used 437635K [0x0000000080000000, 0x000000009ab80000, 0x00000000d5580000)
  object space 437760K, 99% used [0x0000000080000000,0x000000009ab60ef8,0x000000009ab80000)
 Metaspace       used 63346K, committed 64640K, reserved 1114112K
  class space    used 6779K, committed 7296K, reserved 1048576K
}
Event: 60.206 GC heap after
{Heap after GC invocations=485 (full 3):
 PSYoungGen      total 3584K, used 492K [0x00000000d5580000, 0x00000000d5a00000, 0x0000000100000000)
  eden space 2560K, 0% used [0x00000000d5580000,0x00000000d5580000,0x00000000d5800000)
  from space 1024K, 48% used [0x00000000d5900000,0x00000000d597b078,0x00000000d5a00000)
  to   space 1024K, 0% used [0x00000000d5800000,0x00000000d5800000,0x00000000d5900000)
 ParOldGen       total 438272K, used 437787K [0x0000000080000000, 0x000000009ac00000, 0x00000000d5580000)
  object space 438272K, 99% used [0x0000000080000000,0x000000009ab86ef8,0x000000009ac00000)
 Metaspace       used 63346K, committed 64640K, reserved 1114112K
  class space    used 6779K, committed 7296K, reserved 1048576K
}
Event: 60.396 GC heap before
{Heap before GC invocations=486 (full 3):
 PSYoungGen      total 3584K, used 3003K [0x00000000d5580000, 0x00000000d5a00000, 0x0000000100000000)
  eden space 2560K, 98% used [0x00000000d5580000,0x00000000d57f3e50,0x00000000d5800000)
  from space 1024K, 48% used [0x00000000d5900000,0x00000000d597b078,0x00000000d5a00000)
  to   space 1024K, 0% used [0x00000000d5800000,0x00000000d5800000,0x00000000d5900000)
 ParOldGen       total 438272K, used 437787K [0x0000000080000000, 0x000000009ac00000, 0x00000000d5580000)
  object space 438272K, 99% used [0x0000000080000000,0x000000009ab86ef8,0x000000009ac00000)
 Metaspace       used 63647K, committed 64960K, reserved 1114112K
  class space    used 6825K, committed 7360K, reserved 1048576K
}
Event: 60.402 GC heap after
{Heap after GC invocations=486 (full 3):
 PSYoungGen      total 3584K, used 248K [0x00000000d5580000, 0x00000000d5980000, 0x0000000100000000)
  eden space 2560K, 0% used [0x00000000d5580000,0x00000000d5580000,0x00000000d5800000)
  from space 1024K, 24% used [0x00000000d5800000,0x00000000d583e0d8,0x00000000d5900000)
  to   space 512K, 0% used [0x00000000d5900000,0x00000000d5900000,0x00000000d5980000)
 ParOldGen       total 438272K, used 438011K [0x0000000080000000, 0x000000009ac00000, 0x00000000d5580000)
  object space 438272K, 99% used [0x0000000080000000,0x000000009abbeef8,0x000000009ac00000)
 Metaspace       used 63647K, committed 64960K, reserved 1114112K
  class space    used 6825K, committed 7360K, reserved 1048576K
}
Event: 61.045 GC heap before
{Heap before GC invocations=487 (full 3):
 PSYoungGen      total 3584K, used 2808K [0x00000000d5580000, 0x00000000d5980000, 0x0000000100000000)
  eden space 2560K, 100% used [0x00000000d5580000,0x00000000d5800000,0x00000000d5800000)
  from space 1024K, 24% used [0x00000000d5800000,0x00000000d583e0d8,0x00000000d5900000)
  to   space 512K, 0% used [0x00000000d5900000,0x00000000d5900000,0x00000000d5980000)
 ParOldGen       total 438272K, used 438011K [0x0000000080000000, 0x000000009ac00000, 0x00000000d5580000)
  object space 438272K, 99% used [0x0000000080000000,0x000000009abbeef8,0x000000009ac00000)
 Metaspace       used 63989K, committed 65408K, reserved 1114112K
  class space    used 6855K, committed 7424K, reserved 1048576K
}
Event: 61.051 GC heap after
{Heap after GC invocations=487 (full 3):
 PSYoungGen      total 3072K, used 256K [0x00000000d5580000, 0x00000000d5980000, 0x0000000100000000)
  eden space 2560K, 0% used [0x00000000d5580000,0x00000000d5580000,0x00000000d5800000)
  from space 512K, 50% used [0x00000000d5900000,0x00000000d5940000,0x00000000d5980000)
  to   space 512K, 0% used [0x00000000d5880000,0x00000000d5880000,0x00000000d5900000)
 ParOldGen       total 438272K, used 438139K [0x0000000080000000, 0x000000009ac00000, 0x00000000d5580000)
  object space 438272K, 99% used [0x0000000080000000,0x000000009abdeef8,0x000000009ac00000)
 Metaspace       used 63989K, committed 65408K, reserved 1114112K
  class space    used 6855K, committed 7424K, reserved 1048576K
}
Event: 61.267 GC heap before
{Heap before GC invocations=488 (full 3):
 PSYoungGen      total 3072K, used 2815K [0x00000000d5580000, 0x00000000d5980000, 0x0000000100000000)
  eden space 2560K, 99% used [0x00000000d5580000,0x00000000d57fff88,0x00000000d5800000)
  from space 512K, 50% used [0x00000000d5900000,0x00000000d5940000,0x00000000d5980000)
  to   space 512K, 0% used [0x00000000d5880000,0x00000000d5880000,0x00000000d5900000)
 ParOldGen       total 438272K, used 438139K [0x0000000080000000, 0x000000009ac00000, 0x00000000d5580000)
  object space 438272K, 99% used [0x0000000080000000,0x000000009abdeef8,0x000000009ac00000)
 Metaspace       used 64452K, committed 65792K, reserved 1114112K
  class space    used 6948K, committed 7488K, reserved 1048576K
}
Event: 61.273 GC heap after
{Heap after GC invocations=488 (full 3):
 PSYoungGen      total 3072K, used 256K [0x00000000d5580000, 0x00000000d5980000, 0x0000000100000000)
  eden space 2560K, 0% used [0x00000000d5580000,0x00000000d5580000,0x00000000d5800000)
  from space 512K, 50% used [0x00000000d5880000,0x00000000d58c0000,0x00000000d5900000)
  to   space 512K, 0% used [0x00000000d5900000,0x00000000d5900000,0x00000000d5980000)
 ParOldGen       total 438272K, used 438231K [0x0000000080000000, 0x000000009ac00000, 0x00000000d5580000)
  object space 438272K, 99% used [0x0000000080000000,0x000000009abf5f08,0x000000009ac00000)
 Metaspace       used 64452K, committed 65792K, reserved 1114112K
  class space    used 6948K, committed 7488K, reserved 1048576K
}

Dll operation events (10 events):
Event: 0.022 Loaded shared library c:\Users\wenbl\.vscode\extensions\redhat.java-1.54.0-win32-x64\jre\21.0.10-win32-x86_64\bin\java.dll
Event: 0.140 Loaded shared library c:\Users\wenbl\.vscode\extensions\redhat.java-1.54.0-win32-x64\jre\21.0.10-win32-x86_64\bin\zip.dll
Event: 0.176 Loaded shared library C:\Users\wenbl\.vscode\extensions\redhat.java-1.54.0-win32-x64\jre\21.0.10-win32-x86_64\bin\instrument.dll
Event: 0.187 Loaded shared library C:\Users\wenbl\.vscode\extensions\redhat.java-1.54.0-win32-x64\jre\21.0.10-win32-x86_64\bin\net.dll
Event: 0.190 Loaded shared library C:\Users\wenbl\.vscode\extensions\redhat.java-1.54.0-win32-x64\jre\21.0.10-win32-x86_64\bin\nio.dll
Event: 0.197 Loaded shared library C:\Users\wenbl\.vscode\extensions\redhat.java-1.54.0-win32-x64\jre\21.0.10-win32-x86_64\bin\zip.dll
Event: 0.224 Loaded shared library C:\Users\wenbl\.vscode\extensions\redhat.java-1.54.0-win32-x64\jre\21.0.10-win32-x86_64\bin\jimage.dll
Event: 0.377 Loaded shared library c:\Users\wenbl\.vscode\extensions\redhat.java-1.54.0-win32-x64\jre\21.0.10-win32-x86_64\bin\verify.dll
Event: 5.123 Loaded shared library C:\Users\wenbl\AppData\Roaming\Code\User\globalStorage\redhat.java\1.54.0\config_win\org.eclipse.equinox.launcher\org.eclipse.equinox.launcher.win32.win32.x86_64_1.3.0.v20260203-2149\eclipse_11919.dll
Event: 14.416 Loaded shared library C:\Users\wenbl\AppData\Local\Temp\jna-113016746\jna16660816157724382764.dll

Deoptimization events (20 events):
Event: 60.183 Thread 0x00000266c62c6aa0 DEOPT PACKING pc=0x00000266eb06f7c8 sp=0x000000ef4f5fd980
Event: 60.183 Thread 0x00000266c62c6aa0 DEOPT UNPACKING pc=0x00000266f1ce4242 sp=0x000000ef4f5fce38 mode 0
Event: 60.685 Thread 0x00000266c62c6aa0 Uncommon trap: trap_request=0xffffff45 fr.pc=0x00000266f2765ed0 relative=0x0000000000000f90
Event: 60.685 Thread 0x00000266c62c6aa0 Uncommon trap: reason=unstable_if action=reinterpret pc=0x00000266f2765ed0 method=jdk.internal.reflect.Reflection.verifyMemberAccess(Ljava/lang/Class;Ljava/lang/Class;Ljava/lang/Class;I)Z @ 67 c2
Event: 60.685 Thread 0x00000266c62c6aa0 DEOPT PACKING pc=0x00000266f2765ed0 sp=0x000000ef4f5fe0a0
Event: 60.685 Thread 0x00000266c62c6aa0 DEOPT UNPACKING pc=0x00000266f1ce3aa2 sp=0x000000ef4f5fdf48 mode 2
Event: 60.690 Thread 0x00000266c62c6aa0 Uncommon trap: trap_request=0xffffff45 fr.pc=0x00000266f2768638 relative=0x0000000000000c98
Event: 60.690 Thread 0x00000266c62c6aa0 Uncommon trap: reason=unstable_if action=reinterpret pc=0x00000266f2768638 method=jdk.internal.reflect.Reflection.verifyMemberAccess(Ljava/lang/Class;Ljava/lang/Class;Ljava/lang/Class;I)Z @ 67 c2
Event: 60.690 Thread 0x00000266c62c6aa0 DEOPT PACKING pc=0x00000266f2768638 sp=0x000000ef4f5fe000
Event: 60.690 Thread 0x00000266c62c6aa0 DEOPT UNPACKING pc=0x00000266f1ce3aa2 sp=0x000000ef4f5fdf38 mode 2
Event: 60.721 Thread 0x00000266c62c6aa0 DEOPT PACKING pc=0x00000266eb3ae263 sp=0x000000ef4f5f68d0
Event: 60.721 Thread 0x00000266c62c6aa0 DEOPT UNPACKING pc=0x00000266f1ce4242 sp=0x000000ef4f5f5fe0 mode 0
Event: 61.214 Thread 0x00000266c62c6aa0 Uncommon trap: trap_request=0xffffff45 fr.pc=0x00000266f277b324 relative=0x0000000000000be4
Event: 61.214 Thread 0x00000266c62c6aa0 Uncommon trap: reason=unstable_if action=reinterpret pc=0x00000266f277b324 method=java.util.regex.Pattern.newSlice([IIZ)Ljava/util/regex/Pattern$Node; @ 19 c2
Event: 61.215 Thread 0x00000266c62c6aa0 DEOPT PACKING pc=0x00000266f277b324 sp=0x000000ef4f5fcb10
Event: 61.215 Thread 0x00000266c62c6aa0 DEOPT UNPACKING pc=0x00000266f1ce3aa2 sp=0x000000ef4f5fca20 mode 2
Event: 61.353 Thread 0x00000266c62c6aa0 Uncommon trap: trap_request=0xffffffde fr.pc=0x00000266f2287518 relative=0x0000000000000078
Event: 61.354 Thread 0x00000266c62c6aa0 Uncommon trap: reason=class_check action=maybe_recompile pc=0x00000266f2287518 method=java.util.LinkedHashMap.afterNodeInsertion(Z)V @ 15 c2
Event: 61.354 Thread 0x00000266c62c6aa0 DEOPT PACKING pc=0x00000266f2287518 sp=0x000000ef4f5fe850
Event: 61.354 Thread 0x00000266c62c6aa0 DEOPT UNPACKING pc=0x00000266f1ce3aa2 sp=0x000000ef4f5fe7c8 mode 2

Classes loaded (20 events):
Event: 53.304 Loading class java/util/HashMap$EntrySpliterator
Event: 53.305 Loading class java/util/HashMap$EntrySpliterator done
Event: 54.313 Loading class java/util/LinkedList$LLSpliterator
Event: 54.315 Loading class java/util/LinkedList$LLSpliterator done
Event: 59.918 Loading class jdk/internal/ref/CleanerImpl$InnocuousThreadFactory
Event: 59.920 Loading class jdk/internal/ref/CleanerImpl$InnocuousThreadFactory done
Event: 60.134 Loading class java/util/stream/ReferencePipeline$4
Event: 60.138 Loading class java/util/stream/ReferencePipeline$4 done
Event: 60.140 Loading class java/util/stream/Nodes$IntFixedNodeBuilder
Event: 60.141 Loading class java/util/stream/Node$Builder$OfInt
Event: 60.144 Loading class java/util/stream/Node$Builder$OfInt done
Event: 60.144 Loading class java/util/stream/Nodes$IntArrayNode
Event: 60.144 Loading class java/util/stream/Nodes$IntArrayNode done
Event: 60.145 Loading class java/util/stream/Nodes$IntFixedNodeBuilder done
Event: 60.145 Loading class java/util/stream/ReferencePipeline$4$1
Event: 60.145 Loading class java/util/stream/ReferencePipeline$4$1 done
Event: 61.233 Loading class java/util/regex/Pattern$Behind
Event: 61.234 Loading class java/util/regex/Pattern$Behind done
Event: 61.235 Loading class java/util/regex/Pattern$Neg
Event: 61.236 Loading class java/util/regex/Pattern$Neg done

Classes unloaded (12 events):
Event: 15.615 Thread 0x00000266e761d050 Unloading class 0x00000266811ad400 'java/lang/invoke/LambdaForm$MH+0x00000266811ad400'
Event: 15.615 Thread 0x00000266e761d050 Unloading class 0x00000266811ad000 'java/lang/invoke/LambdaForm$MH+0x00000266811ad000'
Event: 15.615 Thread 0x00000266e761d050 Unloading class 0x00000266811acc00 'java/lang/invoke/LambdaForm$MH+0x00000266811acc00'
Event: 15.615 Thread 0x00000266e761d050 Unloading class 0x00000266811ac800 'java/lang/invoke/LambdaForm$MH+0x00000266811ac800'
Event: 15.615 Thread 0x00000266e761d050 Unloading class 0x00000266811ac400 'java/lang/invoke/LambdaForm$BMH+0x00000266811ac400'
Event: 15.615 Thread 0x00000266e761d050 Unloading class 0x00000266811ac000 'java/lang/invoke/LambdaForm$DMH+0x00000266811ac000'
Event: 15.615 Thread 0x00000266e761d050 Unloading class 0x00000266811aac00 'java/lang/invoke/LambdaForm$DMH+0x00000266811aac00'
Event: 19.823 Thread 0x00000266e761d050 Unloading class 0x00000266812d0400 'java/lang/invoke/LambdaForm$MH+0x00000266812d0400'
Event: 19.823 Thread 0x00000266e761d050 Unloading class 0x00000266812cf400 'java/lang/invoke/LambdaForm$MH+0x00000266812cf400'
Event: 19.823 Thread 0x00000266e761d050 Unloading class 0x00000266812cf000 'java/lang/invoke/LambdaForm$MH+0x00000266812cf000'
Event: 19.823 Thread 0x00000266e761d050 Unloading class 0x00000266812ce800 'java/lang/invoke/LambdaForm$DMH+0x00000266812ce800'
Event: 19.823 Thread 0x00000266e761d050 Unloading class 0x00000266812cdc00 'java/lang/invoke/LambdaForm$MH+0x00000266812cdc00'

Classes redefined (0 events):
No events

Internal exceptions (20 events):
Event: 53.232 Thread 0x00000266e74ca2c0 Exception <a 'sun/nio/fs/WindowsException'{0x00000000d55c2760}> (0x00000000d55c2760) 
thrown [s\src\hotspot\share\prims\jni.cpp, line 520]
Event: 53.234 Thread 0x00000266e74ca2c0 Exception <a 'sun/nio/fs/WindowsException'{0x00000000d55c3c20}> (0x00000000d55c3c20) 
thrown [s\src\hotspot\share\prims\jni.cpp, line 520]
Event: 53.234 Thread 0x00000266e74ca2c0 Exception <a 'sun/nio/fs/WindowsException'{0x00000000d55c4500}> (0x00000000d55c4500) 
thrown [s\src\hotspot\share\prims\jni.cpp, line 520]
Event: 53.249 Thread 0x00000266e74ca2c0 Exception <a 'java/io/FileNotFoundException'{0x00000000d55e61f0}> (0x00000000d55e61f0) 
thrown [s\src\hotspot\share\prims\jni.cpp, line 520]
Event: 53.249 Thread 0x00000266e74ca2c0 Exception <a 'java/io/FileNotFoundException'{0x00000000d5767968}> (0x00000000d5767968) 
thrown [s\src\hotspot\share\prims\jni.cpp, line 520]
Event: 53.269 Thread 0x00000266e74ca2c0 Exception <a 'sun/nio/fs/WindowsException'{0x00000000d55bc528}> (0x00000000d55bc528) 
thrown [s\src\hotspot\share\prims\jni.cpp, line 520]
Event: 53.269 Thread 0x00000266e74ca2c0 Exception <a 'sun/nio/fs/WindowsException'{0x00000000d55bce08}> (0x00000000d55bce08) 
thrown [s\src\hotspot\share\prims\jni.cpp, line 520]
Event: 53.270 Thread 0x00000266e74ca2c0 Exception <a 'sun/nio/fs/WindowsException'{0x00000000d55be2c0}> (0x00000000d55be2c0) 
thrown [s\src\hotspot\share\prims\jni.cpp, line 520]
Event: 53.271 Thread 0x00000266e74ca2c0 Exception <a 'sun/nio/fs/WindowsException'{0x00000000d55beba0}> (0x00000000d55beba0) 
thrown [s\src\hotspot\share\prims\jni.cpp, line 520]
Event: 53.272 Thread 0x00000266c62ca5b0 Implicit null exception at 0x00000266f25c475a to 0x00000266f25c47b3
Event: 54.141 Thread 0x00000266c62c9f20 Exception <a 'sun/nio/fs/WindowsException'{0x00000000d56738f0}> (0x00000000d56738f0) 
thrown [s\src\hotspot\share\prims\jni.cpp, line 520]
Event: 54.142 Thread 0x00000266c62c9f20 Exception <a 'sun/nio/fs/WindowsException'{0x00000000d56744a0}> (0x00000000d56744a0) 
thrown [s\src\hotspot\share\prims\jni.cpp, line 520]
Event: 54.146 Thread 0x00000266c62c9f20 Exception <a 'sun/nio/fs/WindowsException'{0x00000000d5677270}> (0x00000000d5677270) 
thrown [s\src\hotspot\share\prims\jni.cpp, line 520]
Event: 54.147 Thread 0x00000266c62c9f20 Exception <a 'sun/nio/fs/WindowsException'{0x00000000d5677e00}> (0x00000000d5677e00) 
thrown [s\src\hotspot\share\prims\jni.cpp, line 520]
Event: 54.149 Thread 0x00000266c62c9f20 Exception <a 'sun/nio/fs/WindowsException'{0x00000000d567b368}> (0x00000000d567b368) 
thrown [s\src\hotspot\share\prims\jni.cpp, line 520]
Event: 54.149 Thread 0x00000266c62c9f20 Exception <a 'sun/nio/fs/WindowsException'{0x00000000d567bef8}> (0x00000000d567bef8) 
thrown [s\src\hotspot\share\prims\jni.cpp, line 520]
Event: 54.150 Thread 0x00000266c62c9f20 Exception <a 'sun/nio/fs/WindowsException'{0x00000000d567d690}> (0x00000000d567d690) 
thrown [s\src\hotspot\share\prims\jni.cpp, line 520]
Event: 54.150 Thread 0x00000266c62c9f20 Exception <a 'sun/nio/fs/WindowsException'{0x00000000d567df70}> (0x00000000d567df70) 
thrown [s\src\hotspot\share\prims\jni.cpp, line 520]
Event: 54.237 Thread 0x00000266c62c6aa0 Implicit null exception at 0x00000266f264f0e3 to 0x00000266f264f724
Event: 61.036 Thread 0x00000266c62c6aa0 Exception <a 'java/lang/NoSuchMethodError'{0x00000000d57ed2f0}: 'void java.lang.invoke.DirectMethodHandle$Holder.invokeSpecial(java.lang.Object, java.lang.Object, int)'> (0x00000000d57ed2f0) 
thrown [s\src\hotspot\share\interpreter\linkResolver.cpp, line 773]

ZGC Phase Switch (0 events):
No events

VM Operations (20 events):
Event: 59.899 Executing safepoint VM operation: ParallelGCFailedAllocation (Allocation Failure)
Event: 59.904 Executing safepoint VM operation: ParallelGCFailedAllocation (Allocation Failure) done
Event: 60.069 Executing safepoint VM operation: ParallelGCFailedAllocation (Allocation Failure)
Event: 60.074 Executing safepoint VM operation: ParallelGCFailedAllocation (Allocation Failure) done
Event: 60.203 Executing safepoint VM operation: ParallelGCFailedAllocation (Allocation Failure)
Event: 60.206 Executing safepoint VM operation: ParallelGCFailedAllocation (Allocation Failure) done
Event: 60.231 Executing non-safepoint VM operation: HandshakeAllThreads (HandshakeForDeflation)
Event: 60.247 Executing non-safepoint VM operation: HandshakeAllThreads (HandshakeForDeflation) done
Event: 60.248 Executing non-safepoint VM operation: RendezvousGCThreads
Event: 60.248 Executing non-safepoint VM operation: RendezvousGCThreads done
Event: 60.396 Executing safepoint VM operation: ParallelGCFailedAllocation (Allocation Failure)
Event: 60.402 Executing safepoint VM operation: ParallelGCFailedAllocation (Allocation Failure) done
Event: 60.782 Executing non-safepoint VM operation: HandshakeAllThreads (Deoptimize)
Event: 60.782 Executing non-safepoint VM operation: HandshakeAllThreads (Deoptimize) done
Event: 61.045 Executing safepoint VM operation: ParallelGCFailedAllocation (Allocation Failure)
Event: 61.051 Executing safepoint VM operation: ParallelGCFailedAllocation (Allocation Failure) done
Event: 61.267 Executing safepoint VM operation: ParallelGCFailedAllocation (Allocation Failure)
Event: 61.273 Executing safepoint VM operation: ParallelGCFailedAllocation (Allocation Failure) done
Event: 62.298 Executing safepoint VM operation: Cleanup
Event: 62.298 Executing safepoint VM operation: Cleanup done

Memory protections (0 events):
No events

Nmethod flushes (20 events):
Event: 29.837 Thread 0x00000266e761d050 flushing  nmethod 0x00000266eb024510
Event: 29.837 Thread 0x00000266e761d050 flushing  nmethod 0x00000266eb02ae10
Event: 29.837 Thread 0x00000266e761d050 flushing  nmethod 0x00000266eb02ca90
Event: 29.837 Thread 0x00000266e761d050 flushing  nmethod 0x00000266eb032210
Event: 29.837 Thread 0x00000266e761d050 flushing  nmethod 0x00000266eb046f10
Event: 29.837 Thread 0x00000266e761d050 flushing  nmethod 0x00000266eb04b510
Event: 29.837 Thread 0x00000266e761d050 flushing  nmethod 0x00000266eb053190
Event: 29.837 Thread 0x00000266e761d050 flushing  nmethod 0x00000266eb066190
Event: 29.837 Thread 0x00000266e761d050 flushing  nmethod 0x00000266eb06b590
Event: 29.837 Thread 0x00000266e761d050 flushing  nmethod 0x00000266eb06c790
Event: 29.837 Thread 0x00000266e761d050 flushing  nmethod 0x00000266eb082c90
Event: 29.837 Thread 0x00000266e761d050 flushing  nmethod 0x00000266eb09e910
Event: 29.837 Thread 0x00000266e761d050 flushing  nmethod 0x00000266eb0b7710
Event: 29.837 Thread 0x00000266e761d050 flushing  nmethod 0x00000266eb0ddf10
Event: 29.837 Thread 0x00000266e761d050 flushing  nmethod 0x00000266eb0def10
Event: 29.837 Thread 0x00000266e761d050 flushing  nmethod 0x00000266eb0df910
Event: 29.837 Thread 0x00000266e761d050 flushing  nmethod 0x00000266eb0dfe90
Event: 29.837 Thread 0x00000266e761d050 flushing  nmethod 0x00000266eb0e1410
Event: 29.837 Thread 0x00000266e761d050 flushing  nmethod 0x00000266eb0e1790
Event: 29.837 Thread 0x00000266e761d050 flushing  nmethod 0x00000266eb0e3a10

Events (20 events):
Event: 20.349 Thread 0x00000266e74c9c30 Thread added: 0x00000266e74ca950
Event: 21.186 Thread 0x00000266e755e2d0 Thread added: 0x00000266c588a1b0
Event: 21.192 Thread 0x00000266e755e2d0 Thread added: 0x00000266c58880e0
Event: 21.193 Thread 0x00000266e755e2d0 Thread added: 0x00000266c5886d30
Event: 21.194 Thread 0x00000266e755e2d0 Thread added: 0x00000266c5889b20
Event: 21.194 Thread 0x00000266e755e2d0 Thread added: 0x00000266c5888770
Event: 21.283 Thread 0x00000266e755e2d0 Thread added: 0x00000266c58873c0
Event: 21.856 Thread 0x00000266e755e2d0 Thread added: 0x00000266c5888e00
Event: 21.856 Thread 0x00000266e755e2d0 Thread added: 0x00000266c5889490
Event: 23.998 Thread 0x00000266e74cbd00 Thread added: 0x00000266c62c4340
Event: 25.955 Thread 0x00000266e74cbd00 Thread added: 0x00000266c62c56f0
Event: 26.493 Thread 0x00000266e74cbd00 Thread added: 0x00000266c62c5d80
Event: 26.493 Thread 0x00000266e74cbd00 Thread added: 0x00000266c62c6410
Event: 26.941 Thread 0x00000266e74cbd00 Thread added: 0x00000266c62c6aa0
Event: 27.647 Thread 0x00000266c62c6aa0 Thread exited: 0x00000266c62c6aa0
Event: 28.991 Thread 0x00000266c5889490 Thread added: 0x00000266c62c6aa0
Event: 52.421 Thread 0x00000266c5889490 Thread added: 0x00000266c62c9f20
Event: 52.431 Thread 0x00000266c62c9f20 Thread added: 0x00000266c62ca5b0
Event: 59.921 Thread 0x00000266c62c6aa0 Thread added: 0x00000266c62c9890
Event: 86.501 Thread 0x00000266c62c56f0 Thread exited: 0x00000266c62c56f0


Dynamic libraries:
0x00007ff7ff700000 - 0x00007ff7ff70e000 	c:\Users\wenbl\.vscode\extensions\redhat.java-1.54.0-win32-x64\jre\21.0.10-win32-x86_64\bin\java.exe
0x00007fff16980000 - 0x00007fff16be6000 	C:\WINDOWS\SYSTEM32\ntdll.dll
0x00007fff15810000 - 0x00007fff158d9000 	C:\WINDOWS\System32\KERNEL32.DLL
0x00007fff13c10000 - 0x00007fff1400a000 	C:\WINDOWS\System32\KERNELBASE.dll
0x00007fff14390000 - 0x00007fff144dc000 	C:\WINDOWS\System32\ucrtbase.dll
0x00007ffef8450000 - 0x00007ffef846e000 	c:\Users\wenbl\.vscode\extensions\redhat.java-1.54.0-win32-x64\jre\21.0.10-win32-x86_64\bin\VCRUNTIME140.dll
0x00007ffef8470000 - 0x00007ffef8488000 	c:\Users\wenbl\.vscode\extensions\redhat.java-1.54.0-win32-x64\jre\21.0.10-win32-x86_64\bin\jli.dll
0x00007fff15240000 - 0x00007fff15407000 	C:\WINDOWS\System32\USER32.dll
0x00007fff14360000 - 0x00007fff14387000 	C:\WINDOWS\System32\win32u.dll
0x00007fff16780000 - 0x00007fff167ab000 	C:\WINDOWS\System32\GDI32.dll
0x00007fff02440000 - 0x00007fff026d2000 	C:\WINDOWS\WinSxS\amd64_microsoft.windows.common-controls_6595b64144ccf1df_6.0.26100.8521_none_3e08b75ce33403b3\COMCTL32.dll
0x00007fff14170000 - 0x00007fff1429b000 	C:\WINDOWS\System32\gdi32full.dll
0x00007fff14d80000 - 0x00007fff14e29000 	C:\WINDOWS\System32\msvcrt.dll
0x00007fff140c0000 - 0x00007fff14163000 	C:\WINDOWS\System32\msvcp_win.dll
0x00007fff16860000 - 0x00007fff16892000 	C:\WINDOWS\System32\IMM32.DLL
0x00007fff0ea80000 - 0x00007fff0ea8c000 	c:\Users\wenbl\.vscode\extensions\redhat.java-1.54.0-win32-x64\jre\21.0.10-win32-x86_64\bin\vcruntime140_1.dll
0x00007ffed40b0000 - 0x00007ffed413d000 	c:\Users\wenbl\.vscode\extensions\redhat.java-1.54.0-win32-x64\jre\21.0.10-win32-x86_64\bin\msvcp140.dll
0x00007ffe2f000000 - 0x00007ffe2fda1000 	c:\Users\wenbl\.vscode\extensions\redhat.java-1.54.0-win32-x64\jre\21.0.10-win32-x86_64\bin\server\jvm.dll
0x00007fff160e0000 - 0x00007fff16196000 	C:\WINDOWS\System32\ADVAPI32.dll
0x00007fff167b0000 - 0x00007fff1685a000 	C:\WINDOWS\System32\sechost.dll
0x00007fff14ef0000 - 0x00007fff15008000 	C:\WINDOWS\System32\RPCRT4.dll
0x00007fff14b80000 - 0x00007fff14c00000 	C:\WINDOWS\System32\WS2_32.dll
0x00007fff13a90000 - 0x00007fff13aee000 	C:\WINDOWS\SYSTEM32\POWRPROF.dll
0x00007fff0b170000 - 0x00007fff0b1a6000 	C:\WINDOWS\SYSTEM32\WINMM.dll
0x00007fff0b1b0000 - 0x00007fff0b1bb000 	C:\WINDOWS\SYSTEM32\VERSION.dll
0x00007fff13a70000 - 0x00007fff13a84000 	C:\WINDOWS\SYSTEM32\UMPDC.dll
0x00007fff129a0000 - 0x00007fff129bb000 	C:\WINDOWS\SYSTEM32\kernel.appcore.dll
0x00007fff06d50000 - 0x00007fff06d5a000 	c:\Users\wenbl\.vscode\extensions\redhat.java-1.54.0-win32-x64\jre\21.0.10-win32-x86_64\bin\jimage.dll
0x00007fff0bbe0000 - 0x00007fff0be22000 	C:\WINDOWS\SYSTEM32\DBGHELP.DLL
0x00007fff162a0000 - 0x00007fff16623000 	C:\WINDOWS\System32\combase.dll
0x00007fff15730000 - 0x00007fff15809000 	C:\WINDOWS\System32\OLEAUT32.dll
0x00007ffef5a30000 - 0x00007ffef5a6b000 	C:\WINDOWS\SYSTEM32\dbgcore.DLL
0x00007fff14010000 - 0x00007fff140b8000 	C:\WINDOWS\System32\bcryptPrimitives.dll
0x00007ffeffea0000 - 0x00007ffeffeaf000 	c:\Users\wenbl\.vscode\extensions\redhat.java-1.54.0-win32-x64\jre\21.0.10-win32-x86_64\bin\instrument.dll
0x00007ffeeff30000 - 0x00007ffeeff50000 	c:\Users\wenbl\.vscode\extensions\redhat.java-1.54.0-win32-x64\jre\21.0.10-win32-x86_64\bin\java.dll
0x00007fff15940000 - 0x00007fff160c4000 	C:\WINDOWS\System32\SHELL32.dll
0x00007fff11810000 - 0x00007fff12090000 	C:\WINDOWS\SYSTEM32\windows.storage.dll
0x00007fff161a0000 - 0x00007fff16296000 	C:\WINDOWS\System32\SHCORE.dll
0x00007fff15420000 - 0x00007fff15487000 	C:\WINDOWS\System32\shlwapi.dll
0x00007fff13b30000 - 0x00007fff13b59000 	C:\WINDOWS\SYSTEM32\profapi.dll
0x00007ffeefce0000 - 0x00007ffeefcf8000 	c:\Users\wenbl\.vscode\extensions\redhat.java-1.54.0-win32-x64\jre\21.0.10-win32-x86_64\bin\zip.dll
0x00007ffef9e00000 - 0x00007ffef9e10000 	C:\Users\wenbl\.vscode\extensions\redhat.java-1.54.0-win32-x64\jre\21.0.10-win32-x86_64\bin\net.dll
0x00007fff08bd0000 - 0x00007fff08cf9000 	C:\WINDOWS\SYSTEM32\WINHTTP.dll
0x00007fff12f10000 - 0x00007fff12f7c000 	C:\WINDOWS\system32\mswsock.dll
0x00007ffeefcc0000 - 0x00007ffeefcd6000 	C:\Users\wenbl\.vscode\extensions\redhat.java-1.54.0-win32-x64\jre\21.0.10-win32-x86_64\bin\nio.dll
0x00007ffef8310000 - 0x00007ffef8320000 	c:\Users\wenbl\.vscode\extensions\redhat.java-1.54.0-win32-x64\jre\21.0.10-win32-x86_64\bin\verify.dll
0x00007ffee7f60000 - 0x00007ffee7fa5000 	C:\Users\wenbl\AppData\Roaming\Code\User\globalStorage\redhat.java\1.54.0\config_win\org.eclipse.equinox.launcher\org.eclipse.equinox.launcher.win32.win32.x86_64_1.3.0.v20260203-2149\eclipse_11919.dll
0x00007fff150a0000 - 0x00007fff15238000 	C:\WINDOWS\System32\ole32.dll
0x00007fff131f0000 - 0x00007fff1320b000 	C:\WINDOWS\SYSTEM32\CRYPTSP.dll
0x00007fff12900000 - 0x00007fff12939000 	C:\WINDOWS\system32\rsaenh.dll
0x00007fff12fc0000 - 0x00007fff12ff3000 	C:\WINDOWS\SYSTEM32\USERENV.dll
0x00007fff13b00000 - 0x00007fff13b2a000 	C:\WINDOWS\SYSTEM32\bcrypt.dll
0x00007fff13210000 - 0x00007fff1321c000 	C:\WINDOWS\SYSTEM32\CRYPTBASE.dll
0x00007fff123a0000 - 0x00007fff123d3000 	C:\WINDOWS\SYSTEM32\IPHLPAPI.DLL
0x00007fff15090000 - 0x00007fff1509a000 	C:\WINDOWS\System32\NSI.dll
0x00007ffed07d0000 - 0x00007ffed0819000 	C:\Users\wenbl\AppData\Local\Temp\jna-113016746\jna16660816157724382764.dll
0x00007fff15410000 - 0x00007fff15418000 	C:\WINDOWS\System32\PSAPI.DLL
0x00007fff08b20000 - 0x00007fff08b3d000 	C:\WINDOWS\SYSTEM32\dhcpcsvc6.DLL
0x00007fff089c0000 - 0x00007fff089e5000 	C:\WINDOWS\SYSTEM32\dhcpcsvc.DLL

JVMTI agents:
c:\Users\wenbl\.vscode\extensions\redhat.java-1.54.0-win32-x64\lombok\lombok-1.18.39-4050.jar path:c:\Users\wenbl\.vscode\extensions\redhat.java-1.54.0-win32-x64\jre\21.0.10-win32-x86_64\bin\instrument.dll, loaded, initialized, instrumentlib options:none

dbghelp: loaded successfully - version: 4.0.5 - missing functions: none
symbol engine: initialized successfully - sym options: 0x614 - pdb path: .;c:\Users\wenbl\.vscode\extensions\redhat.java-1.54.0-win32-x64\jre\21.0.10-win32-x86_64\bin;C:\WINDOWS\SYSTEM32;C:\WINDOWS\WinSxS\amd64_microsoft.windows.common-controls_6595b64144ccf1df_6.0.26100.8521_none_3e08b75ce33403b3;c:\Users\wenbl\.vscode\extensions\redhat.java-1.54.0-win32-x64\jre\21.0.10-win32-x86_64\bin\server;C:\Users\wenbl\AppData\Roaming\Code\User\globalStorage\redhat.java\1.54.0\config_win\org.eclipse.equinox.launcher\org.eclipse.equinox.launcher.win32.win32.x86_64_1.3.0.v20260203-2149;C:\Users\wenbl\AppData\Local\Temp\jna-113016746

VM Arguments:
jvm_args: --add-modules=ALL-SYSTEM --add-opens=java.base/java.util=ALL-UNNAMED --add-opens=java.base/java.lang=ALL-UNNAMED --add-opens=java.base/sun.nio.fs=ALL-UNNAMED -Declipse.application=org.eclipse.jdt.ls.core.id1 -Dosgi.bundles.defaultStartLevel=4 -Declipse.product=org.eclipse.jdt.ls.core.product -Djava.import.generatesMetadataFilesAtProjectRoot=false -DDetectVMInstallationsJob.disabled=true -Dfile.encoding=utf8 -XX:+UseParallelGC -XX:GCTimeRatio=4 -XX:AdaptiveSizePolicyWeight=90 -Dsun.zip.disableMemoryMapping=true -Xmx2G -Xms100m -Xlog:disable -javaagent:c:\Users\wenbl\.vscode\extensions\redhat.java-1.54.0-win32-x64\lombok\lombok-1.18.39-4050.jar -XX:+HeapDumpOnOutOfMemoryError -XX:HeapDumpPath=c:\Users\wenbl\AppData\Roaming\Code\User\workspaceStorage\0c2cef8eb0cbd9d33b2b973e257d3f55\redhat.java -Daether.dependencyCollector.impl=bf 
java_command: c:\Users\wenbl\.vscode\extensions\redhat.java-1.54.0-win32-x64\server\plugins\org.eclipse.equinox.launcher_1.7.100.v20251111-0406.jar -configuration c:\Users\wenbl\AppData\Roaming\Code\User\globalStorage\redhat.java\1.54.0\config_win -data c:\Users\wenbl\AppData\Roaming\Code\User\workspaceStorage\0c2cef8eb0cbd9d33b2b973e257d3f55\redhat.java\jdt_ws --pipe=\\.\pipe\lsp-4cf2dcc0b5b062ebe1c3f37545f47c85-sock
java_class_path (initial): c:\Users\wenbl\.vscode\extensions\redhat.java-1.54.0-win32-x64\server\plugins\org.eclipse.equinox.launcher_1.7.100.v20251111-0406.jar
Launcher Type: SUN_STANDARD

[Global flags]
    uintx AdaptiveSizePolicyWeight                 = 90                                        {product} {command line}
     intx CICompilerCount                          = 3                                         {product} {ergonomic}
    uintx GCTimeRatio                              = 4                                         {product} {command line}
     bool HeapDumpOnOutOfMemoryError               = true                                   {manageable} {command line}
    ccstr HeapDumpPath                             = c:\Users\wenbl\AppData\Roaming\Code\User\workspaceStorage\0c2cef8eb0cbd9d33b2b973e257d3f55\redhat.java         {manageable} {command line}
   size_t InitialHeapSize                          = 104857600                                 {product} {command line}
   size_t MaxHeapSize                              = 2147483648                                {product} {command line}
   size_t MaxNewSize                               = 715653120                                 {product} {ergonomic}
   size_t MinHeapDeltaBytes                        = 524288                                    {product} {ergonomic}
   size_t MinHeapSize                              = 104857600                                 {product} {command line}
   size_t NewSize                                  = 34603008                                  {product} {ergonomic}
    uintx NonNMethodCodeHeapSize                   = 5832780                                {pd product} {ergonomic}
    uintx NonProfiledCodeHeapSize                  = 122912730                              {pd product} {ergonomic}
   size_t OldSize                                  = 70254592                                  {product} {ergonomic}
    uintx ProfiledCodeHeapSize                     = 122912730                              {pd product} {ergonomic}
    uintx ReservedCodeCacheSize                    = 251658240                              {pd product} {ergonomic}
     bool SegmentedCodeCache                       = true                                      {product} {ergonomic}
   size_t SoftMaxHeapSize                          = 2147483648                             {manageable} {ergonomic}
     bool UseCompressedOops                        = true                           {product lp64_product} {ergonomic}
     bool UseLargePagesIndividualAllocation        = false                                  {pd product} {ergonomic}
     bool UseParallelGC                            = true                                      {product} {command line}

Logging:
Log output configuration:
 #0: stdout all=off uptime,level,tags foldmultilines=false
 #1: stderr all=off uptime,level,tags foldmultilines=false

Release file:
JAVA_VERSION="21.0.10" 
MODULES="java.base java.compiler java.datatransfer java.xml java.prefs java.desktop java.instrument java.logging java.management java.security.sasl java.naming java.rmi java.management.rmi java.net.http java.scripting java.security.jgss java.transaction.xa java.sql java.sql.rowset java.xml.crypto java.se java.smartcardio jdk.accessibility jdk.internal.jvmstat jdk.attach jdk.charsets jdk.internal.opt jdk.zipfs jdk.compiler jdk.crypto.ec jdk.crypto.cryptoki jdk.crypto.mscapi jdk.dynalink jdk.internal.ed jdk.editpad jdk.hotspot.agent jdk.httpserver jdk.internal.le jdk.internal.vm.ci jdk.internal.vm.compiler jdk.internal.vm.compiler.management jdk.jartool jdk.javadoc jdk.jcmd jdk.management jdk.management.agent jdk.jconsole jdk.jdeps jdk.jdwp.agent jdk.jdi jdk.jfr jdk.jshell jdk.jsobject jdk.jstatd jdk.localedata jdk.management.jfr jdk.naming.dns jdk.naming.rmi jdk.net jdk.nio.mapmode jdk.random jdk.sctp jdk.security.auth jdk.security.jgss jdk.unsupported jdk.unsupported.desktop jdk.xml.dom" 

Environment Variables:
PATH=C:\ProgramData\Oracle\Java\javapath;C:\WINDOWS\system32;C:\WINDOWS;C:\WINDOWS\System32\Wbem;C:\WINDOWS\System32\WindowsPowerShell\v1.0\;C:\WINDOWS\System32\OpenSSH\;C:\Program Files\Git\cmd;C:\Users\wenbl\AppData\Local\Programs\Python\Python313\Scripts\;C:\Users\wenbl\AppData\Local\Programs\Python\Python313\;C:\Users\wenbl\AppData\Local\Programs\Python\Launcher\;C:\Users\wenbl\AppData\Local\Microsoft\WindowsApps;C:\Users\wenbl\AppData\Local\Programs\Microsoft VS Code\bin
USERNAME=wenbl
OS=Windows_NT
PROCESSOR_IDENTIFIER=AMD64 Family 23 Model 24 Stepping 1, AuthenticAMD
TMP=C:\Users\wenbl\AppData\Local\Temp
TEMP=C:\Users\wenbl\AppData\Local\Temp




Periodic native trim disabled

---------------  S Y S T E M  ---------------

OS:
 Windows 11 , 64 bit Build 26100 (10.0.26100.8521)
OS uptime: 0 days 3:03 hours

CPU: total 4 (initial active 4) (4 cores per cpu, 2 threads per core) family 23 model 24 stepping 1 microcode 0x8108109, cx8, cmov, fxsr, ht, mmx, 3dnowpref, sse, sse2, sse3, ssse3, sse4a, sse4.1, sse4.2, popcnt, lzcnt, tsc, tscinvbit, avx, avx2, aes, clmul, bmi1, bmi2, adx, sha, fma, vzeroupper, clflush, clflushopt, rdtscp, f16c
Processor Information for the first 4 processors :
  Max Mhz: 2600, Current Mhz: 2600, Mhz Limit: 2600

Memory: 4k page, system-wide physical 3499M (381M free)
TotalPageFile size 14251M (AvailPageFile size 0M)
current process WorkingSet (physical memory assigned to process): 12M, peak: 579M
current process commit charge ("private bytes"): 671M, peak: 696M

vm_info: OpenJDK 64-Bit Server VM (21.0.10+7-LTS) for windows-amd64 JRE (21.0.10+7-LTS), built on 2026-01-20T00:00:00Z by "admin" with MS VC++ 17.12 (VS2022)

END.
