#
# There is insufficient memory for the Java Runtime Environment to continue.
# Native memory allocation (malloc) failed to allocate 1048576 bytes. Error detail: AllocateHeap
# Possible reasons:
#   The system is out of physical RAM or swap space
#   This process is running with CompressedOops enabled, and the Java Heap may be blocking the growth of the native heap
# Possible solutions:
#   Reduce memory load on the system
#   Increase physical memory or swap space
#   Check if swap backing store is full
#   Decrease Java heap size (-Xmx/-Xms)
#   Decrease number of Java threads
#   Decrease Java thread stack sizes (-Xss)
#   Set larger code cache with -XX:ReservedCodeCacheSize=
#   JVM is running with Unscaled Compressed Oops mode in which the Java heap is
#     placed in the first 4GB address space. The Java Heap base address is the
#     maximum limit for the native heap growth. Please use -XX:HeapBaseMinAddress
#     to set the Java Heap base and to place the Java Heap above 4GB virtual address.
# This output file may be truncated or incomplete.
#
#  Out of Memory Error (allocation.cpp:44), pid=4920, tid=16744
#
# JRE version: OpenJDK Runtime Environment Temurin-21.0.10+7 (21.0.10+7) (build 21.0.10+7-LTS)
# Java VM: OpenJDK 64-Bit Server VM Temurin-21.0.10+7 (21.0.10+7-LTS, mixed mode, sharing, tiered, compressed oops, compressed class ptrs, parallel gc, windows-amd64)
# No core dump will be written. Minidumps are not enabled by default on client versions of Windows
#

---------------  S U M M A R Y ------------

Command Line: --add-modules=ALL-SYSTEM --add-opens=java.base/java.util=ALL-UNNAMED --add-opens=java.base/java.lang=ALL-UNNAMED --add-opens=java.base/sun.nio.fs=ALL-UNNAMED -Declipse.application=org.eclipse.jdt.ls.core.id1 -Dosgi.bundles.defaultStartLevel=4 -Declipse.product=org.eclipse.jdt.ls.core.product -Djava.import.generatesMetadataFilesAtProjectRoot=false -DDetectVMInstallationsJob.disabled=true -Dfile.encoding=utf8 -XX:+UseParallelGC -XX:GCTimeRatio=4 -XX:AdaptiveSizePolicyWeight=90 -Dsun.zip.disableMemoryMapping=true -Xmx2G -Xms100m -Xlog:disable -javaagent:c:\Users\wenbl\.vscode\extensions\redhat.java-1.54.0-win32-x64\lombok\lombok-1.18.39-4050.jar -XX:+HeapDumpOnOutOfMemoryError -XX:HeapDumpPath=c:\Users\wenbl\AppData\Roaming\Code\User\workspaceStorage\0c2cef8eb0cbd9d33b2b973e257d3f55\redhat.java -Daether.dependencyCollector.impl=bf c:\Users\wenbl\.vscode\extensions\redhat.java-1.54.0-win32-x64\server\plugins\org.eclipse.equinox.launcher_1.7.100.v20251111-0406.jar -configuration c:\Users\wenbl\AppData\Roaming\Code\User\globalStorage\redhat.java\1.54.0\config_win -data c:\Users\wenbl\AppData\Roaming\Code\User\workspaceStorage\0c2cef8eb0cbd9d33b2b973e257d3f55\redhat.java\jdt_ws --pipe=\\.\pipe\lsp-6588917f4685f59bb4ea99997b0ec623-sock

Host: AMD Ryzen 3 3250U with Radeon Graphics         , 4 cores, 3G,  Windows 11 , 64 bit Build 26100 (10.0.26100.8521)
Time: Mon Jun 22 12:38:29 2026 Hora est嫕dar central (M憖ico) elapsed time: 1413.792126 seconds (0d 0h 23m 33s)

---------------  T H R E A D  ---------------

Current thread (0x000002291899e000):  JavaThread "Attach Listener" daemon [_thread_in_vm, id=16744, stack(0x0000005a19400000,0x0000005a19500000) (1024K)]

Stack: [0x0000005a19400000,0x0000005a19500000]
Native frames: (J=compiled Java code, j=interpreted, Vv=VM code, C=native code)
V  [jvm.dll+0x6d7a39]
V  [jvm.dll+0x8b4b26]
V  [jvm.dll+0x8b70de]
V  [jvm.dll+0x8b77c3]
V  [jvm.dll+0x284346]
V  [jvm.dll+0xc1277]
V  [jvm.dll+0x6d82e9]
V  [jvm.dll+0x1334a6]
V  [jvm.dll+0x3f857e]
V  [jvm.dll+0x85f59d]
V  [jvm.dll+0x6d626d]
C  [ucrtbase.dll+0x2cd30]
C  [KERNEL32.DLL+0x2e957]
C  [ntdll.dll+0x87c1c]


---------------  P R O C E S S  ---------------

Threads class SMR info:
_java_thread_list=0x0000022976c1c2d0, length=31, elements={
0x0000022916807b40, 0x0000022918997fb0, 0x000002291899c740, 0x000002291899d3a0,
0x000002291899e000, 0x00000229189a29e0, 0x00000229189a3440, 0x00000229189a6290,
0x0000022918a1fcd0, 0x0000022971234c00, 0x00000229712a82b0, 0x00000229716ecfa0,
0x0000022971812aa0, 0x0000022971a61370, 0x000002297185e830, 0x0000022971c13a50,
0x00000229718bd9a0, 0x00000229711b5de0, 0x000002297612f0b0, 0x0000022976130460,
0x0000022976130af0, 0x0000022978923070, 0x00000229789229e0, 0x0000022978923700,
0x0000022978923d90, 0x0000022978924420, 0x0000022978921cc0, 0x0000022978920fa0,
0x00000229717aa550, 0x00000229717ab270, 0x00000229717ad340
}

Java Threads: ( => current thread )
  0x0000022916807b40 JavaThread "main"                              [_thread_blocked, id=17664, stack(0x0000005a18d00000,0x0000005a18e00000) (1024K)]
  0x0000022918997fb0 JavaThread "Reference Handler"          daemon [_thread_blocked, id=10420, stack(0x0000005a19100000,0x0000005a19200000) (1024K)]
  0x000002291899c740 JavaThread "Finalizer"                  daemon [_thread_blocked, id=13088, stack(0x0000005a19200000,0x0000005a19300000) (1024K)]
  0x000002291899d3a0 JavaThread "Signal Dispatcher"          daemon [_thread_blocked, id=16520, stack(0x0000005a19300000,0x0000005a19400000) (1024K)]
=>0x000002291899e000 JavaThread "Attach Listener"            daemon [_thread_in_vm, id=16744, stack(0x0000005a19400000,0x0000005a19500000) (1024K)]
  0x00000229189a29e0 JavaThread "Service Thread"             daemon [_thread_blocked, id=17796, stack(0x0000005a19500000,0x0000005a19600000) (1024K)]
  0x00000229189a3440 JavaThread "Monitor Deflation Thread"   daemon [_thread_blocked, id=6980, stack(0x0000005a19600000,0x0000005a19700000) (1024K)]
  0x00000229189a6290 JavaThread "C2 CompilerThread0"         daemon [_thread_blocked, id=17000, stack(0x0000005a19700000,0x0000005a19800000) (1024K)]
  0x0000022918a1fcd0 JavaThread "C1 CompilerThread0"         daemon [_thread_blocked, id=8808, stack(0x0000005a19800000,0x0000005a19900000) (1024K)]
  0x0000022971234c00 JavaThread "Common-Cleaner"             daemon [_thread_blocked, id=18092, stack(0x0000005a19900000,0x0000005a19a00000) (1024K)]
  0x00000229712a82b0 JavaThread "Notification Thread"        daemon [_thread_blocked, id=14628, stack(0x0000005a19a00000,0x0000005a19b00000) (1024K)]
  0x00000229716ecfa0 JavaThread "Active Thread: Equinox Container: bc875442-93b3-4965-bc38-4a521d4214a0"        [_thread_blocked, id=14084, stack(0x0000005a19e00000,0x0000005a19f00000) (1024K)]
  0x0000022971812aa0 JavaThread "Refresh Thread: Equinox Container: bc875442-93b3-4965-bc38-4a521d4214a0" daemon [_thread_blocked, id=10260, stack(0x0000005a19f00000,0x0000005a1a000000) (1024K)]
  0x0000022971a61370 JavaThread "Framework Event Dispatcher: Equinox Container: bc875442-93b3-4965-bc38-4a521d4214a0" daemon [_thread_blocked, id=292, stack(0x0000005a1a000000,0x0000005a1a100000) (1024K)]
  0x000002297185e830 JavaThread "Start Level: Equinox Container: bc875442-93b3-4965-bc38-4a521d4214a0" daemon [_thread_blocked, id=15716, stack(0x0000005a1a100000,0x0000005a1a200000) (1024K)]
  0x0000022971c13a50 JavaThread "Bundle File Closer"         daemon [_thread_blocked, id=4780, stack(0x0000005a1a200000,0x0000005a1a300000) (1024K)]
  0x00000229718bd9a0 JavaThread "SCR Component Actor"        daemon [_thread_blocked, id=16952, stack(0x0000005a1a300000,0x0000005a1a400000) (1024K)]
  0x00000229711b5de0 JavaThread "Worker-JM"                         [_thread_blocked, id=6152, stack(0x0000005a1a400000,0x0000005a1a500000) (1024K)]
  0x000002297612f0b0 JavaThread "Java indexing"              daemon [_thread_blocked, id=17840, stack(0x0000005a1aa00000,0x0000005a1ab00000) (1024K)]
  0x0000022976130460 JavaThread "JNA Cleaner"                daemon [_thread_blocked, id=11892, stack(0x0000005a1a900000,0x0000005a1aa00000) (1024K)]
  0x0000022976130af0 JavaThread "Thread-1"                   daemon [_thread_in_native, id=420, stack(0x0000005a1ae00000,0x0000005a1af00000) (1024K)]
  0x0000022978923070 JavaThread "Thread-2"                   daemon [_thread_in_native, id=2076, stack(0x0000005a1af00000,0x0000005a1b000000) (1024K)]
  0x00000229789229e0 JavaThread "Thread-3"                   daemon [_thread_in_native, id=17124, stack(0x0000005a1b000000,0x0000005a1b100000) (1024K)]
  0x0000022978923700 JavaThread "Thread-4"                   daemon [_thread_in_native, id=8908, stack(0x0000005a1b100000,0x0000005a1b200000) (1024K)]
  0x0000022978923d90 JavaThread "Thread-5"                   daemon [_thread_in_native, id=11244, stack(0x0000005a1b200000,0x0000005a1b300000) (1024K)]
  0x0000022978924420 JavaThread "pool-2-thread-1"                   [_thread_blocked, id=1748, stack(0x0000005a1b300000,0x0000005a1b400000) (1024K)]
  0x0000022978921cc0 JavaThread "WorkspaceEventsHandler"            [_thread_blocked, id=10856, stack(0x0000005a1b600000,0x0000005a1b700000) (1024K)]
  0x0000022978920fa0 JavaThread "pool-1-thread-1"                   [_thread_blocked, id=11632, stack(0x0000005a1b700000,0x0000005a1b800000) (1024K)]
  0x00000229717aa550 JavaThread "Cleaner-0"                  daemon [_thread_blocked, id=10476, stack(0x0000005a18b00000,0x0000005a18c00000) (1024K)]
  0x00000229717ab270 JavaThread "Worker-8"                          [_thread_blocked, id=17536, stack(0x0000005a1a700000,0x0000005a1a800000) (1024K)]
  0x00000229717ad340 JavaThread "Worker-9"                          [_thread_blocked, id=13408, stack(0x0000005a1a600000,0x0000005a1a700000) (1024K)]
Total: 31

Other Threads:
  0x0000022918b6c3c0 VMThread "VM Thread"                           [id=15384, stack(0x0000005a19000000,0x0000005a19100000) (1024K)]
  0x000002291893ba00 WatcherThread "VM Periodic Task Thread"        [id=8300, stack(0x0000005a18f00000,0x0000005a19000000) (1024K)]
  0x0000022918acc0a0 WorkerThread "GC Thread#0"                     [id=7536, stack(0x0000005a18e00000,0x0000005a18f00000) (1024K)]
  0x000002297151f3b0 WorkerThread "GC Thread#1"                     [id=18048, stack(0x0000005a19b00000,0x0000005a19c00000) (1024K)]
  0x000002297190f850 WorkerThread "GC Thread#2"                     [id=11720, stack(0x0000005a19c00000,0x0000005a19d00000) (1024K)]
  0x000002297190fc00 WorkerThread "GC Thread#3"                     [id=16260, stack(0x0000005a19d00000,0x0000005a19e00000) (1024K)]
Total: 6

Threads with active compile tasks:
Total: 0

VM state: not at safepoint (normal execution)

VM Mutex/Monitor currently owned by a thread: None

Heap address: 0x0000000080000000, size: 2048 MB, Compressed Oops mode: 32-bit

CDS archive(s) mapped at: [0x0000022930000000-0x0000022930ba0000-0x0000022930ba0000), size 12189696, SharedBaseAddress: 0x0000022930000000, ArchiveRelocationMode: 1.
Compressed class space mapped at: 0x0000022931000000-0x0000022971000000, reserved size: 1073741824
Narrow klass base: 0x0000022930000000, Narrow klass shift: 0, Narrow klass range: 0x100000000

GC Precious Log:
 CardTable entry size: 512
 CPUs: 4 total, 4 available
 Memory: 3499M
 Large Page Support: Disabled
 NUMA Support: Disabled
 Compressed Oops: Enabled (32-bit)
 Alignments: Space 512K, Generation 512K, Heap 2M
 Heap Min Capacity: 100M
 Heap Initial Capacity: 100M
 Heap Max Capacity: 2G
 Pre-touch: Disabled
 Parallel Workers: 4

Heap:
 PSYoungGen      total 2560K, used 1597K [0x00000000d5580000, 0x00000000d5900000, 0x0000000100000000)
  eden space 2048K, 71% used [0x00000000d5580000,0x00000000d56ef498,0x00000000d5780000)
  from space 512K, 25% used [0x00000000d5880000,0x00000000d58a0000,0x00000000d5900000)
  to   space 512K, 0% used [0x00000000d5800000,0x00000000d5800000,0x00000000d5880000)
 ParOldGen       total 466432K, used 465987K [0x0000000080000000, 0x000000009c780000, 0x00000000d5580000)
  object space 466432K, 99% used [0x0000000080000000,0x000000009c710f50,0x000000009c780000)
 Metaspace       used 73167K, committed 74752K, reserved 1179648K
  class space    used 7906K, committed 8576K, reserved 1048576K

Card table byte_map: [0x0000022918450000,0x0000022918860000] _byte_map_base: 0x0000022918050000

Marking Bits: (ParMarkBitMap*) 0x00007ffe2fcc3450
 Begin Bits: [0x000002292af60000, 0x000002292cf60000)
 End Bits:   [0x000002292cf60000, 0x000002292ef60000)

Polling page: 0x0000022916920000

Metaspace:

Usage:
  Non-class:     63.73 MB used.
      Class:      7.72 MB used.
       Both:     71.45 MB used.

Virtual space:
  Non-class space:      128.00 MB reserved,      64.62 MB ( 50%) committed,  2 nodes.
      Class space:        1.00 GB reserved,       8.38 MB ( <1%) committed,  1 nodes.
             Both:        1.12 GB reserved,      73.00 MB (  6%) committed. 

Chunk freelists:
   Non-Class:  14.79 MB
       Class:  7.60 MB
        Both:  22.39 MB

MaxMetaspaceSize: unlimited
CompressedClassSpaceSize: 1.00 GB
Initial GC threshold: 21.00 MB
Current GC threshold: 97.31 MB
CDS: on
 - commit_granule_bytes: 65536.
 - commit_granule_words: 8192.
 - virtual_space_node_default_size: 8388608.
 - enlarge_chunks_in_place: 1.
 - use_allocation_guard: 0.


Internal statistics:

num_allocs_failed_limit: 11.
num_arena_births: 1190.
num_arena_deaths: 26.
num_vsnodes_births: 3.
num_vsnodes_deaths: 0.
num_space_committed: 1168.
num_space_uncommitted: 0.
num_chunks_returned_to_freelist: 41.
num_chunks_taken_from_freelist: 4505.
num_chunk_merges: 17.
num_chunk_splits: 2746.
num_chunks_enlarged: 1552.
num_inconsistent_stats: 0.

CodeHeap 'non-profiled nmethods': size=120000Kb used=9464Kb max_used=9464Kb free=110536Kb
 bounds [0x0000022923780000, 0x00000229240c0000, 0x000002292acb0000]
CodeHeap 'profiled nmethods': size=120000Kb used=24792Kb max_used=24792Kb free=95207Kb
 bounds [0x000002291bcb0000, 0x000002291d4f0000, 0x00000229231e0000]
CodeHeap 'non-nmethods': size=5760Kb used=1493Kb max_used=1556Kb free=4267Kb
 bounds [0x00000229231e0000, 0x0000022923450000, 0x0000022923780000]
CodeCache: size=245760Kb, used=35749Kb, max_used=35812Kb, free=210010Kb
 total_blobs=11577, nmethods=10760, adapters=721, full_count=0
Compilation: enabled, stopped_count=0, restarted_count=0

Compilation events (20 events):
Event: 1317.990 Thread 0x0000022918a1fcd0 11570   !   3       jdk.xml.internal.XMLSecurityManager::getPropertyConfig (68 bytes)
Event: 1318.010 Thread 0x0000022918a1fcd0 nmethod 11570 0x000002291d4de190 code [0x000002291d4de3c0, 0x000002291d4dea68]
Event: 1318.010 Thread 0x0000022918a1fcd0 11571       3       org.xml.sax.helpers.AttributesImpl::clear (38 bytes)
Event: 1318.011 Thread 0x0000022918a1fcd0 nmethod 11571 0x000002291d4def10 code [0x000002291d4df0c0, 0x000002291d4df420]
Event: 1318.065 Thread 0x00000229189a6290 11572       4       java.io.DataOutputStream::writeUTF (389 bytes)
Event: 1318.106 Thread 0x0000022918a1fcd0 11574       3       java.io.ObjectStreamClass::requireInitialized (19 bytes)
Event: 1318.110 Thread 0x0000022918a1fcd0 nmethod 11574 0x000002291d4df590 code [0x000002291d4df740, 0x000002291d4df948]
Event: 1318.110 Thread 0x0000022918a1fcd0 11575       3       org.eclipse.core.runtime.SubMonitor::convert (83 bytes)
Event: 1318.121 Thread 0x0000022918a1fcd0 nmethod 11575 0x000002291d4dfa10 code [0x000002291d4dfca0, 0x000002291d4e0ac0]
Event: 1318.141 Thread 0x0000022918a1fcd0 11576       3       org.eclipse.core.internal.watson.ElementTreeIterator::doIteration (114 bytes)
Event: 1318.164 Thread 0x0000022918a1fcd0 nmethod 11576 0x000002291d4e0f10 code [0x000002291d4e1120, 0x000002291d4e1970]
Event: 1318.269 Thread 0x00000229189a6290 nmethod 11572 0x00000229240ba190 code [0x00000229240ba4c0, 0x00000229240bbd20]
Event: 1318.269 Thread 0x00000229189a6290 11573       4       java.lang.String::concat (15 bytes)
Event: 1318.281 Thread 0x00000229189a6290 nmethod 11573 0x00000229240bcf10 code [0x00000229240bd100, 0x00000229240bd878]
Event: 1318.328 Thread 0x0000022918a1fcd0 11577       1       org.eclipse.core.internal.resources.BuildConfiguration::getProject (5 bytes)
Event: 1318.330 Thread 0x0000022918a1fcd0 nmethod 11577 0x00000229240bdd10 code [0x00000229240bdea0, 0x00000229240bdf68]
Event: 1318.330 Thread 0x0000022918a1fcd0 11578       3       org.eclipse.core.internal.dtree.NodeComparison::<init> (26 bytes)
Event: 1318.330 Thread 0x0000022918a1fcd0 nmethod 11578 0x000002291d4e1c10 code [0x000002291d4e1dc0, 0x000002291d4e1f60]
Event: 1318.330 Thread 0x0000022918a1fcd0 11579       3       org.eclipse.core.internal.events.ResourceComparator::compare (383 bytes)
Event: 1318.344 Thread 0x0000022918a1fcd0 nmethod 11579 0x000002291d4e2010 code [0x000002291d4e2460, 0x000002291d4e58f0]

GC Heap History (20 events):
Event: 1026.880 GC heap before
{Heap before GC invocations=526 (full 3):
 PSYoungGen      total 2560K, used 2240K [0x00000000d5580000, 0x00000000d5980000, 0x0000000100000000)
  eden space 2048K, 100% used [0x00000000d5580000,0x00000000d5780000,0x00000000d5780000)
  from space 512K, 37% used [0x00000000d5900000,0x00000000d5930000,0x00000000d5980000)
  to   space 512K, 0% used [0x00000000d5800000,0x00000000d5800000,0x00000000d5880000)
 ParOldGen       total 465408K, used 465158K [0x0000000080000000, 0x000000009c680000, 0x00000000d5580000)
  object space 465408K, 99% used [0x0000000080000000,0x000000009c641aa0,0x000000009c680000)
 Metaspace       used 72827K, committed 74304K, reserved 1179648K
  class space    used 7901K, committed 8576K, reserved 1048576K
}
Event: 1026.884 GC heap after
{Heap after GC invocations=526 (full 3):
 PSYoungGen      total 2560K, used 480K [0x00000000d5580000, 0x00000000d5980000, 0x0000000100000000)
  eden space 2048K, 0% used [0x00000000d5580000,0x00000000d5580000,0x00000000d5780000)
  from space 512K, 93% used [0x00000000d5800000,0x00000000d5878000,0x00000000d5880000)
  to   space 1024K, 0% used [0x00000000d5880000,0x00000000d5880000,0x00000000d5980000)
 ParOldGen       total 465408K, used 465190K [0x0000000080000000, 0x000000009c680000, 0x00000000d5580000)
  object space 465408K, 99% used [0x0000000080000000,0x000000009c649aa0,0x000000009c680000)
 Metaspace       used 72827K, committed 74304K, reserved 1179648K
  class space    used 7901K, committed 8576K, reserved 1048576K
}
Event: 1027.252 GC heap before
{Heap before GC invocations=527 (full 3):
 PSYoungGen      total 2560K, used 2528K [0x00000000d5580000, 0x00000000d5980000, 0x0000000100000000)
  eden space 2048K, 100% used [0x00000000d5580000,0x00000000d5780000,0x00000000d5780000)
  from space 512K, 93% used [0x00000000d5800000,0x00000000d5878000,0x00000000d5880000)
  to   space 1024K, 0% used [0x00000000d5880000,0x00000000d5880000,0x00000000d5980000)
 ParOldGen       total 465408K, used 465190K [0x0000000080000000, 0x000000009c680000, 0x00000000d5580000)
  object space 465408K, 99% used [0x0000000080000000,0x000000009c649aa0,0x000000009c680000)
 Metaspace       used 72858K, committed 74368K, reserved 1179648K
  class space    used 7901K, committed 8576K, reserved 1048576K
}
Event: 1027.255 GC heap after
{Heap after GC invocations=527 (full 3):
 PSYoungGen      total 2560K, used 96K [0x00000000d5580000, 0x00000000d5900000, 0x0000000100000000)
  eden space 2048K, 0% used [0x00000000d5580000,0x00000000d5580000,0x00000000d5780000)
  from space 512K, 18% used [0x00000000d5880000,0x00000000d5898000,0x00000000d5900000)
  to   space 512K, 0% used [0x00000000d5800000,0x00000000d5800000,0x00000000d5880000)
 ParOldGen       total 465408K, used 465214K [0x0000000080000000, 0x000000009c680000, 0x00000000d5580000)
  object space 465408K, 99% used [0x0000000080000000,0x000000009c64faa0,0x000000009c680000)
 Metaspace       used 72858K, committed 74368K, reserved 1179648K
  class space    used 7901K, committed 8576K, reserved 1048576K
}
Event: 1028.568 GC heap before
{Heap before GC invocations=528 (full 3):
 PSYoungGen      total 2560K, used 2144K [0x00000000d5580000, 0x00000000d5900000, 0x0000000100000000)
  eden space 2048K, 100% used [0x00000000d5580000,0x00000000d5780000,0x00000000d5780000)
  from space 512K, 18% used [0x00000000d5880000,0x00000000d5898000,0x00000000d5900000)
  to   space 512K, 0% used [0x00000000d5800000,0x00000000d5800000,0x00000000d5880000)
 ParOldGen       total 465408K, used 465214K [0x0000000080000000, 0x000000009c680000, 0x00000000d5580000)
  object space 465408K, 99% used [0x0000000080000000,0x000000009c64faa0,0x000000009c680000)
 Metaspace       used 72866K, committed 74368K, reserved 1179648K
  class space    used 7901K, committed 8576K, reserved 1048576K
}
Event: 1028.573 GC heap after
{Heap after GC invocations=528 (full 3):
 PSYoungGen      total 2560K, used 480K [0x00000000d5580000, 0x00000000d5980000, 0x0000000100000000)
  eden space 2048K, 0% used [0x00000000d5580000,0x00000000d5580000,0x00000000d5780000)
  from space 512K, 93% used [0x00000000d5800000,0x00000000d5878020,0x00000000d5880000)
  to   space 1024K, 0% used [0x00000000d5880000,0x00000000d5880000,0x00000000d5980000)
 ParOldGen       total 465408K, used 465310K [0x0000000080000000, 0x000000009c680000, 0x00000000d5580000)
  object space 465408K, 99% used [0x0000000080000000,0x000000009c667aa0,0x000000009c680000)
 Metaspace       used 72866K, committed 74368K, reserved 1179648K
  class space    used 7901K, committed 8576K, reserved 1048576K
}
Event: 1028.673 GC heap before
{Heap before GC invocations=529 (full 3):
 PSYoungGen      total 2560K, used 2528K [0x00000000d5580000, 0x00000000d5980000, 0x0000000100000000)
  eden space 2048K, 100% used [0x00000000d5580000,0x00000000d5780000,0x00000000d5780000)
  from space 512K, 93% used [0x00000000d5800000,0x00000000d5878020,0x00000000d5880000)
  to   space 1024K, 0% used [0x00000000d5880000,0x00000000d5880000,0x00000000d5980000)
 ParOldGen       total 465408K, used 465310K [0x0000000080000000, 0x000000009c680000, 0x00000000d5580000)
  object space 465408K, 99% used [0x0000000080000000,0x000000009c667aa0,0x000000009c680000)
 Metaspace       used 72907K, committed 74368K, reserved 1179648K
  class space    used 7901K, committed 8576K, reserved 1048576K
}
Event: 1028.677 GC heap after
{Heap after GC invocations=529 (full 3):
 PSYoungGen      total 3072K, used 576K [0x00000000d5580000, 0x00000000d5980000, 0x0000000100000000)
  eden space 2048K, 0% used [0x00000000d5580000,0x00000000d5580000,0x00000000d5780000)
  from space 1024K, 56% used [0x00000000d5880000,0x00000000d5910000,0x00000000d5980000)
  to   space 1024K, 0% used [0x00000000d5780000,0x00000000d5780000,0x00000000d5880000)
 ParOldGen       total 465920K, used 465499K [0x0000000080000000, 0x000000009c700000, 0x00000000d5580000)
  object space 465920K, 99% used [0x0000000080000000,0x000000009c696f30,0x000000009c700000)
 Metaspace       used 72907K, committed 74368K, reserved 1179648K
  class space    used 7901K, committed 8576K, reserved 1048576K
}
Event: 1029.786 GC heap before
{Heap before GC invocations=530 (full 3):
 PSYoungGen      total 3072K, used 2623K [0x00000000d5580000, 0x00000000d5980000, 0x0000000100000000)
  eden space 2048K, 99% used [0x00000000d5580000,0x00000000d577fff8,0x00000000d5780000)
  from space 1024K, 56% used [0x00000000d5880000,0x00000000d5910000,0x00000000d5980000)
  to   space 1024K, 0% used [0x00000000d5780000,0x00000000d5780000,0x00000000d5880000)
 ParOldGen       total 465920K, used 465499K [0x0000000080000000, 0x000000009c700000, 0x00000000d5580000)
  object space 465920K, 99% used [0x0000000080000000,0x000000009c696f30,0x000000009c700000)
 Metaspace       used 72951K, committed 74432K, reserved 1179648K
  class space    used 7901K, committed 8576K, reserved 1048576K
}
Event: 1029.789 GC heap after
{Heap after GC invocations=530 (full 3):
 PSYoungGen      total 3072K, used 288K [0x00000000d5580000, 0x00000000d5900000, 0x0000000100000000)
  eden space 2048K, 0% used [0x00000000d5580000,0x00000000d5580000,0x00000000d5780000)
  from space 1024K, 28% used [0x00000000d5780000,0x00000000d57c8020,0x00000000d5880000)
  to   space 512K, 0% used [0x00000000d5880000,0x00000000d5880000,0x00000000d5900000)
 ParOldGen       total 465920K, used 465731K [0x0000000080000000, 0x000000009c700000, 0x00000000d5580000)
  object space 465920K, 99% used [0x0000000080000000,0x000000009c6d0f30,0x000000009c700000)
 Metaspace       used 72951K, committed 74432K, reserved 1179648K
  class space    used 7901K, committed 8576K, reserved 1048576K
}
Event: 1029.816 GC heap before
{Heap before GC invocations=531 (full 3):
 PSYoungGen      total 3072K, used 2336K [0x00000000d5580000, 0x00000000d5900000, 0x0000000100000000)
  eden space 2048K, 100% used [0x00000000d5580000,0x00000000d5780000,0x00000000d5780000)
  from space 1024K, 28% used [0x00000000d5780000,0x00000000d57c8020,0x00000000d5880000)
  to   space 512K, 0% used [0x00000000d5880000,0x00000000d5880000,0x00000000d5900000)
 ParOldGen       total 465920K, used 465731K [0x0000000080000000, 0x000000009c700000, 0x00000000d5580000)
  object space 465920K, 99% used [0x0000000080000000,0x000000009c6d0f30,0x000000009c700000)
 Metaspace       used 72972K, committed 74432K, reserved 1179648K
  class space    used 7901K, committed 8576K, reserved 1048576K
}
Event: 1029.819 GC heap after
{Heap after GC invocations=531 (full 3):
 PSYoungGen      total 2560K, used 320K [0x00000000d5580000, 0x00000000d5900000, 0x0000000100000000)
  eden space 2048K, 0% used [0x00000000d5580000,0x00000000d5580000,0x00000000d5780000)
  from space 512K, 62% used [0x00000000d5880000,0x00000000d58d0000,0x00000000d5900000)
  to   space 512K, 0% used [0x00000000d5800000,0x00000000d5800000,0x00000000d5880000)
 ParOldGen       total 465920K, used 465827K [0x0000000080000000, 0x000000009c700000, 0x00000000d5580000)
  object space 465920K, 99% used [0x0000000080000000,0x000000009c6e8f50,0x000000009c700000)
 Metaspace       used 72972K, committed 74432K, reserved 1179648K
  class space    used 7901K, committed 8576K, reserved 1048576K
}
Event: 1029.894 GC heap before
{Heap before GC invocations=532 (full 3):
 PSYoungGen      total 2560K, used 2360K [0x00000000d5580000, 0x00000000d5900000, 0x0000000100000000)
  eden space 2048K, 99% used [0x00000000d5580000,0x00000000d577e008,0x00000000d5780000)
  from space 512K, 62% used [0x00000000d5880000,0x00000000d58d0000,0x00000000d5900000)
  to   space 512K, 0% used [0x00000000d5800000,0x00000000d5800000,0x00000000d5880000)
 ParOldGen       total 465920K, used 465827K [0x0000000080000000, 0x000000009c700000, 0x00000000d5580000)
  object space 465920K, 99% used [0x0000000080000000,0x000000009c6e8f50,0x000000009c700000)
 Metaspace       used 72985K, committed 74496K, reserved 1179648K
  class space    used 7902K, committed 8576K, reserved 1048576K
}
Event: 1029.900 GC heap after
{Heap after GC invocations=532 (full 3):
 PSYoungGen      total 2560K, used 256K [0x00000000d5580000, 0x00000000d5900000, 0x0000000100000000)
  eden space 2048K, 0% used [0x00000000d5580000,0x00000000d5580000,0x00000000d5780000)
  from space 512K, 50% used [0x00000000d5800000,0x00000000d5840000,0x00000000d5880000)
  to   space 512K, 0% used [0x00000000d5880000,0x00000000d5880000,0x00000000d5900000)
 ParOldGen       total 465920K, used 465851K [0x0000000080000000, 0x000000009c700000, 0x00000000d5580000)
  object space 465920K, 99% used [0x0000000080000000,0x000000009c6eef50,0x000000009c700000)
 Metaspace       used 72985K, committed 74496K, reserved 1179648K
  class space    used 7902K, committed 8576K, reserved 1048576K
}
Event: 1035.361 GC heap before
{Heap before GC invocations=533 (full 3):
 PSYoungGen      total 2560K, used 2304K [0x00000000d5580000, 0x00000000d5900000, 0x0000000100000000)
  eden space 2048K, 100% used [0x00000000d5580000,0x00000000d5780000,0x00000000d5780000)
  from space 512K, 50% used [0x00000000d5800000,0x00000000d5840000,0x00000000d5880000)
  to   space 512K, 0% used [0x00000000d5880000,0x00000000d5880000,0x00000000d5900000)
 ParOldGen       total 465920K, used 465851K [0x0000000080000000, 0x000000009c700000, 0x00000000d5580000)
  object space 465920K, 99% used [0x0000000080000000,0x000000009c6eef50,0x000000009c700000)
 Metaspace       used 73069K, committed 74560K, reserved 1179648K
  class space    used 7902K, committed 8576K, reserved 1048576K
}
Event: 1035.365 GC heap after
{Heap after GC invocations=533 (full 3):
 PSYoungGen      total 2560K, used 128K [0x00000000d5580000, 0x00000000d5900000, 0x0000000100000000)
  eden space 2048K, 0% used [0x00000000d5580000,0x00000000d5580000,0x00000000d5780000)
  from space 512K, 25% used [0x00000000d5880000,0x00000000d58a0000,0x00000000d5900000)
  to   space 512K, 0% used [0x00000000d5800000,0x00000000d5800000,0x00000000d5880000)
 ParOldGen       total 466432K, used 465939K [0x0000000080000000, 0x000000009c780000, 0x00000000d5580000)
  object space 466432K, 99% used [0x0000000080000000,0x000000009c704f50,0x000000009c780000)
 Metaspace       used 73069K, committed 74560K, reserved 1179648K
  class space    used 7902K, committed 8576K, reserved 1048576K
}
Event: 1042.092 GC heap before
{Heap before GC invocations=534 (full 3):
 PSYoungGen      total 2560K, used 2176K [0x00000000d5580000, 0x00000000d5900000, 0x0000000100000000)
  eden space 2048K, 100% used [0x00000000d5580000,0x00000000d5780000,0x00000000d5780000)
  from space 512K, 25% used [0x00000000d5880000,0x00000000d58a0000,0x00000000d5900000)
  to   space 512K, 0% used [0x00000000d5800000,0x00000000d5800000,0x00000000d5880000)
 ParOldGen       total 466432K, used 465939K [0x0000000080000000, 0x000000009c780000, 0x00000000d5580000)
  object space 466432K, 99% used [0x0000000080000000,0x000000009c704f50,0x000000009c780000)
 Metaspace       used 73103K, committed 74624K, reserved 1179648K
  class space    used 7902K, committed 8576K, reserved 1048576K
}
Event: 1042.096 GC heap after
{Heap after GC invocations=534 (full 3):
 PSYoungGen      total 2560K, used 160K [0x00000000d5580000, 0x00000000d5900000, 0x0000000100000000)
  eden space 2048K, 0% used [0x00000000d5580000,0x00000000d5580000,0x00000000d5780000)
  from space 512K, 31% used [0x00000000d5800000,0x00000000d5828000,0x00000000d5880000)
  to   space 512K, 0% used [0x00000000d5880000,0x00000000d5880000,0x00000000d5900000)
 ParOldGen       total 466432K, used 465963K [0x0000000080000000, 0x000000009c780000, 0x00000000d5580000)
  object space 466432K, 99% used [0x0000000080000000,0x000000009c70af50,0x000000009c780000)
 Metaspace       used 73103K, committed 74624K, reserved 1179648K
  class space    used 7902K, committed 8576K, reserved 1048576K
}
Event: 1116.268 GC heap before
{Heap before GC invocations=535 (full 3):
 PSYoungGen      total 2560K, used 2208K [0x00000000d5580000, 0x00000000d5900000, 0x0000000100000000)
  eden space 2048K, 100% used [0x00000000d5580000,0x00000000d5780000,0x00000000d5780000)
  from space 512K, 31% used [0x00000000d5800000,0x00000000d5828000,0x00000000d5880000)
  to   space 512K, 0% used [0x00000000d5880000,0x00000000d5880000,0x00000000d5900000)
 ParOldGen       total 466432K, used 465963K [0x0000000080000000, 0x000000009c780000, 0x00000000d5580000)
  object space 466432K, 99% used [0x0000000080000000,0x000000009c70af50,0x000000009c780000)
 Metaspace       used 73150K, committed 74752K, reserved 1179648K
  class space    used 7906K, committed 8576K, reserved 1048576K
}
Event: 1116.439 GC heap after
{Heap after GC invocations=535 (full 3):
 PSYoungGen      total 2560K, used 128K [0x00000000d5580000, 0x00000000d5900000, 0x0000000100000000)
  eden space 2048K, 0% used [0x00000000d5580000,0x00000000d5580000,0x00000000d5780000)
  from space 512K, 25% used [0x00000000d5880000,0x00000000d58a0000,0x00000000d5900000)
  to   space 512K, 0% used [0x00000000d5800000,0x00000000d5800000,0x00000000d5880000)
 ParOldGen       total 466432K, used 465987K [0x0000000080000000, 0x000000009c780000, 0x00000000d5580000)
  object space 466432K, 99% used [0x0000000080000000,0x000000009c710f50,0x000000009c780000)
 Metaspace       used 73150K, committed 74752K, reserved 1179648K
  class space    used 7906K, committed 8576K, reserved 1048576K
}

Dll operation events (14 events):
Event: 0.029 Loaded shared library c:\Users\wenbl\.vscode\extensions\redhat.java-1.54.0-win32-x64\jre\21.0.10-win32-x86_64\bin\java.dll
Event: 1.113 Loaded shared library c:\Users\wenbl\.vscode\extensions\redhat.java-1.54.0-win32-x64\jre\21.0.10-win32-x86_64\bin\zip.dll
Event: 1.645 Loaded shared library C:\Users\wenbl\.vscode\extensions\redhat.java-1.54.0-win32-x64\jre\21.0.10-win32-x86_64\bin\instrument.dll
Event: 1.667 Loaded shared library C:\Users\wenbl\.vscode\extensions\redhat.java-1.54.0-win32-x64\jre\21.0.10-win32-x86_64\bin\net.dll
Event: 1.686 Loaded shared library C:\Users\wenbl\.vscode\extensions\redhat.java-1.54.0-win32-x64\jre\21.0.10-win32-x86_64\bin\nio.dll
Event: 1.700 Loaded shared library C:\Users\wenbl\.vscode\extensions\redhat.java-1.54.0-win32-x64\jre\21.0.10-win32-x86_64\bin\zip.dll
Event: 1.814 Loaded shared library C:\Users\wenbl\.vscode\extensions\redhat.java-1.54.0-win32-x64\jre\21.0.10-win32-x86_64\bin\jimage.dll
Event: 2.018 Loaded shared library c:\Users\wenbl\.vscode\extensions\redhat.java-1.54.0-win32-x64\jre\21.0.10-win32-x86_64\bin\verify.dll
Event: 10.728 Loaded shared library C:\Users\wenbl\AppData\Roaming\Code\User\globalStorage\redhat.java\1.54.0\config_win\org.eclipse.equinox.launcher\org.eclipse.equinox.launcher.win32.win32.x86_64_1.3.0.v20260203-2149\eclipse_11919.dll
Event: 19.521 Loaded shared library C:\Users\wenbl\.vscode\extensions\redhat.java-1.54.0-win32-x64\jre\21.0.10-win32-x86_64\bin\management.dll
Event: 19.528 Loaded shared library C:\Users\wenbl\.vscode\extensions\redhat.java-1.54.0-win32-x64\jre\21.0.10-win32-x86_64\bin\management_ext.dll
Event: 30.071 Loaded shared library C:\Users\wenbl\AppData\Local\Temp\jna-113016746\jna4177768278533675472.dll
Event: 35.609 Loaded shared library C:\Users\wenbl\.vscode\extensions\redhat.java-1.54.0-win32-x64\jre\21.0.10-win32-x86_64\bin\sunmscapi.dll
Event: 35.905 Loaded shared library C:\Users\wenbl\.vscode\extensions\redhat.java-1.54.0-win32-x64\jre\21.0.10-win32-x86_64\bin\extnet.dll

Deoptimization events (20 events):
Event: 1025.896 Thread 0x00000229717accb0 DEOPT PACKING pc=0x0000022923f73924 sp=0x0000005a1a5fd4a0
Event: 1025.896 Thread 0x00000229717accb0 DEOPT UNPACKING pc=0x0000022923233aa2 sp=0x0000005a1a5fd428 mode 2
Event: 1026.287 Thread 0x00000229717abf90 Uncommon trap: trap_request=0xffffffde fr.pc=0x0000022923fe9718 relative=0x0000000000000078
Event: 1026.287 Thread 0x00000229717abf90 Uncommon trap: reason=class_check action=maybe_recompile pc=0x0000022923fe9718 method=java.util.LinkedHashMap.afterNodeInsertion(Z)V @ 15 c2
Event: 1026.287 Thread 0x00000229717abf90 DEOPT PACKING pc=0x0000022923fe9718 sp=0x0000005a18cfe960
Event: 1026.287 Thread 0x00000229717abf90 DEOPT UNPACKING pc=0x0000022923233aa2 sp=0x0000005a18cfe8d8 mode 2
Event: 1026.839 Thread 0x00000229717ad340 DEOPT PACKING pc=0x000002291d39c460 sp=0x0000005a1a6fe540
Event: 1026.839 Thread 0x00000229717ad340 DEOPT UNPACKING pc=0x0000022923234242 sp=0x0000005a1a6fd9f0 mode 0
Event: 1026.840 Thread 0x00000229717ad340 DEOPT PACKING pc=0x000002291d39c460 sp=0x0000005a1a6fe620
Event: 1026.840 Thread 0x00000229717ad340 DEOPT UNPACKING pc=0x0000022923234242 sp=0x0000005a1a6fdad0 mode 0
Event: 1026.840 Thread 0x00000229717ad340 Uncommon trap: trap_request=0xffffff6e fr.pc=0x00000229240438e8 relative=0x0000000000001708
Event: 1026.840 Thread 0x00000229717ad340 Uncommon trap: reason=loop_limit_check action=maybe_recompile pc=0x00000229240438e8 method=org.eclipse.jdt.internal.compiler.parser.diagnose.DiagnoseParser.scopeTrialCheck([IILorg/eclipse/jdt/internal/compiler/parser/diagnose/DiagnoseParser$PrimaryRepairI
Event: 1026.840 Thread 0x00000229717ad340 DEOPT PACKING pc=0x00000229240438e8 sp=0x0000005a1a6fe670
Event: 1026.840 Thread 0x00000229717ad340 DEOPT UNPACKING pc=0x0000022923233aa2 sp=0x0000005a1a6fe5e0 mode 2
Event: 1029.824 Thread 0x00000229717af410 Uncommon trap: trap_request=0xffffff45 fr.pc=0x0000022923bb2ec4 relative=0x00000000000001a4
Event: 1029.824 Thread 0x00000229717af410 Uncommon trap: reason=unstable_if action=reinterpret pc=0x0000022923bb2ec4 method=java.util.Arrays.equals([C[C)Z @ 8 c2
Event: 1029.824 Thread 0x00000229717af410 DEOPT PACKING pc=0x0000022923bb2ec4 sp=0x0000005a1b5fda20
Event: 1029.824 Thread 0x00000229717af410 DEOPT UNPACKING pc=0x0000022923233aa2 sp=0x0000005a1b5fd9d8 mode 2
Event: 1318.066 Thread 0x00000229717ad340 DEOPT PACKING pc=0x000002291c9a52d0 sp=0x0000005a1a6fecd0
Event: 1318.066 Thread 0x00000229717ad340 DEOPT UNPACKING pc=0x0000022923234242 sp=0x0000005a1a6fe228 mode 0

Classes loaded (20 events):
Event: 92.326 Loading class java/util/regex/Pattern$Behind
Event: 92.328 Loading class java/util/regex/Pattern$Behind done
Event: 92.329 Loading class java/util/regex/Pattern$Neg
Event: 92.329 Loading class java/util/regex/Pattern$Neg done
Event: 713.667 Loading class java/util/stream/ReduceOps$5
Event: 713.696 Loading class java/util/stream/ReduceOps$5 done
Event: 713.698 Loading class java/util/stream/ReduceOps$CountingSink$OfRef
Event: 713.700 Loading class java/util/stream/ReduceOps$CountingSink
Event: 713.709 Loading class java/util/stream/ReduceOps$CountingSink done
Event: 713.730 Loading class java/util/stream/ReduceOps$CountingSink$OfRef done
Event: 1016.902 Loading class java/util/stream/ReferencePipeline$4
Event: 1016.910 Loading class java/util/stream/ReferencePipeline$4 done
Event: 1016.917 Loading class java/util/stream/Nodes$IntFixedNodeBuilder
Event: 1016.918 Loading class java/util/stream/Node$Builder$OfInt
Event: 1016.920 Loading class java/util/stream/Node$Builder$OfInt done
Event: 1016.920 Loading class java/util/stream/Nodes$IntArrayNode
Event: 1016.923 Loading class java/util/stream/Nodes$IntArrayNode done
Event: 1016.923 Loading class java/util/stream/Nodes$IntFixedNodeBuilder done
Event: 1016.924 Loading class java/util/stream/ReferencePipeline$4$1
Event: 1016.925 Loading class java/util/stream/ReferencePipeline$4$1 done

Classes unloaded (13 events):
Event: 23.709 Thread 0x0000022918b6c3c0 Unloading class 0x00000229311a9800 'java/lang/invoke/LambdaForm$MH+0x00000229311a9800'
Event: 23.709 Thread 0x0000022918b6c3c0 Unloading class 0x00000229311a9400 'java/lang/invoke/LambdaForm$MH+0x00000229311a9400'
Event: 23.709 Thread 0x0000022918b6c3c0 Unloading class 0x00000229311a9000 'java/lang/invoke/LambdaForm$MH+0x00000229311a9000'
Event: 23.709 Thread 0x0000022918b6c3c0 Unloading class 0x00000229311a8c00 'java/lang/invoke/LambdaForm$MH+0x00000229311a8c00'
Event: 23.709 Thread 0x0000022918b6c3c0 Unloading class 0x00000229311a8800 'java/lang/invoke/LambdaForm$BMH+0x00000229311a8800'
Event: 23.710 Thread 0x0000022918b6c3c0 Unloading class 0x00000229311a8400 'java/lang/invoke/LambdaForm$DMH+0x00000229311a8400'
Event: 23.710 Thread 0x0000022918b6c3c0 Unloading class 0x00000229311a7000 'java/lang/invoke/LambdaForm$DMH+0x00000229311a7000'
Event: 29.783 Thread 0x0000022918b6c3c0 Unloading class 0x00000229312a1000 'java/lang/invoke/LambdaForm$DMH+0x00000229312a1000'
Event: 29.783 Thread 0x0000022918b6c3c0 Unloading class 0x0000022931295c00 'java/lang/invoke/LambdaForm$MH+0x0000022931295c00'
Event: 29.783 Thread 0x0000022918b6c3c0 Unloading class 0x0000022931295400 'java/lang/invoke/LambdaForm$MH+0x0000022931295400'
Event: 29.783 Thread 0x0000022918b6c3c0 Unloading class 0x0000022931294800 'java/lang/invoke/LambdaForm$MH+0x0000022931294800'
Event: 29.783 Thread 0x0000022918b6c3c0 Unloading class 0x00000229311a8c00 'java/lang/invoke/LambdaForm$MH+0x00000229311a8c00'
Event: 29.783 Thread 0x0000022918b6c3c0 Unloading class 0x00000229311a8800 'java/lang/invoke/LambdaForm$MH+0x00000229311a8800'

Classes redefined (0 events):
No events

Internal exceptions (20 events):
Event: 90.326 Thread 0x00000229717ad340 Exception <a 'sun/nio/fs/WindowsException'{0x00000000d5620488}> (0x00000000d5620488) 
thrown [s\src\hotspot\share\prims\jni.cpp, line 520]
Event: 90.326 Thread 0x00000229717ad340 Exception <a 'sun/nio/fs/WindowsException'{0x00000000d5621c18}> (0x00000000d5621c18) 
thrown [s\src\hotspot\share\prims\jni.cpp, line 520]
Event: 90.326 Thread 0x00000229717ad340 Exception <a 'sun/nio/fs/WindowsException'{0x00000000d56258f0}> (0x00000000d56258f0) 
thrown [s\src\hotspot\share\prims\jni.cpp, line 520]
Event: 90.326 Thread 0x00000229717ad340 Exception <a 'sun/nio/fs/WindowsException'{0x00000000d5626420}> (0x00000000d5626420) 
thrown [s\src\hotspot\share\prims\jni.cpp, line 520]
Event: 90.351 Thread 0x00000229717aabe0 Exception <a 'java/lang/NoSuchMethodError'{0x00000000d55c4eb8}: 'java.lang.Object java.lang.invoke.DirectMethodHandle$Holder.invokeSpecial(java.lang.Object, java.lang.Object, java.lang.Object, java.lang.Object, int, java.lang.Object, java.lang.Object)'> (0x00000000d55c4eb8) 
thrown [s\src\hotspot\share\interpreter\linkResolver.cpp, line 773]
Event: 90.698 Thread 0x000002297612f0b0 Exception <a 'sun/nio/fs/WindowsException'{0x00000000d55abc38}> (0x00000000d55abc38) 
thrown [s\src\hotspot\share\prims\jni.cpp, line 520]
Event: 92.214 Thread 0x00000229717ad340 Exception <a 'java/lang/NoSuchMethodError'{0x00000000d55f0718}: 'void java.lang.invoke.DirectMethodHandle$Holder.invokeSpecial(java.lang.Object, java.lang.Object, int)'> (0x00000000d55f0718) 
thrown [s\src\hotspot\share\interpreter\linkResolver.cpp, line 773]
Event: 690.392 Thread 0x0000022978920fa0 Exception <a 'java/lang/IncompatibleClassChangeError'{0x00000000d55a9820}: Found class java.lang.Object, but interface was expected> (0x00000000d55a9820) 
thrown [s\src\hotspot\share\interpreter\linkResolver.cpp, line 840]
Event: 705.754 Thread 0x0000022978920fa0 Exception <a 'java/lang/IncompatibleClassChangeError'{0x00000000d56100e8}: Found class java.lang.Object, but interface was expected> (0x00000000d56100e8) 
thrown [s\src\hotspot\share\interpreter\linkResolver.cpp, line 840]
Event: 705.757 Thread 0x0000022978920fa0 Exception <a 'java/lang/IncompatibleClassChangeError'{0x00000000d5614498}: Found class java.lang.Object, but interface was expected> (0x00000000d5614498) 
thrown [s\src\hotspot\share\interpreter\linkResolver.cpp, line 840]
Event: 713.604 Thread 0x000002297612f0b0 Exception <a 'sun/nio/fs/WindowsException'{0x00000000d5581f18}> (0x00000000d5581f18) 
thrown [s\src\hotspot\share\prims\jni.cpp, line 520]
Event: 786.108 Thread 0x000002297612f0b0 Exception <a 'sun/nio/fs/WindowsException'{0x00000000d5634388}> (0x00000000d5634388) 
thrown [s\src\hotspot\share\prims\jni.cpp, line 520]
Event: 786.903 Thread 0x000002297612f0b0 Exception <a 'sun/nio/fs/WindowsException'{0x00000000d56ba840}> (0x00000000d56ba840) 
thrown [s\src\hotspot\share\prims\jni.cpp, line 520]
Event: 1017.895 Thread 0x000002297612f0b0 Exception <a 'sun/nio/fs/WindowsException'{0x00000000d5618888}> (0x00000000d5618888) 
thrown [s\src\hotspot\share\prims\jni.cpp, line 520]
Event: 1018.666 Thread 0x000002297612f0b0 Exception <a 'sun/nio/fs/WindowsException'{0x00000000d5645e40}> (0x00000000d5645e40) 
thrown [s\src\hotspot\share\prims\jni.cpp, line 520]
Event: 1023.279 Thread 0x0000022978920fa0 Exception <a 'java/lang/NoSuchMethodError'{0x00000000d5684250}: 'java.lang.Object java.lang.invoke.DirectMethodHandle$Holder.invokeStatic(java.lang.Object, int, int, java.lang.Object)'> (0x00000000d5684250) 
thrown [s\src\hotspot\share\interpreter\linkResolver.cpp, line 773]
Event: 1023.756 Thread 0x0000022978920fa0 Implicit null exception at 0x0000022923fda3a3 to 0x0000022923fda708
Event: 1023.992 Thread 0x0000022978920fa0 Exception <a 'java/lang/NoSuchMethodError'{0x00000000d55bde10}: 'java.lang.Object java.lang.invoke.DirectMethodHandle$Holder.newInvokeSpecial(java.lang.Object, java.lang.Object, java.lang.Object, java.lang.Object, java.lang.Object, java.lang.Object, java.lang.Object)'> (0x00000000d55bde10) 
thrown [s\src\hotspot\share\interpreter\linkResolver.cpp, line 773]
Event: 1024.649 Thread 0x0000022978920fa0 Exception <a 'java/lang/ArrayIndexOutOfBoundsException'{0x00000000d559cbb0}: Index 37 out of bounds for length 37> (0x00000000d559cbb0) 
thrown [s\src\hotspot\share\interpreter\interpreterRuntime.cpp, line 439]
Event: 1029.823 Thread 0x00000229717af410 Implicit null exception at 0x0000022923bb2d4f to 0x0000022923bb2eb4

ZGC Phase Switch (0 events):
No events

VM Operations (20 events):
Event: 1082.291 Executing non-safepoint VM operation: HandshakeAllThreads (HandshakeForDeflation)
Event: 1082.292 Executing non-safepoint VM operation: HandshakeAllThreads (HandshakeForDeflation) done
Event: 1082.292 Executing non-safepoint VM operation: RendezvousGCThreads
Event: 1082.292 Executing non-safepoint VM operation: RendezvousGCThreads done
Event: 1084.309 Executing safepoint VM operation: Cleanup
Event: 1084.310 Executing safepoint VM operation: Cleanup done
Event: 1116.267 Executing safepoint VM operation: ParallelGCFailedAllocation (Allocation Failure)
Event: 1116.439 Executing safepoint VM operation: ParallelGCFailedAllocation (Allocation Failure) done
Event: 1262.610 Executing non-safepoint VM operation: HandshakeAllThreads (HandshakeForDeflation)
Event: 1262.612 Executing non-safepoint VM operation: HandshakeAllThreads (HandshakeForDeflation) done
Event: 1262.612 Executing non-safepoint VM operation: RendezvousGCThreads
Event: 1262.612 Executing non-safepoint VM operation: RendezvousGCThreads done
Event: 1317.942 Executing safepoint VM operation: Cleanup
Event: 1317.945 Executing safepoint VM operation: Cleanup done
Event: 1318.960 Executing safepoint VM operation: Cleanup
Event: 1318.960 Executing safepoint VM operation: Cleanup done
Event: 1322.669 Executing non-safepoint VM operation: HandshakeAllThreads (HandshakeForDeflation)
Event: 1322.670 Executing non-safepoint VM operation: HandshakeAllThreads (HandshakeForDeflation) done
Event: 1322.670 Executing non-safepoint VM operation: RendezvousGCThreads
Event: 1322.670 Executing non-safepoint VM operation: RendezvousGCThreads done

Memory protections (0 events):
No events

Nmethod flushes (20 events):
Event: 53.496 Thread 0x0000022918b6c3c0 flushing  nmethod 0x000002291c5a6790
Event: 53.496 Thread 0x0000022918b6c3c0 flushing  nmethod 0x000002291c5da390
Event: 53.496 Thread 0x0000022918b6c3c0 flushing  nmethod 0x000002291c5de110
Event: 53.496 Thread 0x0000022918b6c3c0 flushing  nmethod 0x000002291c5e1910
Event: 53.496 Thread 0x0000022918b6c3c0 flushing  nmethod 0x000002291c5e6110
Event: 53.496 Thread 0x0000022918b6c3c0 flushing  nmethod 0x000002291c5e9690
Event: 53.496 Thread 0x0000022918b6c3c0 flushing  nmethod 0x000002291c5ec790
Event: 53.496 Thread 0x0000022918b6c3c0 flushing  nmethod 0x000002291c5ecb10
Event: 53.496 Thread 0x0000022918b6c3c0 flushing  nmethod 0x000002291c5eff10
Event: 53.496 Thread 0x0000022918b6c3c0 flushing  nmethod 0x000002291c5f3410
Event: 53.496 Thread 0x0000022918b6c3c0 flushing  nmethod 0x000002291c5f5990
Event: 53.496 Thread 0x0000022918b6c3c0 flushing  nmethod 0x000002291c609590
Event: 53.496 Thread 0x0000022918b6c3c0 flushing  nmethod 0x000002291c67a890
Event: 53.496 Thread 0x0000022918b6c3c0 flushing  nmethod 0x000002291c68e890
Event: 53.496 Thread 0x0000022918b6c3c0 flushing  nmethod 0x000002291c68ef90
Event: 53.496 Thread 0x0000022918b6c3c0 flushing  nmethod 0x000002291c690810
Event: 53.496 Thread 0x0000022918b6c3c0 flushing  nmethod 0x000002291c690e10
Event: 53.496 Thread 0x0000022918b6c3c0 flushing  nmethod 0x000002291c691690
Event: 53.496 Thread 0x0000022918b6c3c0 flushing  nmethod 0x000002291c691c90
Event: 53.496 Thread 0x0000022918b6c3c0 flushing  nmethod 0x000002291c693490

Events (20 events):
Event: 1017.421 Thread 0x00000229717ab270 Thread added: 0x00000229717ad340
Event: 1017.802 Thread 0x00000229717ad340 Thread added: 0x00000229717a9ec0
Event: 1017.900 Thread 0x00000229717ad340 Thread added: 0x00000229717ae6f0
Event: 1018.616 Thread 0x0000022918a1fcd0 Thread added: 0x000002297864f810
Event: 1018.911 Thread 0x00000229717accb0 Thread added: 0x00000229717af410
Event: 1023.228 Thread 0x000002297864f810 Thread exited: 0x000002297864f810
Event: 1078.745 Thread 0x00000229717ae6f0 Thread exited: 0x00000229717ae6f0
Event: 1088.368 Thread 0x00000229717aabe0 Thread exited: 0x00000229717aabe0
Event: 1108.605 Thread 0x00000229717accb0 Thread exited: 0x00000229717accb0
Event: 1168.633 Thread 0x00000229717abf90 Thread exited: 0x00000229717abf90
Event: 1228.650 Thread 0x00000229717af410 Thread exited: 0x00000229717af410
Event: 1317.844 Thread 0x00000229717a9ec0 Thread exited: 0x00000229717a9ec0
Event: 1318.035 Thread 0x00000229717ad340 Thread added: 0x00000229717a9ec0
Event: 1318.045 Thread 0x00000229717a9ec0 Thread exited: 0x00000229717a9ec0
Event: 1318.076 Thread 0x00000229717ad340 Thread added: 0x00000229717accb0
Event: 1318.078 Thread 0x00000229717accb0 Thread added: 0x00000229717aabe0
Event: 1318.079 Thread 0x00000229717accb0 Thread added: 0x00000229717a9ec0
Event: 1318.081 Thread 0x00000229717accb0 Thread exited: 0x00000229717accb0
Event: 1318.081 Thread 0x00000229717a9ec0 Thread exited: 0x00000229717a9ec0
Event: 1318.081 Thread 0x00000229717aabe0 Thread exited: 0x00000229717aabe0


Dynamic libraries:
0x00007ff7ff700000 - 0x00007ff7ff70e000 	c:\Users\wenbl\.vscode\extensions\redhat.java-1.54.0-win32-x64\jre\21.0.10-win32-x86_64\bin\java.exe
0x00007fff16980000 - 0x00007fff16be6000 	C:\WINDOWS\SYSTEM32\ntdll.dll
0x00007fff15810000 - 0x00007fff158d9000 	C:\WINDOWS\System32\KERNEL32.DLL
0x00007fff13c10000 - 0x00007fff1400a000 	C:\WINDOWS\System32\KERNELBASE.dll
0x00007fff14390000 - 0x00007fff144dc000 	C:\WINDOWS\System32\ucrtbase.dll
0x00007ffef8470000 - 0x00007ffef8488000 	c:\Users\wenbl\.vscode\extensions\redhat.java-1.54.0-win32-x64\jre\21.0.10-win32-x86_64\bin\jli.dll
0x00007fff15240000 - 0x00007fff15407000 	C:\WINDOWS\System32\USER32.dll
0x00007fff14360000 - 0x00007fff14387000 	C:\WINDOWS\System32\win32u.dll
0x00007fff16780000 - 0x00007fff167ab000 	C:\WINDOWS\System32\GDI32.dll
0x00007fff14170000 - 0x00007fff1429b000 	C:\WINDOWS\System32\gdi32full.dll
0x00007fff140c0000 - 0x00007fff14163000 	C:\WINDOWS\System32\msvcp_win.dll
0x00007ffef8450000 - 0x00007ffef846e000 	c:\Users\wenbl\.vscode\extensions\redhat.java-1.54.0-win32-x64\jre\21.0.10-win32-x86_64\bin\VCRUNTIME140.dll
0x00007fff02440000 - 0x00007fff026d2000 	C:\WINDOWS\WinSxS\amd64_microsoft.windows.common-controls_6595b64144ccf1df_6.0.26100.8521_none_3e08b75ce33403b3\COMCTL32.dll
0x00007fff14d80000 - 0x00007fff14e29000 	C:\WINDOWS\System32\msvcrt.dll
0x00007fff16860000 - 0x00007fff16892000 	C:\WINDOWS\System32\IMM32.DLL
0x00007fff0ea80000 - 0x00007fff0ea8c000 	c:\Users\wenbl\.vscode\extensions\redhat.java-1.54.0-win32-x64\jre\21.0.10-win32-x86_64\bin\vcruntime140_1.dll
0x00007ffed40b0000 - 0x00007ffed413d000 	c:\Users\wenbl\.vscode\extensions\redhat.java-1.54.0-win32-x64\jre\21.0.10-win32-x86_64\bin\msvcp140.dll
0x00007ffe2f000000 - 0x00007ffe2fda1000 	c:\Users\wenbl\.vscode\extensions\redhat.java-1.54.0-win32-x64\jre\21.0.10-win32-x86_64\bin\server\jvm.dll
0x00007fff160e0000 - 0x00007fff16196000 	C:\WINDOWS\System32\ADVAPI32.dll
0x00007fff167b0000 - 0x00007fff1685a000 	C:\WINDOWS\System32\sechost.dll
0x00007fff14ef0000 - 0x00007fff15008000 	C:\WINDOWS\System32\RPCRT4.dll
0x00007fff14b80000 - 0x00007fff14c00000 	C:\WINDOWS\System32\WS2_32.dll
0x00007fff13a90000 - 0x00007fff13aee000 	C:\WINDOWS\SYSTEM32\POWRPROF.dll
0x00007fff0b170000 - 0x00007fff0b1a6000 	C:\WINDOWS\SYSTEM32\WINMM.dll
0x00007fff0b1b0000 - 0x00007fff0b1bb000 	C:\WINDOWS\SYSTEM32\VERSION.dll
0x00007fff13a70000 - 0x00007fff13a84000 	C:\WINDOWS\SYSTEM32\UMPDC.dll
0x00007fff129a0000 - 0x00007fff129bb000 	C:\WINDOWS\SYSTEM32\kernel.appcore.dll
0x00007fff06d50000 - 0x00007fff06d5a000 	c:\Users\wenbl\.vscode\extensions\redhat.java-1.54.0-win32-x64\jre\21.0.10-win32-x86_64\bin\jimage.dll
0x00007fff0bbe0000 - 0x00007fff0be22000 	C:\WINDOWS\SYSTEM32\DBGHELP.DLL
0x00007fff162a0000 - 0x00007fff16623000 	C:\WINDOWS\System32\combase.dll
0x00007fff15730000 - 0x00007fff15809000 	C:\WINDOWS\System32\OLEAUT32.dll
0x00007ffef5a30000 - 0x00007ffef5a6b000 	C:\WINDOWS\SYSTEM32\dbgcore.DLL
0x00007fff14010000 - 0x00007fff140b8000 	C:\WINDOWS\System32\bcryptPrimitives.dll
0x00007ffeffea0000 - 0x00007ffeffeaf000 	c:\Users\wenbl\.vscode\extensions\redhat.java-1.54.0-win32-x64\jre\21.0.10-win32-x86_64\bin\instrument.dll
0x00007ffeeff30000 - 0x00007ffeeff50000 	c:\Users\wenbl\.vscode\extensions\redhat.java-1.54.0-win32-x64\jre\21.0.10-win32-x86_64\bin\java.dll
0x00007fff15940000 - 0x00007fff160c4000 	C:\WINDOWS\System32\SHELL32.dll
0x00007fff11810000 - 0x00007fff12090000 	C:\WINDOWS\SYSTEM32\windows.storage.dll
0x00007fff161a0000 - 0x00007fff16296000 	C:\WINDOWS\System32\SHCORE.dll
0x00007fff15420000 - 0x00007fff15487000 	C:\WINDOWS\System32\shlwapi.dll
0x00007fff13b30000 - 0x00007fff13b59000 	C:\WINDOWS\SYSTEM32\profapi.dll
0x00007ffeed920000 - 0x00007ffeed938000 	c:\Users\wenbl\.vscode\extensions\redhat.java-1.54.0-win32-x64\jre\21.0.10-win32-x86_64\bin\zip.dll
0x00007ffef9e00000 - 0x00007ffef9e10000 	C:\Users\wenbl\.vscode\extensions\redhat.java-1.54.0-win32-x64\jre\21.0.10-win32-x86_64\bin\net.dll
0x00007fff08bd0000 - 0x00007fff08cf9000 	C:\WINDOWS\SYSTEM32\WINHTTP.dll
0x00007fff12f10000 - 0x00007fff12f7c000 	C:\WINDOWS\system32\mswsock.dll
0x00007ffee8cd0000 - 0x00007ffee8ce6000 	C:\Users\wenbl\.vscode\extensions\redhat.java-1.54.0-win32-x64\jre\21.0.10-win32-x86_64\bin\nio.dll
0x00007ffef8310000 - 0x00007ffef8320000 	c:\Users\wenbl\.vscode\extensions\redhat.java-1.54.0-win32-x64\jre\21.0.10-win32-x86_64\bin\verify.dll
0x00007ffeefc80000 - 0x00007ffeefcc5000 	C:\Users\wenbl\AppData\Roaming\Code\User\globalStorage\redhat.java\1.54.0\config_win\org.eclipse.equinox.launcher\org.eclipse.equinox.launcher.win32.win32.x86_64_1.3.0.v20260203-2149\eclipse_11919.dll
0x00007fff150a0000 - 0x00007fff15238000 	C:\WINDOWS\System32\ole32.dll
0x00007ffef19a0000 - 0x00007ffef19aa000 	C:\Users\wenbl\.vscode\extensions\redhat.java-1.54.0-win32-x64\jre\21.0.10-win32-x86_64\bin\management.dll
0x00007ffeefcd0000 - 0x00007ffeefcdc000 	C:\Users\wenbl\.vscode\extensions\redhat.java-1.54.0-win32-x64\jre\21.0.10-win32-x86_64\bin\management_ext.dll
0x00007fff15410000 - 0x00007fff15418000 	C:\WINDOWS\System32\PSAPI.DLL
0x00007fff131f0000 - 0x00007fff1320b000 	C:\WINDOWS\SYSTEM32\CRYPTSP.dll
0x00007fff12900000 - 0x00007fff12939000 	C:\WINDOWS\system32\rsaenh.dll
0x00007fff12fc0000 - 0x00007fff12ff3000 	C:\WINDOWS\SYSTEM32\USERENV.dll
0x00007fff13b00000 - 0x00007fff13b2a000 	C:\WINDOWS\SYSTEM32\bcrypt.dll
0x00007fff13210000 - 0x00007fff1321c000 	C:\WINDOWS\SYSTEM32\CRYPTBASE.dll
0x00007fff123a0000 - 0x00007fff123d3000 	C:\WINDOWS\SYSTEM32\IPHLPAPI.DLL
0x00007fff15090000 - 0x00007fff1509a000 	C:\WINDOWS\System32\NSI.dll
0x00007ffed07d0000 - 0x00007ffed0819000 	C:\Users\wenbl\AppData\Local\Temp\jna-113016746\jna4177768278533675472.dll
0x00007fff08b20000 - 0x00007fff08b3d000 	C:\WINDOWS\SYSTEM32\dhcpcsvc6.DLL
0x00007fff089c0000 - 0x00007fff089e5000 	C:\WINDOWS\SYSTEM32\dhcpcsvc.DLL
0x00007ffeefbe0000 - 0x00007ffeefbee000 	C:\Users\wenbl\.vscode\extensions\redhat.java-1.54.0-win32-x64\jre\21.0.10-win32-x86_64\bin\sunmscapi.dll
0x00007fff144e0000 - 0x00007fff14658000 	C:\WINDOWS\System32\CRYPT32.dll
0x00007fff13410000 - 0x00007fff13440000 	C:\WINDOWS\SYSTEM32\ncrypt.dll
0x00007fff133c0000 - 0x00007fff133ff000 	C:\WINDOWS\SYSTEM32\NTASN1.dll
0x00007fff12430000 - 0x00007fff1257a000 	C:\WINDOWS\SYSTEM32\DNSAPI.dll
0x00007fff12d30000 - 0x00007fff12d3d000 	C:\WINDOWS\SYSTEM32\DSPARSE.dll
0x00007fff0b160000 - 0x00007fff0b16b000 	C:\Windows\System32\rasadhlp.dll
0x00007fff06e30000 - 0x00007fff06eb6000 	C:\WINDOWS\System32\fwpuclnt.dll
0x00007ffeefbd0000 - 0x00007ffeefbd9000 	C:\Users\wenbl\.vscode\extensions\redhat.java-1.54.0-win32-x64\jre\21.0.10-win32-x86_64\bin\extnet.dll

JVMTI agents:
c:\Users\wenbl\.vscode\extensions\redhat.java-1.54.0-win32-x64\lombok\lombok-1.18.39-4050.jar path:c:\Users\wenbl\.vscode\extensions\redhat.java-1.54.0-win32-x64\jre\21.0.10-win32-x86_64\bin\instrument.dll, loaded, initialized, instrumentlib options:none

dbghelp: loaded successfully - version: 4.0.5 - missing functions: none
symbol engine: initialized successfully - sym options: 0x614 - pdb path: .;c:\Users\wenbl\.vscode\extensions\redhat.java-1.54.0-win32-x64\jre\21.0.10-win32-x86_64\bin;C:\WINDOWS\SYSTEM32;C:\WINDOWS\WinSxS\amd64_microsoft.windows.common-controls_6595b64144ccf1df_6.0.26100.8521_none_3e08b75ce33403b3;c:\Users\wenbl\.vscode\extensions\redhat.java-1.54.0-win32-x64\jre\21.0.10-win32-x86_64\bin\server;C:\Users\wenbl\AppData\Roaming\Code\User\globalStorage\redhat.java\1.54.0\config_win\org.eclipse.equinox.launcher\org.eclipse.equinox.launcher.win32.win32.x86_64_1.3.0.v20260203-2149;C:\Users\wenbl\AppData\Local\Temp\jna-113016746

VM Arguments:
jvm_args: --add-modules=ALL-SYSTEM --add-opens=java.base/java.util=ALL-UNNAMED --add-opens=java.base/java.lang=ALL-UNNAMED --add-opens=java.base/sun.nio.fs=ALL-UNNAMED -Declipse.application=org.eclipse.jdt.ls.core.id1 -Dosgi.bundles.defaultStartLevel=4 -Declipse.product=org.eclipse.jdt.ls.core.product -Djava.import.generatesMetadataFilesAtProjectRoot=false -DDetectVMInstallationsJob.disabled=true -Dfile.encoding=utf8 -XX:+UseParallelGC -XX:GCTimeRatio=4 -XX:AdaptiveSizePolicyWeight=90 -Dsun.zip.disableMemoryMapping=true -Xmx2G -Xms100m -Xlog:disable -javaagent:c:\Users\wenbl\.vscode\extensions\redhat.java-1.54.0-win32-x64\lombok\lombok-1.18.39-4050.jar -XX:+HeapDumpOnOutOfMemoryError -XX:HeapDumpPath=c:\Users\wenbl\AppData\Roaming\Code\User\workspaceStorage\0c2cef8eb0cbd9d33b2b973e257d3f55\redhat.java -Daether.dependencyCollector.impl=bf 
java_command: c:\Users\wenbl\.vscode\extensions\redhat.java-1.54.0-win32-x64\server\plugins\org.eclipse.equinox.launcher_1.7.100.v20251111-0406.jar -configuration c:\Users\wenbl\AppData\Roaming\Code\User\globalStorage\redhat.java\1.54.0\config_win -data c:\Users\wenbl\AppData\Roaming\Code\User\workspaceStorage\0c2cef8eb0cbd9d33b2b973e257d3f55\redhat.java\jdt_ws --pipe=\\.\pipe\lsp-6588917f4685f59bb4ea99997b0ec623-sock
java_class_path (initial): c:\Users\wenbl\.vscode\extensions\redhat.java-1.54.0-win32-x64\server\plugins\org.eclipse.equinox.launcher_1.7.100.v20251111-0406.jar
Launcher Type: SUN_STANDARD

[Global flags]
    uintx AdaptiveSizePolicyWeight                 = 90                                        {product} {command line}
     intx CICompilerCount                          = 3                                         {product} {ergonomic}
    uintx GCTimeRatio                              = 4                                         {product} {command line}
     bool HeapDumpOnOutOfMemoryError               = true                                   {manageable} {command line}
    ccstr HeapDumpPath                             = c:\Users\wenbl\AppData\Roaming\Code\User\workspaceStorage\0c2cef8eb0cbd9d33b2b973e257d3f55\redhat.java         {manageable} {command line}
   size_t InitialHeapSize                          = 104857600                                 {product} {command line}
   size_t MaxHeapSize                              = 2147483648                                {product} {command line}
   size_t MaxNewSize                               = 715653120                                 {product} {ergonomic}
   size_t MinHeapDeltaBytes                        = 524288                                    {product} {ergonomic}
   size_t MinHeapSize                              = 104857600                                 {product} {command line}
   size_t NewSize                                  = 34603008                                  {product} {ergonomic}
    uintx NonNMethodCodeHeapSize                   = 5832780                                {pd product} {ergonomic}
    uintx NonProfiledCodeHeapSize                  = 122912730                              {pd product} {ergonomic}
   size_t OldSize                                  = 70254592                                  {product} {ergonomic}
    uintx ProfiledCodeHeapSize                     = 122912730                              {pd product} {ergonomic}
    uintx ReservedCodeCacheSize                    = 251658240                              {pd product} {ergonomic}
     bool SegmentedCodeCache                       = true                                      {product} {ergonomic}
   size_t SoftMaxHeapSize                          = 2147483648                             {manageable} {ergonomic}
     bool UseCompressedOops                        = true                           {product lp64_product} {ergonomic}
     bool UseLargePagesIndividualAllocation        = false                                  {pd product} {ergonomic}
     bool UseParallelGC                            = true                                      {product} {command line}

Logging:
Log output configuration:
 #0: stdout all=off uptime,level,tags foldmultilines=false
 #1: stderr all=off uptime,level,tags foldmultilines=false

Release file:
JAVA_VERSION="21.0.10" 
MODULES="java.base java.compiler java.datatransfer java.xml java.prefs java.desktop java.instrument java.logging java.management java.security.sasl java.naming java.rmi java.management.rmi java.net.http java.scripting java.security.jgss java.transaction.xa java.sql java.sql.rowset java.xml.crypto java.se java.smartcardio jdk.accessibility jdk.internal.jvmstat jdk.attach jdk.charsets jdk.internal.opt jdk.zipfs jdk.compiler jdk.crypto.ec jdk.crypto.cryptoki jdk.crypto.mscapi jdk.dynalink jdk.internal.ed jdk.editpad jdk.hotspot.agent jdk.httpserver jdk.internal.le jdk.internal.vm.ci jdk.internal.vm.compiler jdk.internal.vm.compiler.management jdk.jartool jdk.javadoc jdk.jcmd jdk.management jdk.management.agent jdk.jconsole jdk.jdeps jdk.jdwp.agent jdk.jdi jdk.jfr jdk.jshell jdk.jsobject jdk.jstatd jdk.localedata jdk.management.jfr jdk.naming.dns jdk.naming.rmi jdk.net jdk.nio.mapmode jdk.random jdk.sctp jdk.security.auth jdk.security.jgss jdk.unsupported jdk.unsupported.desktop jdk.xml.dom" 

Environment Variables:
PATH=C:\ProgramData\Oracle\Java\javapath;C:\WINDOWS\system32;C:\WINDOWS;C:\WINDOWS\System32\Wbem;C:\WINDOWS\System32\WindowsPowerShell\v1.0\;C:\WINDOWS\System32\OpenSSH\;C:\Program Files\Git\cmd;C:\Users\wenbl\AppData\Local\Programs\Python\Python313\Scripts\;C:\Users\wenbl\AppData\Local\Programs\Python\Python313\;C:\Users\wenbl\AppData\Local\Programs\Python\Launcher\;C:\Users\wenbl\AppData\Local\Microsoft\WindowsApps;C:\Users\wenbl\AppData\Local\Programs\Microsoft VS Code\bin
USERNAME=wenbl
OS=Windows_NT
PROCESSOR_IDENTIFIER=AMD64 Family 23 Model 24 Stepping 1, AuthenticAMD
TMP=C:\Users\wenbl\AppData\Local\Temp
TEMP=C:\Users\wenbl\AppData\Local\Temp




Periodic native trim disabled

---------------  S Y S T E M  ---------------

OS:
 Windows 11 , 64 bit Build 26100 (10.0.26100.8521)
OS uptime: 0 days 3:01 hours

CPU: total 4 (initial active 4) (4 cores per cpu, 2 threads per core) family 23 model 24 stepping 1 microcode 0x8108109, cx8, cmov, fxsr, ht, mmx, 3dnowpref, sse, sse2, sse3, ssse3, sse4a, sse4.1, sse4.2, popcnt, lzcnt, tsc, tscinvbit, avx, avx2, aes, clmul, bmi1, bmi2, adx, sha, fma, vzeroupper, clflush, clflushopt, rdtscp, f16c
Processor Information for the first 4 processors :
  Max Mhz: 2600, Current Mhz: 2600, Mhz Limit: 2600

Memory: 4k page, system-wide physical 3499M (254M free)
TotalPageFile size 14251M (AvailPageFile size 4M)
current process WorkingSet (physical memory assigned to process): 8M, peak: 549M
current process commit charge ("private bytes"): 746M, peak: 749M

vm_info: OpenJDK 64-Bit Server VM (21.0.10+7-LTS) for windows-amd64 JRE (21.0.10+7-LTS), built on 2026-01-20T00:00:00Z by "admin" with MS VC++ 17.12 (VS2022)

END.
