#
# There is insufficient memory for the Java Runtime Environment to continue.
# Native memory allocation (malloc) failed to allocate 1237648 bytes. Error detail: Chunk::new
# Possible reasons:
#   The system is out of physical RAM or swap space
#   This process is running with CompressedOops enabled, and the Java Heap may be blocking the growth of the native heap
# Possible solutions:
#   Reduce memory load on the system
#   Increase physical memory or swap space
#   Check if swap backing store is full
#   Decrease Java heap size (-Xmx/-Xms)
#   Decrease number of Java threads
#   Decrease Java thread stack sizes (-Xss)
#   Set larger code cache with -XX:ReservedCodeCacheSize=
#   JVM is running with Unscaled Compressed Oops mode in which the Java heap is
#     placed in the first 4GB address space. The Java Heap base address is the
#     maximum limit for the native heap growth. Please use -XX:HeapBaseMinAddress
#     to set the Java Heap base and to place the Java Heap above 4GB virtual address.
# This output file may be truncated or incomplete.
#
#  Out of Memory Error (arena.cpp:168), pid=15068, tid=14296
#
# JRE version: OpenJDK Runtime Environment Temurin-21.0.10+7 (21.0.10+7) (build 21.0.10+7-LTS)
# Java VM: OpenJDK 64-Bit Server VM Temurin-21.0.10+7 (21.0.10+7-LTS, mixed mode, sharing, tiered, compressed oops, compressed class ptrs, parallel gc, windows-amd64)
# No core dump will be written. Minidumps are not enabled by default on client versions of Windows
#

---------------  S U M M A R Y ------------

Command Line: --add-modules=ALL-SYSTEM --add-opens=java.base/java.util=ALL-UNNAMED --add-opens=java.base/java.lang=ALL-UNNAMED --add-opens=java.base/sun.nio.fs=ALL-UNNAMED -Declipse.application=org.eclipse.jdt.ls.core.id1 -Dosgi.bundles.defaultStartLevel=4 -Declipse.product=org.eclipse.jdt.ls.core.product -Djava.import.generatesMetadataFilesAtProjectRoot=false -DDetectVMInstallationsJob.disabled=true -Dfile.encoding=utf8 -XX:+UseParallelGC -XX:GCTimeRatio=4 -XX:AdaptiveSizePolicyWeight=90 -Dsun.zip.disableMemoryMapping=true -Xmx2G -Xms100m -Xlog:disable -javaagent:c:\Users\wenbl\.vscode\extensions\redhat.java-1.54.0-win32-x64\lombok\lombok-1.18.39-4050.jar -XX:+HeapDumpOnOutOfMemoryError -XX:HeapDumpPath=c:\Users\wenbl\AppData\Roaming\Code\User\workspaceStorage\0c2cef8eb0cbd9d33b2b973e257d3f55\redhat.java -Daether.dependencyCollector.impl=bf c:\Users\wenbl\.vscode\extensions\redhat.java-1.54.0-win32-x64\server\plugins\org.eclipse.equinox.launcher_1.7.100.v20251111-0406.jar -configuration c:\Users\wenbl\AppData\Roaming\Code\User\globalStorage\redhat.java\1.54.0\config_win -data c:\Users\wenbl\AppData\Roaming\Code\User\workspaceStorage\0c2cef8eb0cbd9d33b2b973e257d3f55\redhat.java\jdt_ws --pipe=\\.\pipe\lsp-8ff45b1445e8de1083177fa784dab48e-sock

Host: AMD Ryzen 3 3250U with Radeon Graphics         , 4 cores, 3G,  Windows 11 , 64 bit Build 26100 (10.0.26100.8521)
Time: Mon Jun 22 12:51:46 2026 Hora estándar central (México) elapsed time: 693.886030 seconds (0d 0h 11m 33s)

---------------  T H R E A D  ---------------

Current thread (0x000002b8ea4c4070):  JavaThread "C2 CompilerThread0" daemon [_thread_in_native, id=14296, stack(0x000000f709e00000,0x000000f709f00000) (1024K)]


Current CompileTask:
C2:693887 9117       4       org.eclipse.jdt.internal.compiler.parser.Parser::consumeRule (7843 bytes)

Stack: [0x000000f709e00000,0x000000f709f00000]
Native frames: (J=compiled Java code, j=interpreted, Vv=VM code, C=native code)
V  [jvm.dll+0x6d7a39]
V  [jvm.dll+0x8b4b26]
V  [jvm.dll+0x8b70de]
V  [jvm.dll+0x8b77c3]
V  [jvm.dll+0x284346]
V  [jvm.dll+0xc66ed]
V  [jvm.dll+0xc6c31]
V  [jvm.dll+0x3bec3b]
V  [jvm.dll+0x38b162]
V  [jvm.dll+0x38a5aa]
V  [jvm.dll+0x24c560]
V  [jvm.dll+0x24bb40]
V  [jvm.dll+0x1cb34e]
V  [jvm.dll+0x25b85d]
V  [jvm.dll+0x259dea]
V  [jvm.dll+0x3f857e]
V  [jvm.dll+0x85f59d]
V  [jvm.dll+0x6d626d]
C  [ucrtbase.dll+0x2cd30]
C  [KERNEL32.DLL+0x2e957]
C  [ntdll.dll+0x87c1c]


---------------  P R O C E S S  ---------------

Threads class SMR info:
_java_thread_list=0x000002b8fdfe86e0, length=36, elements={
0x000002b8ea5bee40, 0x000002b8ea4a7410, 0x000002b8ea4ab770, 0x000002b8ea4b4320,
0x000002b8ea4b5000, 0x000002b8ea4b6fc0, 0x000002b8ea4bc890, 0x000002b8ea4c4070,
0x000002b8ea4c5fd0, 0x000002b8fdc579b0, 0x000002b8fddbec80, 0x000002b8fe6db0b0,
0x000002b8fe5ce230, 0x000002b8fde06600, 0x000002b8fe5bd980, 0x000002b8feaf5970,
0x000002b8ff0f3760, 0x000002b8fe4bc230, 0x000002b8fdf9ddc0, 0x000002b8fdf9bcf0,
0x000002b8fdf9d0a0, 0x000002b8fdf9d730, 0x000002b8c9bf03c0, 0x000002b8c9bef6a0,
0x000002b8c9bf1770, 0x000002b8c9befd30, 0x000002b8c9bf1e00, 0x000002b8c9bf0a50,
0x000002b8c9bee980, 0x000002b8c9bf2490, 0x000002b8c96bfd30, 0x000002b8c96c1770,
0x000002b8c96c1e00, 0x000002b8c96be980, 0x000002b8c96bf6a0, 0x000002b8c96c2490
}

Java Threads: ( => current thread )
  0x000002b8ea5bee40 JavaThread "main"                              [_thread_blocked, id=16668, stack(0x000000f709400000,0x000000f709500000) (1024K)]
  0x000002b8ea4a7410 JavaThread "Reference Handler"          daemon [_thread_blocked, id=6912, stack(0x000000f709800000,0x000000f709900000) (1024K)]
  0x000002b8ea4ab770 JavaThread "Finalizer"                  daemon [_thread_blocked, id=14420, stack(0x000000f709900000,0x000000f709a00000) (1024K)]
  0x000002b8ea4b4320 JavaThread "Signal Dispatcher"          daemon [_thread_blocked, id=11260, stack(0x000000f709a00000,0x000000f709b00000) (1024K)]
  0x000002b8ea4b5000 JavaThread "Attach Listener"            daemon [_thread_blocked, id=15512, stack(0x000000f709b00000,0x000000f709c00000) (1024K)]
  0x000002b8ea4b6fc0 JavaThread "Service Thread"             daemon [_thread_blocked, id=17320, stack(0x000000f709c00000,0x000000f709d00000) (1024K)]
  0x000002b8ea4bc890 JavaThread "Monitor Deflation Thread"   daemon [_thread_blocked, id=17888, stack(0x000000f709d00000,0x000000f709e00000) (1024K)]
=>0x000002b8ea4c4070 JavaThread "C2 CompilerThread0"         daemon [_thread_in_native, id=14296, stack(0x000000f709e00000,0x000000f709f00000) (1024K)]
  0x000002b8ea4c5fd0 JavaThread "C1 CompilerThread0"         daemon [_thread_blocked, id=6824, stack(0x000000f709f00000,0x000000f70a000000) (1024K)]
  0x000002b8fdc579b0 JavaThread "Common-Cleaner"             daemon [_thread_blocked, id=15824, stack(0x000000f70a000000,0x000000f70a100000) (1024K)]
  0x000002b8fddbec80 JavaThread "Notification Thread"        daemon [_thread_blocked, id=15816, stack(0x000000f70a200000,0x000000f70a300000) (1024K)]
  0x000002b8fe6db0b0 JavaThread "Active Thread: Equinox Container: 06094bd5-f715-44df-ab89-74640c064838"        [_thread_blocked, id=14792, stack(0x000000f70a100000,0x000000f70a200000) (1024K)]
  0x000002b8fe5ce230 JavaThread "Refresh Thread: Equinox Container: 06094bd5-f715-44df-ab89-74640c064838" daemon [_thread_blocked, id=11400, stack(0x000000f70a600000,0x000000f70a700000) (1024K)]
  0x000002b8fde06600 JavaThread "Framework Event Dispatcher: Equinox Container: 06094bd5-f715-44df-ab89-74640c064838" daemon [_thread_blocked, id=15636, stack(0x000000f70a700000,0x000000f70a800000) (1024K)]
  0x000002b8fe5bd980 JavaThread "Start Level: Equinox Container: 06094bd5-f715-44df-ab89-74640c064838" daemon [_thread_blocked, id=18076, stack(0x000000f70a800000,0x000000f70a900000) (1024K)]
  0x000002b8feaf5970 JavaThread "Bundle File Closer"         daemon [_thread_blocked, id=16176, stack(0x000000f70a900000,0x000000f70aa00000) (1024K)]
  0x000002b8ff0f3760 JavaThread "SCR Component Actor"        daemon [_thread_blocked, id=18376, stack(0x000000f70aa00000,0x000000f70ab00000) (1024K)]
  0x000002b8fe4bc230 JavaThread "Worker-JM"                         [_thread_blocked, id=18152, stack(0x000000f70ab00000,0x000000f70ac00000) (1024K)]
  0x000002b8fdf9ddc0 JavaThread "JNA Cleaner"                daemon [_thread_blocked, id=16804, stack(0x000000f70ac00000,0x000000f70ad00000) (1024K)]
  0x000002b8fdf9bcf0 JavaThread "Worker-1: Building"                [_thread_blocked, id=18180, stack(0x000000f70ae00000,0x000000f70af00000) (1024K)]
  0x000002b8fdf9d0a0 JavaThread "Java indexing"              daemon [_thread_blocked, id=7344, stack(0x000000f70b100000,0x000000f70b200000) (1024K)]
  0x000002b8fdf9d730 JavaThread "Worker-4"                          [_thread_blocked, id=14256, stack(0x000000f70b200000,0x000000f70b300000) (1024K)]
  0x000002b8c9bf03c0 JavaThread "Thread-1"                   daemon [_thread_in_native, id=7928, stack(0x000000f70b700000,0x000000f70b800000) (1024K)]
  0x000002b8c9bef6a0 JavaThread "Thread-2"                   daemon [_thread_in_native, id=7088, stack(0x000000f70b800000,0x000000f70b900000) (1024K)]
  0x000002b8c9bf1770 JavaThread "Thread-3"                   daemon [_thread_in_native, id=14532, stack(0x000000f70b900000,0x000000f70ba00000) (1024K)]
  0x000002b8c9befd30 JavaThread "Thread-4"                   daemon [_thread_in_native, id=4408, stack(0x000000f70ba00000,0x000000f70bb00000) (1024K)]
  0x000002b8c9bf1e00 JavaThread "Thread-5"                   daemon [_thread_in_native, id=2932, stack(0x000000f70bb00000,0x000000f70bc00000) (1024K)]
  0x000002b8c9bf0a50 JavaThread "pool-2-thread-1"                   [_thread_blocked, id=17580, stack(0x000000f70bc00000,0x000000f70bd00000) (1024K)]
  0x000002b8c9bee980 JavaThread "WorkspaceEventsHandler"            [_thread_blocked, id=11548, stack(0x000000f70bd00000,0x000000f70be00000) (1024K)]
  0x000002b8c9bf2490 JavaThread "pool-1-thread-1"                   [_thread_in_vm, id=12248, stack(0x000000f70be00000,0x000000f70bf00000) (1024K)]
  0x000002b8c96bfd30 JavaThread "Cleaner-0"                  daemon [_thread_blocked, id=18248, stack(0x000000f70c600000,0x000000f70c700000) (1024K)]
  0x000002b8c96c1770 JavaThread "ForkJoinPool.commonPool-worker-4" daemon [_thread_blocked, id=4284, stack(0x000000f709300000,0x000000f709400000) (1024K)]
  0x000002b8c96c1e00 JavaThread "ForkJoinPool.commonPool-worker-5" daemon [_thread_blocked, id=16436, stack(0x000000f709100000,0x000000f709200000) (1024K)]
  0x000002b8c96be980 JavaThread "ForkJoinPool.commonPool-worker-6" daemon [_thread_blocked, id=17988, stack(0x000000f709200000,0x000000f709300000) (1024K)]
  0x000002b8c96bf6a0 JavaThread "Worker-7: Java indexing... "        [_thread_blocked, id=2720, stack(0x000000f70ad00000,0x000000f70ae00000) (1024K)]
  0x000002b8c96c2490 JavaThread "Worker-8"                          [_thread_blocked, id=8464, stack(0x000000f70af00000,0x000000f70b000000) (1024K)]
Total: 36

Other Threads:
  0x000002b8ea67c9d0 VMThread "VM Thread"                           [id=16628, stack(0x000000f709700000,0x000000f709800000) (1024K)] _threads_hazard_ptr=0x000002b8fdfe86e0
  0x000002b8ea44ba00 WatcherThread "VM Periodic Task Thread"        [id=17240, stack(0x000000f709600000,0x000000f709700000) (1024K)]
  0x000002b8ea5dc2b0 WorkerThread "GC Thread#0"                     [id=12804, stack(0x000000f709500000,0x000000f709600000) (1024K)]
  0x000002b8fe5848b0 WorkerThread "GC Thread#1"                     [id=18056, stack(0x000000f70a300000,0x000000f70a400000) (1024K)]
  0x000002b8fe723560 WorkerThread "GC Thread#2"                     [id=15156, stack(0x000000f70a400000,0x000000f70a500000) (1024K)]
  0x000002b8fe723910 WorkerThread "GC Thread#3"                     [id=2260, stack(0x000000f70a500000,0x000000f70a600000) (1024K)]
Total: 6

Threads with active compile tasks:
C2 CompilerThread0  695458 9117       4       org.eclipse.jdt.internal.compiler.parser.Parser::consumeRule (7843 bytes)
Total: 1

VM state: synchronizing (normal execution)

VM Mutex/Monitor currently owned by a thread:  ([mutex/lock_event])
[0x00007ffe2fcbe460] CodeCache_lock - owner thread: 0x000002b8c9bf2490
[0x00007ffe2fcbe560] Threads_lock - owner thread: 0x000002b8ea67c9d0

Heap address: 0x0000000080000000, size: 2048 MB, Compressed Oops mode: 32-bit

CDS archive(s) mapped at: [0x000002b884000000-0x000002b884ba0000-0x000002b884ba0000), size 12189696, SharedBaseAddress: 0x000002b884000000, ArchiveRelocationMode: 1.
Compressed class space mapped at: 0x000002b885000000-0x000002b8c5000000, reserved size: 1073741824
Narrow klass base: 0x000002b884000000, Narrow klass shift: 0, Narrow klass range: 0x100000000

GC Precious Log:
 CardTable entry size: 512
 CPUs: 4 total, 4 available
 Memory: 3499M
 Large Page Support: Disabled
 NUMA Support: Disabled
 Compressed Oops: Enabled (32-bit)
 Alignments: Space 512K, Generation 512K, Heap 2M
 Heap Min Capacity: 100M
 Heap Initial Capacity: 100M
 Heap Max Capacity: 2G
 Pre-touch: Disabled
 Parallel Workers: 4

Heap:
 PSYoungGen      total 17408K, used 7031K [0x00000000d5580000, 0x00000000d6800000, 0x0000000100000000)
  eden space 15872K, 36% used [0x00000000d5580000,0x00000000d5b29eb0,0x00000000d6500000)
  from space 1536K, 80% used [0x00000000d6500000,0x00000000d66340b0,0x00000000d6680000)
  to   space 1536K, 0% used [0x00000000d6680000,0x00000000d6680000,0x00000000d6800000)
 ParOldGen       total 68608K, used 46995K [0x0000000080000000, 0x0000000084300000, 0x00000000d5580000)
  object space 68608K, 68% used [0x0000000080000000,0x0000000082de4e28,0x0000000084300000)
 Metaspace       used 65475K, committed 66944K, reserved 1114112K
  class space    used 7040K, committed 7680K, reserved 1048576K

Card table byte_map: [0x000002b8e9f60000,0x000002b8ea370000] _byte_map_base: 0x000002b8e9b60000

Marking Bits: (ParMarkBitMap*) 0x00007ffe2fcc3450
 Begin Bits: [0x000002b880000000, 0x000002b882000000)
 End Bits:   [0x000002b882000000, 0x000002b884000000)

Polling page: 0x000002b8e81a0000

Metaspace:

Usage:
  Non-class:     57.07 MB used.
      Class:      6.88 MB used.
       Both:     63.94 MB used.

Virtual space:
  Non-class space:       64.00 MB reserved,      57.88 MB ( 90%) committed,  1 nodes.
      Class space:        1.00 GB reserved,       7.50 MB ( <1%) committed,  1 nodes.
             Both:        1.06 GB reserved,      65.38 MB (  6%) committed. 

Chunk freelists:
   Non-Class:  5.31 MB
       Class:  8.55 MB
        Both:  13.86 MB

MaxMetaspaceSize: unlimited
CompressedClassSpaceSize: 1.00 GB
Initial GC threshold: 21.00 MB
Current GC threshold: 97.31 MB
CDS: on
 - commit_granule_bytes: 65536.
 - commit_granule_words: 8192.
 - virtual_space_node_default_size: 8388608.
 - enlarge_chunks_in_place: 1.
 - use_allocation_guard: 0.


Internal statistics:

num_allocs_failed_limit: 11.
num_arena_births: 1110.
num_arena_deaths: 22.
num_vsnodes_births: 2.
num_vsnodes_deaths: 0.
num_space_committed: 1046.
num_space_uncommitted: 0.
num_chunks_returned_to_freelist: 35.
num_chunks_taken_from_freelist: 4276.
num_chunk_merges: 18.
num_chunk_splits: 2568.
num_chunks_enlarged: 1350.
num_inconsistent_stats: 0.

CodeHeap 'non-profiled nmethods': size=120000Kb used=5411Kb max_used=5411Kb free=114588Kb
 bounds [0x000002b8f5290000, 0x000002b8f57e0000, 0x000002b8fc7c0000]
CodeHeap 'profiled nmethods': size=120000Kb used=18531Kb max_used=18531Kb free=101468Kb
 bounds [0x000002b8ed7c0000, 0x000002b8ee9e0000, 0x000002b8f4cf0000]
CodeHeap 'non-nmethods': size=5760Kb used=1448Kb max_used=1509Kb free=4311Kb
 bounds [0x000002b8f4cf0000, 0x000002b8f4f60000, 0x000002b8f5290000]
CodeCache: size=245760Kb, used=25390Kb, max_used=25451Kb, free=220367Kb
 total_blobs=9128, nmethods=8359, adapters=675, full_count=0
Compilation: enabled, stopped_count=0, restarted_count=0

Compilation events (20 events):
Event: 693.242 Thread 0x000002b8ea4c5fd0 nmethod 9111 0x000002b8f57d8a10 code [0x000002b8f57d8ba0, 0x000002b8f57d8c68]
Event: 693.242 Thread 0x000002b8ea4c5fd0 9112       3       org.eclipse.jdt.internal.core.builder.ClasspathJrt$$Lambda/0x000002b885566248::apply (8 bytes)
Event: 693.243 Thread 0x000002b8ea4c5fd0 nmethod 9112 0x000002b8ee9d2a90 code [0x000002b8ee9d2c40, 0x000002b8ee9d2e98]
Event: 693.243 Thread 0x000002b8ea4c5fd0 9113       3       org.eclipse.jdt.internal.core.builder.ClasspathJrt::lambda$1 (2 bytes)
Event: 693.243 Thread 0x000002b8ea4c5fd0 nmethod 9113 0x000002b8ee9d2f90 code [0x000002b8ee9d3120, 0x000002b8ee9d3210]
Event: 693.243 Thread 0x000002b8ea4c5fd0 9114       3       org.eclipse.jdt.internal.core.builder.ClasspathJrt$$Lambda/0x000002b885566488::apply (12 bytes)
Event: 693.243 Thread 0x000002b8ea4c5fd0 nmethod 9114 0x000002b8ee9d3290 code [0x000002b8ee9d3440, 0x000002b8ee9d3700]
Event: 693.371 Thread 0x000002b8ea4c5fd0 9115       3       org.eclipse.jdt.internal.compiler.parser.Parser::consumeDefaultModifiers (47 bytes)
Event: 693.372 Thread 0x000002b8ea4c5fd0 nmethod 9115 0x000002b8ee9d3810 code [0x000002b8ee9d3a00, 0x000002b8ee9d3f38]
Event: 693.372 Thread 0x000002b8ea4c5fd0 9116       3       org.eclipse.jdt.internal.compiler.SourceElementParser::constructTypeReference (765 bytes)
Event: 693.372 Thread 0x000002b8ea4c4070 9117       4       org.eclipse.jdt.internal.compiler.parser.Parser::consumeRule (7843 bytes)
Event: 693.376 Thread 0x000002b8ea4c5fd0 nmethod 9116 0x000002b8ee9d4090 code [0x000002b8ee9d4480, 0x000002b8ee9d6538]
Event: 693.376 Thread 0x000002b8ea4c5fd0 9119       3       org.eclipse.jdt.internal.compiler.ast.Reference::<init> (5 bytes)
Event: 693.378 Thread 0x000002b8ea4c5fd0 nmethod 9119 0x000002b8ee9d7110 code [0x000002b8ee9d72c0, 0x000002b8ee9d7550]
Event: 693.398 Thread 0x000002b8ea4c5fd0 9120       3       org.eclipse.jdt.internal.compiler.parser.Parser::consumeNonTypeUseName (93 bytes)
Event: 693.399 Thread 0x000002b8ea4c5fd0 nmethod 9120 0x000002b8ee9d7690 code [0x000002b8ee9d7880, 0x000002b8ee9d7e48]
Event: 693.399 Thread 0x000002b8ea4c5fd0 9121       3       org.eclipse.jdt.internal.compiler.parser.Scanner::consumeDigits (7 bytes)
Event: 693.400 Thread 0x000002b8ea4c5fd0 nmethod 9121 0x000002b8ee9d8090 code [0x000002b8ee9d8240, 0x000002b8ee9d8380]
Event: 693.400 Thread 0x000002b8ea4c5fd0 9122       3       org.eclipse.jdt.internal.core.util.SimpleWordSet::add (81 bytes)
Event: 693.402 Thread 0x000002b8ea4c5fd0 nmethod 9122 0x000002b8ee9d8410 code [0x000002b8ee9d8620, 0x000002b8ee9d8bd8]

GC Heap History (20 events):
Event: 31.363 GC heap before
{Heap before GC invocations=29 (full 2):
 PSYoungGen      total 20480K, used 20361K [0x00000000d5580000, 0x00000000d6b80000, 0x0000000100000000)
  eden space 19456K, 99% used [0x00000000d5580000,0x00000000d687fc58,0x00000000d6880000)
  from space 1024K, 88% used [0x00000000d6a80000,0x00000000d6b62b40,0x00000000d6b80000)
  to   space 1536K, 0% used [0x00000000d6880000,0x00000000d6880000,0x00000000d6a00000)
 ParOldGen       total 68608K, used 39895K [0x0000000080000000, 0x0000000084300000, 0x00000000d5580000)
  object space 68608K, 58% used [0x0000000080000000,0x00000000826f5fa0,0x0000000084300000)
 Metaspace       used 53861K, committed 55040K, reserved 1114112K
  class space    used 5822K, committed 6336K, reserved 1048576K
}
Event: 31.365 GC heap after
{Heap after GC invocations=29 (full 2):
 PSYoungGen      total 20992K, used 1011K [0x00000000d5580000, 0x00000000d6b80000, 0x0000000100000000)
  eden space 19456K, 0% used [0x00000000d5580000,0x00000000d5580000,0x00000000d6880000)
  from space 1536K, 65% used [0x00000000d6880000,0x00000000d697cfd0,0x00000000d6a00000)
  to   space 1536K, 0% used [0x00000000d6a00000,0x00000000d6a00000,0x00000000d6b80000)
 ParOldGen       total 68608K, used 39911K [0x0000000080000000, 0x0000000084300000, 0x00000000d5580000)
  object space 68608K, 58% used [0x0000000080000000,0x00000000826f9fa0,0x0000000084300000)
 Metaspace       used 53861K, committed 55040K, reserved 1114112K
  class space    used 5822K, committed 6336K, reserved 1048576K
}
Event: 32.074 GC heap before
{Heap before GC invocations=30 (full 2):
 PSYoungGen      total 20992K, used 20465K [0x00000000d5580000, 0x00000000d6b80000, 0x0000000100000000)
  eden space 19456K, 99% used [0x00000000d5580000,0x00000000d687f5f0,0x00000000d6880000)
  from space 1536K, 65% used [0x00000000d6880000,0x00000000d697cfd0,0x00000000d6a00000)
  to   space 1536K, 0% used [0x00000000d6a00000,0x00000000d6a00000,0x00000000d6b80000)
 ParOldGen       total 68608K, used 39911K [0x0000000080000000, 0x0000000084300000, 0x00000000d5580000)
  object space 68608K, 58% used [0x0000000080000000,0x00000000826f9fa0,0x0000000084300000)
 Metaspace       used 55401K, committed 56640K, reserved 1114112K
  class space    used 5973K, committed 6528K, reserved 1048576K
}
Event: 32.080 GC heap after
{Heap after GC invocations=30 (full 2):
 PSYoungGen      total 17920K, used 1536K [0x00000000d5580000, 0x00000000d7180000, 0x0000000100000000)
  eden space 16384K, 0% used [0x00000000d5580000,0x00000000d5580000,0x00000000d6580000)
  from space 1536K, 100% used [0x00000000d6a00000,0x00000000d6b80000,0x00000000d6b80000)
  to   space 4608K, 0% used [0x00000000d6580000,0x00000000d6580000,0x00000000d6a00000)
 ParOldGen       total 68608K, used 42028K [0x0000000080000000, 0x0000000084300000, 0x00000000d5580000)
  object space 68608K, 61% used [0x0000000080000000,0x000000008290b0a8,0x0000000084300000)
 Metaspace       used 55401K, committed 56640K, reserved 1114112K
  class space    used 5973K, committed 6528K, reserved 1048576K
}
Event: 33.162 GC heap before
{Heap before GC invocations=31 (full 2):
 PSYoungGen      total 17920K, used 17920K [0x00000000d5580000, 0x00000000d7180000, 0x0000000100000000)
  eden space 16384K, 100% used [0x00000000d5580000,0x00000000d6580000,0x00000000d6580000)
  from space 1536K, 100% used [0x00000000d6a00000,0x00000000d6b80000,0x00000000d6b80000)
  to   space 4608K, 0% used [0x00000000d6580000,0x00000000d6580000,0x00000000d6a00000)
 ParOldGen       total 68608K, used 42028K [0x0000000080000000, 0x0000000084300000, 0x00000000d5580000)
  object space 68608K, 61% used [0x0000000080000000,0x000000008290b0a8,0x0000000084300000)
 Metaspace       used 57064K, committed 58368K, reserved 1114112K
  class space    used 6152K, committed 6720K, reserved 1048576K
}
Event: 33.170 GC heap after
{Heap after GC invocations=31 (full 2):
 PSYoungGen      total 18432K, used 1640K [0x00000000d5580000, 0x00000000d6a80000, 0x0000000100000000)
  eden space 16384K, 0% used [0x00000000d5580000,0x00000000d5580000,0x00000000d6580000)
  from space 2048K, 80% used [0x00000000d6580000,0x00000000d671a328,0x00000000d6780000)
  to   space 2560K, 0% used [0x00000000d6800000,0x00000000d6800000,0x00000000d6a80000)
 ParOldGen       total 68608K, used 43578K [0x0000000080000000, 0x0000000084300000, 0x00000000d5580000)
  object space 68608K, 63% used [0x0000000080000000,0x0000000082a8e870,0x0000000084300000)
 Metaspace       used 57064K, committed 58368K, reserved 1114112K
  class space    used 6152K, committed 6720K, reserved 1048576K
}
Event: 33.872 GC heap before
{Heap before GC invocations=32 (full 2):
 PSYoungGen      total 18432K, used 16019K [0x00000000d5580000, 0x00000000d6a80000, 0x0000000100000000)
  eden space 16384K, 87% used [0x00000000d5580000,0x00000000d638aca8,0x00000000d6580000)
  from space 2048K, 80% used [0x00000000d6580000,0x00000000d671a328,0x00000000d6780000)
  to   space 2560K, 0% used [0x00000000d6800000,0x00000000d6800000,0x00000000d6a80000)
 ParOldGen       total 68608K, used 43578K [0x0000000080000000, 0x0000000084300000, 0x00000000d5580000)
  object space 68608K, 63% used [0x0000000080000000,0x0000000082a8e870,0x0000000084300000)
 Metaspace       used 58475K, committed 59776K, reserved 1114112K
  class space    used 6307K, committed 6848K, reserved 1048576K
}
Event: 33.877 GC heap after
{Heap after GC invocations=32 (full 2):
 PSYoungGen      total 17920K, used 1344K [0x00000000d5580000, 0x00000000d6980000, 0x0000000100000000)
  eden space 16384K, 0% used [0x00000000d5580000,0x00000000d5580000,0x00000000d6580000)
  from space 1536K, 87% used [0x00000000d6800000,0x00000000d6950000,0x00000000d6980000)
  to   space 2048K, 0% used [0x00000000d6580000,0x00000000d6580000,0x00000000d6780000)
 ParOldGen       total 68608K, used 44507K [0x0000000080000000, 0x0000000084300000, 0x00000000d5580000)
  object space 68608K, 64% used [0x0000000080000000,0x0000000082b76c70,0x0000000084300000)
 Metaspace       used 58475K, committed 59776K, reserved 1114112K
  class space    used 6307K, committed 6848K, reserved 1048576K
}
Event: 33.877 GC heap before
{Heap before GC invocations=33 (full 3):
 PSYoungGen      total 17920K, used 1344K [0x00000000d5580000, 0x00000000d6980000, 0x0000000100000000)
  eden space 16384K, 0% used [0x00000000d5580000,0x00000000d5580000,0x00000000d6580000)
  from space 1536K, 87% used [0x00000000d6800000,0x00000000d6950000,0x00000000d6980000)
  to   space 2048K, 0% used [0x00000000d6580000,0x00000000d6580000,0x00000000d6780000)
 ParOldGen       total 68608K, used 44507K [0x0000000080000000, 0x0000000084300000, 0x00000000d5580000)
  object space 68608K, 64% used [0x0000000080000000,0x0000000082b76c70,0x0000000084300000)
 Metaspace       used 58475K, committed 59776K, reserved 1114112K
  class space    used 6307K, committed 6848K, reserved 1048576K
}
Event: 34.040 GC heap after
{Heap after GC invocations=33 (full 3):
 PSYoungGen      total 17920K, used 0K [0x00000000d5580000, 0x00000000d6980000, 0x0000000100000000)
  eden space 16384K, 0% used [0x00000000d5580000,0x00000000d5580000,0x00000000d6580000)
  from space 1536K, 0% used [0x00000000d6800000,0x00000000d6800000,0x00000000d6980000)
  to   space 2048K, 0% used [0x00000000d6580000,0x00000000d6580000,0x00000000d6780000)
 ParOldGen       total 68608K, used 42453K [0x0000000080000000, 0x0000000084300000, 0x00000000d5580000)
  object space 68608K, 61% used [0x0000000080000000,0x0000000082975790,0x0000000084300000)
 Metaspace       used 58475K, committed 59776K, reserved 1114112K
  class space    used 6307K, committed 6848K, reserved 1048576K
}
Event: 37.345 GC heap before
{Heap before GC invocations=34 (full 3):
 PSYoungGen      total 17920K, used 16384K [0x00000000d5580000, 0x00000000d6980000, 0x0000000100000000)
  eden space 16384K, 100% used [0x00000000d5580000,0x00000000d6580000,0x00000000d6580000)
  from space 1536K, 0% used [0x00000000d6800000,0x00000000d6800000,0x00000000d6980000)
  to   space 2048K, 0% used [0x00000000d6580000,0x00000000d6580000,0x00000000d6780000)
 ParOldGen       total 68608K, used 42453K [0x0000000080000000, 0x0000000084300000, 0x00000000d5580000)
  object space 68608K, 61% used [0x0000000080000000,0x0000000082975790,0x0000000084300000)
 Metaspace       used 59377K, committed 60736K, reserved 1114112K
  class space    used 6395K, committed 6976K, reserved 1048576K
}
Event: 37.350 GC heap after
{Heap after GC invocations=34 (full 3):
 PSYoungGen      total 18432K, used 768K [0x00000000d5580000, 0x00000000d6880000, 0x0000000100000000)
  eden space 16384K, 0% used [0x00000000d5580000,0x00000000d5580000,0x00000000d6580000)
  from space 2048K, 37% used [0x00000000d6580000,0x00000000d6640060,0x00000000d6780000)
  to   space 1024K, 0% used [0x00000000d6780000,0x00000000d6780000,0x00000000d6880000)
 ParOldGen       total 68608K, used 42461K [0x0000000080000000, 0x0000000084300000, 0x00000000d5580000)
  object space 68608K, 61% used [0x0000000080000000,0x0000000082977790,0x0000000084300000)
 Metaspace       used 59377K, committed 60736K, reserved 1114112K
  class space    used 6395K, committed 6976K, reserved 1048576K
}
Event: 40.161 GC heap before
{Heap before GC invocations=35 (full 3):
 PSYoungGen      total 18432K, used 17146K [0x00000000d5580000, 0x00000000d6880000, 0x0000000100000000)
  eden space 16384K, 99% used [0x00000000d5580000,0x00000000d657eb98,0x00000000d6580000)
  from space 2048K, 37% used [0x00000000d6580000,0x00000000d6640060,0x00000000d6780000)
  to   space 1024K, 0% used [0x00000000d6780000,0x00000000d6780000,0x00000000d6880000)
 ParOldGen       total 68608K, used 42461K [0x0000000080000000, 0x0000000084300000, 0x00000000d5580000)
  object space 68608K, 61% used [0x0000000080000000,0x0000000082977790,0x0000000084300000)
 Metaspace       used 61459K, committed 62784K, reserved 1114112K
  class space    used 6609K, committed 7168K, reserved 1048576K
}
Event: 40.164 GC heap after
{Heap after GC invocations=35 (full 3):
 PSYoungGen      total 17408K, used 825K [0x00000000d5580000, 0x00000000d6880000, 0x0000000100000000)
  eden space 16384K, 0% used [0x00000000d5580000,0x00000000d5580000,0x00000000d6580000)
  from space 1024K, 80% used [0x00000000d6780000,0x00000000d684e7c8,0x00000000d6880000)
  to   space 1024K, 0% used [0x00000000d6680000,0x00000000d6680000,0x00000000d6780000)
 ParOldGen       total 68608K, used 42910K [0x0000000080000000, 0x0000000084300000, 0x00000000d5580000)
  object space 68608K, 62% used [0x0000000080000000,0x00000000829e7898,0x0000000084300000)
 Metaspace       used 61459K, committed 62784K, reserved 1114112K
  class space    used 6609K, committed 7168K, reserved 1048576K
}
Event: 41.552 GC heap before
{Heap before GC invocations=36 (full 3):
 PSYoungGen      total 17408K, used 17209K [0x00000000d5580000, 0x00000000d6880000, 0x0000000100000000)
  eden space 16384K, 100% used [0x00000000d5580000,0x00000000d6580000,0x00000000d6580000)
  from space 1024K, 80% used [0x00000000d6780000,0x00000000d684e7c8,0x00000000d6880000)
  to   space 1024K, 0% used [0x00000000d6680000,0x00000000d6680000,0x00000000d6780000)
 ParOldGen       total 68608K, used 42910K [0x0000000080000000, 0x0000000084300000, 0x00000000d5580000)
  object space 68608K, 62% used [0x0000000080000000,0x00000000829e7898,0x0000000084300000)
 Metaspace       used 62364K, committed 63680K, reserved 1114112K
  class space    used 6687K, committed 7232K, reserved 1048576K
}
Event: 41.557 GC heap after
{Heap after GC invocations=36 (full 3):
 PSYoungGen      total 17408K, used 1024K [0x00000000d5580000, 0x00000000d6880000, 0x0000000100000000)
  eden space 16384K, 0% used [0x00000000d5580000,0x00000000d5580000,0x00000000d6580000)
  from space 1024K, 100% used [0x00000000d6680000,0x00000000d6780000,0x00000000d6780000)
  to   space 1024K, 0% used [0x00000000d6780000,0x00000000d6780000,0x00000000d6880000)
 ParOldGen       total 68608K, used 45076K [0x0000000080000000, 0x0000000084300000, 0x00000000d5580000)
  object space 68608K, 65% used [0x0000000080000000,0x0000000082c051e0,0x0000000084300000)
 Metaspace       used 62364K, committed 63680K, reserved 1114112K
  class space    used 6687K, committed 7232K, reserved 1048576K
}
Event: 319.043 GC heap before
{Heap before GC invocations=37 (full 3):
 PSYoungGen      total 17408K, used 17408K [0x00000000d5580000, 0x00000000d6880000, 0x0000000100000000)
  eden space 16384K, 100% used [0x00000000d5580000,0x00000000d6580000,0x00000000d6580000)
  from space 1024K, 100% used [0x00000000d6680000,0x00000000d6780000,0x00000000d6780000)
  to   space 1024K, 0% used [0x00000000d6780000,0x00000000d6780000,0x00000000d6880000)
 ParOldGen       total 68608K, used 45076K [0x0000000080000000, 0x0000000084300000, 0x00000000d5580000)
  object space 68608K, 65% used [0x0000000080000000,0x0000000082c051e0,0x0000000084300000)
 Metaspace       used 64347K, committed 65856K, reserved 1114112K
  class space    used 6967K, committed 7616K, reserved 1048576K
}
Event: 319.127 GC heap after
{Heap after GC invocations=37 (full 3):
 PSYoungGen      total 16896K, used 1021K [0x00000000d5580000, 0x00000000d6a80000, 0x0000000100000000)
  eden space 15872K, 0% used [0x00000000d5580000,0x00000000d5580000,0x00000000d6500000)
  from space 1024K, 99% used [0x00000000d6780000,0x00000000d687f458,0x00000000d6880000)
  to   space 2560K, 0% used [0x00000000d6500000,0x00000000d6500000,0x00000000d6780000)
 ParOldGen       total 68608K, used 46046K [0x0000000080000000, 0x0000000084300000, 0x00000000d5580000)
  object space 68608K, 67% used [0x0000000080000000,0x0000000082cf79d0,0x0000000084300000)
 Metaspace       used 64347K, committed 65856K, reserved 1114112K
  class space    used 6967K, committed 7616K, reserved 1048576K
}
Event: 691.075 GC heap before
{Heap before GC invocations=38 (full 3):
 PSYoungGen      total 16896K, used 16893K [0x00000000d5580000, 0x00000000d6a80000, 0x0000000100000000)
  eden space 15872K, 100% used [0x00000000d5580000,0x00000000d6500000,0x00000000d6500000)
  from space 1024K, 99% used [0x00000000d6780000,0x00000000d687f458,0x00000000d6880000)
  to   space 2560K, 0% used [0x00000000d6500000,0x00000000d6500000,0x00000000d6780000)
 ParOldGen       total 68608K, used 46046K [0x0000000080000000, 0x0000000084300000, 0x00000000d5580000)
  object space 68608K, 67% used [0x0000000080000000,0x0000000082cf79d0,0x0000000084300000)
 Metaspace       used 65109K, committed 66624K, reserved 1114112K
  class space    used 7010K, committed 7616K, reserved 1048576K
}
Event: 691.138 GC heap after
{Heap after GC invocations=38 (full 3):
 PSYoungGen      total 17408K, used 1232K [0x00000000d5580000, 0x00000000d6800000, 0x0000000100000000)
  eden space 15872K, 0% used [0x00000000d5580000,0x00000000d5580000,0x00000000d6500000)
  from space 1536K, 80% used [0x00000000d6500000,0x00000000d66340b0,0x00000000d6680000)
  to   space 1536K, 0% used [0x00000000d6680000,0x00000000d6680000,0x00000000d6800000)
 ParOldGen       total 68608K, used 46995K [0x0000000080000000, 0x0000000084300000, 0x00000000d5580000)
  object space 68608K, 68% used [0x0000000080000000,0x0000000082de4e28,0x0000000084300000)
 Metaspace       used 65109K, committed 66624K, reserved 1114112K
  class space    used 7010K, committed 7616K, reserved 1048576K
}

Dll operation events (10 events):
Event: 0.018 Loaded shared library c:\Users\wenbl\.vscode\extensions\redhat.java-1.54.0-win32-x64\jre\21.0.10-win32-x86_64\bin\java.dll
Event: 0.168 Loaded shared library c:\Users\wenbl\.vscode\extensions\redhat.java-1.54.0-win32-x64\jre\21.0.10-win32-x86_64\bin\zip.dll
Event: 0.248 Loaded shared library C:\Users\wenbl\.vscode\extensions\redhat.java-1.54.0-win32-x64\jre\21.0.10-win32-x86_64\bin\instrument.dll
Event: 0.267 Loaded shared library C:\Users\wenbl\.vscode\extensions\redhat.java-1.54.0-win32-x64\jre\21.0.10-win32-x86_64\bin\net.dll
Event: 0.279 Loaded shared library C:\Users\wenbl\.vscode\extensions\redhat.java-1.54.0-win32-x64\jre\21.0.10-win32-x86_64\bin\nio.dll
Event: 0.291 Loaded shared library C:\Users\wenbl\.vscode\extensions\redhat.java-1.54.0-win32-x64\jre\21.0.10-win32-x86_64\bin\zip.dll
Event: 0.363 Loaded shared library C:\Users\wenbl\.vscode\extensions\redhat.java-1.54.0-win32-x64\jre\21.0.10-win32-x86_64\bin\jimage.dll
Event: 0.569 Loaded shared library c:\Users\wenbl\.vscode\extensions\redhat.java-1.54.0-win32-x64\jre\21.0.10-win32-x86_64\bin\verify.dll
Event: 3.220 Loaded shared library C:\Users\wenbl\AppData\Roaming\Code\User\globalStorage\redhat.java\1.54.0\config_win\org.eclipse.equinox.launcher\org.eclipse.equinox.launcher.win32.win32.x86_64_1.3.0.v20260203-2149\eclipse_11919.dll
Event: 12.233 Loaded shared library C:\Users\wenbl\AppData\Local\Temp\jna-113016746\jna4520321455119365296.dll

Deoptimization events (20 events):
Event: 693.371 Thread 0x000002b8fdf9d0a0 Uncommon trap: trap_request=0xffffffc6 fr.pc=0x000002b8f57c2bbc relative=0x00000000000005fc
Event: 693.371 Thread 0x000002b8fdf9d0a0 Uncommon trap: reason=bimorphic_or_optimized_type_check action=maybe_recompile pc=0x000002b8f57c2bbc method=org.eclipse.jdt.internal.compiler.parser.Parser.consumeRule(I)V @ 4200 c2
Event: 693.371 Thread 0x000002b8fdf9d0a0 DEOPT PACKING pc=0x000002b8f57c2bbc sp=0x000000f70b1fefa0
Event: 693.371 Thread 0x000002b8fdf9d0a0 DEOPT UNPACKING pc=0x000002b8f4d43aa2 sp=0x000000f70b1fef40 mode 2
Event: 693.371 Thread 0x000002b8fdf9d0a0 Uncommon trap: trap_request=0xffffffc6 fr.pc=0x000002b8f57c2b68 relative=0x00000000000005a8
Event: 693.371 Thread 0x000002b8fdf9d0a0 Uncommon trap: reason=bimorphic_or_optimized_type_check action=maybe_recompile pc=0x000002b8f57c2b68 method=org.eclipse.jdt.internal.compiler.parser.Parser.consumeRule(I)V @ 4186 c2
Event: 693.371 Thread 0x000002b8fdf9d0a0 DEOPT PACKING pc=0x000002b8f57c2b68 sp=0x000000f70b1fefa0
Event: 693.371 Thread 0x000002b8fdf9d0a0 DEOPT UNPACKING pc=0x000002b8f4d43aa2 sp=0x000000f70b1fef40 mode 2
Event: 693.371 Thread 0x000002b8fdf9d0a0 Uncommon trap: trap_request=0xffffffc6 fr.pc=0x000002b8f57c2a54 relative=0x0000000000000494
Event: 693.371 Thread 0x000002b8fdf9d0a0 Uncommon trap: reason=bimorphic_or_optimized_type_check action=maybe_recompile pc=0x000002b8f57c2a54 method=org.eclipse.jdt.internal.compiler.parser.Parser.consumeRule(I)V @ 4312 c2
Event: 693.371 Thread 0x000002b8fdf9d0a0 DEOPT PACKING pc=0x000002b8f57c2a54 sp=0x000000f70b1fefa0
Event: 693.371 Thread 0x000002b8fdf9d0a0 DEOPT UNPACKING pc=0x000002b8f4d43aa2 sp=0x000000f70b1fef40 mode 2
Event: 693.371 Thread 0x000002b8fdf9d0a0 Uncommon trap: trap_request=0xffffffc6 fr.pc=0x000002b8f57c2a54 relative=0x0000000000000494
Event: 693.371 Thread 0x000002b8fdf9d0a0 Uncommon trap: reason=bimorphic_or_optimized_type_check action=maybe_recompile pc=0x000002b8f57c2a54 method=org.eclipse.jdt.internal.compiler.parser.Parser.consumeRule(I)V @ 4312 c2
Event: 693.371 Thread 0x000002b8fdf9d0a0 DEOPT PACKING pc=0x000002b8f57c2a54 sp=0x000000f70b1fefa0
Event: 693.371 Thread 0x000002b8fdf9d0a0 DEOPT UNPACKING pc=0x000002b8f4d43aa2 sp=0x000000f70b1fef40 mode 2
Event: 693.572 Thread 0x000002b8fdf9d0a0 Uncommon trap: trap_request=0xffffff45 fr.pc=0x000002b8f575cab0 relative=0x0000000000000470
Event: 693.572 Thread 0x000002b8fdf9d0a0 Uncommon trap: reason=unstable_if action=reinterpret pc=0x000002b8f575cab0 method=org.eclipse.jdt.core.compiler.CharOperation.concatWith([[CC)[C @ 1 c2
Event: 693.572 Thread 0x000002b8fdf9d0a0 DEOPT PACKING pc=0x000002b8f575cab0 sp=0x000000f70b1fec40
Event: 693.573 Thread 0x000002b8fdf9d0a0 DEOPT UNPACKING pc=0x000002b8f4d43aa2 sp=0x000000f70b1fec00 mode 2

Classes loaded (20 events):
Event: 318.922 Loading class java/util/stream/Nodes$ToArrayTask$OfRef
Event: 318.924 Loading class java/util/stream/Nodes$ToArrayTask
Event: 318.927 Loading class java/util/stream/Nodes$ToArrayTask done
Event: 318.927 Loading class java/util/stream/Nodes$ToArrayTask$OfRef done
Event: 318.942 Loading class java/io/ObjectOutputStream$BlockDataOutputStream
Event: 318.946 Loading class java/io/ObjectOutputStream$BlockDataOutputStream done
Event: 318.946 Loading class java/io/ObjectOutputStream$HandleTable
Event: 318.947 Loading class java/io/ObjectOutputStream$HandleTable done
Event: 318.947 Loading class java/io/ObjectOutputStream$ReplaceTable
Event: 318.948 Loading class java/io/ObjectOutputStream$ReplaceTable done
Event: 693.080 Loading class java/util/stream/ReduceOps$5
Event: 693.322 Loading class java/util/stream/DistinctOps
Event: 693.338 Loading class java/util/stream/ReduceOps$5 done
Event: 693.338 Loading class java/util/stream/ReduceOps$CountingSink$OfRef
Event: 693.338 Loading class java/util/stream/ReduceOps$CountingSink
Event: 693.363 Loading class java/util/stream/DistinctOps done
Event: 693.363 Loading class java/util/stream/DistinctOps$1
Event: 693.402 Loading class java/util/stream/DistinctOps$1 done
Event: 693.438 Loading class java/util/stream/ReduceOps$CountingSink done
Event: 693.553 Loading class java/util/stream/ReduceOps$CountingSink$OfRef done

Classes unloaded (11 events):
Event: 16.729 Thread 0x000002b8ea67c9d0 Unloading class 0x000002b8851aac00 'java/lang/invoke/LambdaForm$MH+0x000002b8851aac00'
Event: 16.732 Thread 0x000002b8ea67c9d0 Unloading class 0x000002b8851aa800 'java/lang/invoke/LambdaForm$MH+0x000002b8851aa800'
Event: 16.732 Thread 0x000002b8ea67c9d0 Unloading class 0x000002b8851aa400 'java/lang/invoke/LambdaForm$MH+0x000002b8851aa400'
Event: 16.732 Thread 0x000002b8ea67c9d0 Unloading class 0x000002b8851aa000 'java/lang/invoke/LambdaForm$MH+0x000002b8851aa000'
Event: 16.732 Thread 0x000002b8ea67c9d0 Unloading class 0x000002b8851a9c00 'java/lang/invoke/LambdaForm$BMH+0x000002b8851a9c00'
Event: 16.732 Thread 0x000002b8ea67c9d0 Unloading class 0x000002b8851a9800 'java/lang/invoke/LambdaForm$DMH+0x000002b8851a9800'
Event: 16.732 Thread 0x000002b8ea67c9d0 Unloading class 0x000002b8851a8400 'java/lang/invoke/LambdaForm$DMH+0x000002b8851a8400'
Event: 23.294 Thread 0x000002b8ea67c9d0 Unloading class 0x000002b8852ab000 'java/lang/invoke/LambdaForm$MH+0x000002b8852ab000'
Event: 23.294 Thread 0x000002b8ea67c9d0 Unloading class 0x000002b8852aa800 'java/lang/invoke/LambdaForm$MH+0x000002b8852aa800'
Event: 23.294 Thread 0x000002b8ea67c9d0 Unloading class 0x000002b8852aa400 'java/lang/invoke/LambdaForm$DMH+0x000002b8852aa400'
Event: 23.294 Thread 0x000002b8ea67c9d0 Unloading class 0x000002b8852a9400 'java/lang/invoke/LambdaForm$MH+0x000002b8852a9400'

Classes redefined (0 events):
No events

Internal exceptions (20 events):
Event: 34.129 Thread 0x000002b8fdf9e450 Exception <a 'sun/nio/fs/WindowsException'{0x00000000d5cba438}> (0x00000000d5cba438) 
thrown [s\src\hotspot\share\prims\jni.cpp, line 520]
Event: 36.895 Thread 0x000002b8c96c1770 Exception <a 'sun/nio/fs/WindowsException'{0x00000000d62b8a28}> (0x00000000d62b8a28) 
thrown [s\src\hotspot\share\prims\jni.cpp, line 520]
Event: 36.895 Thread 0x000002b8c96c1770 Exception <a 'sun/nio/fs/WindowsException'{0x00000000d62b95d8}> (0x00000000d62b95d8) 
thrown [s\src\hotspot\share\prims\jni.cpp, line 520]
Event: 36.895 Thread 0x000002b8c96c1770 Exception <a 'sun/nio/fs/WindowsException'{0x00000000d62baaf0}> (0x00000000d62baaf0) 
thrown [s\src\hotspot\share\prims\jni.cpp, line 520]
Event: 36.895 Thread 0x000002b8c96c1770 Exception <a 'sun/nio/fs/WindowsException'{0x00000000d62bb680}> (0x00000000d62bb680) 
thrown [s\src\hotspot\share\prims\jni.cpp, line 520]
Event: 36.897 Thread 0x000002b8c96c1770 Exception <a 'sun/nio/fs/WindowsException'{0x00000000d62bd5b8}> (0x00000000d62bd5b8) 
thrown [s\src\hotspot\share\prims\jni.cpp, line 520]
Event: 36.897 Thread 0x000002b8c96c1770 Exception <a 'sun/nio/fs/WindowsException'{0x00000000d62be148}> (0x00000000d62be148) 
thrown [s\src\hotspot\share\prims\jni.cpp, line 520]
Event: 36.900 Thread 0x000002b8c96c1770 Exception <a 'sun/nio/fs/WindowsException'{0x00000000d62bf638}> (0x00000000d62bf638) 
thrown [s\src\hotspot\share\prims\jni.cpp, line 520]
Event: 36.900 Thread 0x000002b8c96c1770 Exception <a 'sun/nio/fs/WindowsException'{0x00000000d62bff18}> (0x00000000d62bff18) 
thrown [s\src\hotspot\share\prims\jni.cpp, line 520]
Event: 38.075 Thread 0x000002b8c9bf2490 Exception <a 'java/lang/IncompatibleClassChangeError'{0x00000000d589c478}: Found class java.lang.Object, but interface was expected> (0x00000000d589c478) 
thrown [s\src\hotspot\share\interpreter\linkResolver.cpp, line 840]
Event: 41.229 Thread 0x000002b8c9bf2490 Exception <a 'java/lang/IncompatibleClassChangeError'{0x00000000d61baea8}: Found class java.lang.Object, but interface was expected> (0x00000000d61baea8) 
thrown [s\src\hotspot\share\interpreter\linkResolver.cpp, line 840]
Event: 43.125 Thread 0x000002b8c96c1770 Exception <a 'java/lang/NoSuchMethodError'{0x00000000d5ea4a08}: 'void java.lang.invoke.DirectMethodHandle$Holder.invokeSpecial(java.lang.Object, java.lang.Object, int)'> (0x00000000d5ea4a08) 
thrown [s\src\hotspot\share\interpreter\linkResolver.cpp, line 773]
Event: 170.562 Thread 0x000002b8c9bf2490 Exception <a 'java/lang/IncompatibleClassChangeError'{0x00000000d6352d38}: Found class java.lang.Object, but interface was expected> (0x00000000d6352d38) 
thrown [s\src\hotspot\share\interpreter\linkResolver.cpp, line 840]
Event: 186.904 Thread 0x000002b8c9bf2490 Exception <a 'java/lang/IncompatibleClassChangeError'{0x00000000d63bb9e8}: Found class java.lang.Object, but interface was expected> (0x00000000d63bb9e8) 
thrown [s\src\hotspot\share\interpreter\linkResolver.cpp, line 840]
Event: 318.992 Thread 0x000002b8fdf9d730 Exception <a 'java/lang/NoSuchMethodError'{0x00000000d655dcb8}: 'java.lang.Object java.lang.invoke.DirectMethodHandle$Holder.newInvokeSpecial(java.lang.Object, java.lang.Object, java.lang.Object, java.lang.Object, java.lang.Object, java.lang.Object, java.lang.Object, java.lang.Object)'> (0x00000000d655dcb8) 
thrown [s\src\hotspot\share\interpreter\linkResolver.cpp, line 773]
Event: 676.768 Thread 0x000002b8c9bf2490 Exception <a 'java/lang/IncompatibleClassChangeError'{0x00000000d58faf48}: Found class java.lang.Object, but interface was expected> (0x00000000d58faf48) 
thrown [s\src\hotspot\share\interpreter\linkResolver.cpp, line 840]
Event: 677.966 Thread 0x000002b8c96be980 Exception <a 'java/lang/NoSuchMethodError'{0x00000000d59f0148}: 'java.lang.Object java.lang.invoke.DirectMethodHandle$Holder.invokeSpecial(java.lang.Object, java.lang.Object, java.lang.Object, java.lang.Object, int, java.lang.Object, java.lang.Object)'> (0x00000000d59f0148) 
thrown [s\src\hotspot\share\interpreter\linkResolver.cpp, line 773]
Event: 691.169 Thread 0x000002b8c9bf2490 Exception <a 'java/lang/NoSuchMethodError'{0x00000000d5580c40}: 'java.lang.Object java.lang.invoke.DirectMethodHandle$Holder.invokeStatic(java.lang.Object, java.lang.Object, int, java.lang.Object)'> (0x00000000d5580c40) 
thrown [s\src\hotspot\share\interpreter\linkResolver.cpp, line 773]
Event: 691.214 Thread 0x000002b8c9bf2490 Exception <a 'java/lang/NoSuchMethodError'{0x00000000d5587450}: 'java.lang.Object java.lang.invoke.DirectMethodHandle$Holder.newInvokeSpecial(java.lang.Object, java.lang.Object, int)'> (0x00000000d5587450) 
thrown [s\src\hotspot\share\interpreter\linkResolver.cpp, line 773]
Event: 693.572 Thread 0x000002b8fdf9d0a0 Implicit null exception at 0x000002b8f575c662 to 0x000002b8f575ca98

ZGC Phase Switch (0 events):
No events

VM Operations (20 events):
Event: 676.581 Executing safepoint VM operation: Cleanup
Event: 676.582 Executing safepoint VM operation: Cleanup done
Event: 677.584 Executing safepoint VM operation: Cleanup
Event: 677.600 Executing safepoint VM operation: Cleanup done
Event: 678.611 Executing safepoint VM operation: Cleanup
Event: 678.644 Executing safepoint VM operation: Cleanup done
Event: 679.656 Executing safepoint VM operation: Cleanup
Event: 679.656 Executing safepoint VM operation: Cleanup done
Event: 680.656 Executing safepoint VM operation: Cleanup
Event: 680.684 Executing safepoint VM operation: Cleanup done
Event: 681.698 Executing safepoint VM operation: Cleanup
Event: 681.699 Executing safepoint VM operation: Cleanup done
Event: 690.754 Executing safepoint VM operation: Cleanup
Event: 690.771 Executing safepoint VM operation: Cleanup done
Event: 690.959 Executing safepoint VM operation: ParallelGCFailedAllocation (Allocation Failure)
Event: 691.139 Executing safepoint VM operation: ParallelGCFailedAllocation (Allocation Failure) done
Event: 692.144 Executing safepoint VM operation: Cleanup
Event: 692.492 Executing safepoint VM operation: Cleanup done
Event: 693.503 Executing safepoint VM operation: Cleanup
Event: 693.550 Executing safepoint VM operation: Cleanup done

Memory protections (0 events):
No events

Nmethod flushes (20 events):
Event: 33.939 Thread 0x000002b8ea67c9d0 flushing  nmethod 0x000002b8ee04aa90
Event: 33.939 Thread 0x000002b8ea67c9d0 flushing  nmethod 0x000002b8ee04c610
Event: 33.939 Thread 0x000002b8ea67c9d0 flushing  nmethod 0x000002b8ee055610
Event: 33.939 Thread 0x000002b8ea67c9d0 flushing  nmethod 0x000002b8ee066690
Event: 33.939 Thread 0x000002b8ea67c9d0 flushing  nmethod 0x000002b8ee067f90
Event: 33.939 Thread 0x000002b8ea67c9d0 flushing  nmethod 0x000002b8ee0b0110
Event: 33.939 Thread 0x000002b8ea67c9d0 flushing  nmethod 0x000002b8ee0b1a10
Event: 33.939 Thread 0x000002b8ea67c9d0 flushing  nmethod 0x000002b8ee0b5390
Event: 33.939 Thread 0x000002b8ea67c9d0 flushing  nmethod 0x000002b8ee0b6990
Event: 33.939 Thread 0x000002b8ea67c9d0 flushing  nmethod 0x000002b8ee0cb610
Event: 33.939 Thread 0x000002b8ea67c9d0 flushing  nmethod 0x000002b8ee0d1c90
Event: 33.939 Thread 0x000002b8ea67c9d0 flushing osr nmethod 0x000002b8ee0dfd10
Event: 33.939 Thread 0x000002b8ea67c9d0 flushing  nmethod 0x000002b8ee100f10
Event: 33.939 Thread 0x000002b8ea67c9d0 flushing  nmethod 0x000002b8ee104c10
Event: 33.939 Thread 0x000002b8ea67c9d0 flushing  nmethod 0x000002b8ee132e90
Event: 33.939 Thread 0x000002b8ea67c9d0 flushing  nmethod 0x000002b8ee134f10
Event: 33.939 Thread 0x000002b8ea67c9d0 flushing  nmethod 0x000002b8ee139d10
Event: 33.939 Thread 0x000002b8ea67c9d0 flushing  nmethod 0x000002b8ee141210
Event: 33.939 Thread 0x000002b8ea67c9d0 flushing  nmethod 0x000002b8ee148c10
Event: 33.939 Thread 0x000002b8ea67c9d0 flushing  nmethod 0x000002b8ee14c890

Events (20 events):
Event: 94.691 Thread 0x000002b8c9bf10e0 Thread exited: 0x000002b8c9bf10e0
Event: 94.740 Thread 0x000002b8fdf9e450 Thread exited: 0x000002b8fdf9e450
Event: 95.007 Thread 0x000002b8c9bee2f0 Thread exited: 0x000002b8c9bee2f0
Event: 104.181 Thread 0x000002b8c96c1770 Thread exited: 0x000002b8c96c1770
Event: 164.198 Thread 0x000002b8c9bf4bf0 Thread exited: 0x000002b8c9bf4bf0
Event: 247.145 Thread 0x000002b8c9bf5280 Thread exited: 0x000002b8c9bf5280
Event: 318.628 Thread 0x000002b8fdf9d730 Thread added: 0x000002b8c96be980
Event: 318.755 Thread 0x000002b8c96be980 Thread exited: 0x000002b8c96be980
Event: 318.911 Thread 0x000002b8fdf9d730 Thread added: 0x000002b8c96bf010
Event: 318.922 Thread 0x000002b8c96bf010 Thread added: 0x000002b8c96c1e00
Event: 318.928 Thread 0x000002b8c96bf010 Thread exited: 0x000002b8c96bf010
Event: 318.928 Thread 0x000002b8c96c1e00 Thread exited: 0x000002b8c96c1e00
Event: 328.885 Thread 0x000002b8c9bf2b20 Thread exited: 0x000002b8c9bf2b20
Event: 331.024 Thread 0x000002b8c9bf4560 Thread exited: 0x000002b8c9bf4560
Event: 331.049 Thread 0x000002b8c9bf3840 Thread exited: 0x000002b8c9bf3840
Event: 669.720 Thread 0x000002b8c9bf2490 Thread added: 0x000002b8c96c1770
Event: 672.868 Thread 0x000002b8c96c1770 Thread added: 0x000002b8c96c1e00
Event: 676.896 Thread 0x000002b8c9bf2490 Thread added: 0x000002b8c96be980
Event: 690.862 Thread 0x000002b8fdf9bcf0 Thread added: 0x000002b8c96bf6a0
Event: 692.609 Thread 0x000002b8fdf9d730 Thread added: 0x000002b8c96c2490


Dynamic libraries:
0x00007ff7ff700000 - 0x00007ff7ff70e000 	c:\Users\wenbl\.vscode\extensions\redhat.java-1.54.0-win32-x64\jre\21.0.10-win32-x86_64\bin\java.exe
0x00007fff16980000 - 0x00007fff16be6000 	C:\WINDOWS\SYSTEM32\ntdll.dll
0x00007fff15810000 - 0x00007fff158d9000 	C:\WINDOWS\System32\KERNEL32.DLL
0x00007fff13c10000 - 0x00007fff1400a000 	C:\WINDOWS\System32\KERNELBASE.dll
0x00007fff14390000 - 0x00007fff144dc000 	C:\WINDOWS\System32\ucrtbase.dll
0x00007ffef8470000 - 0x00007ffef848e000 	c:\Users\wenbl\.vscode\extensions\redhat.java-1.54.0-win32-x64\jre\21.0.10-win32-x86_64\bin\VCRUNTIME140.dll
0x00007ffef8450000 - 0x00007ffef8468000 	c:\Users\wenbl\.vscode\extensions\redhat.java-1.54.0-win32-x64\jre\21.0.10-win32-x86_64\bin\jli.dll
0x00007fff15240000 - 0x00007fff15407000 	C:\WINDOWS\System32\USER32.dll
0x00007fff14360000 - 0x00007fff14387000 	C:\WINDOWS\System32\win32u.dll
0x00007fff16780000 - 0x00007fff167ab000 	C:\WINDOWS\System32\GDI32.dll
0x00007fff14170000 - 0x00007fff1429b000 	C:\WINDOWS\System32\gdi32full.dll
0x00007fff02440000 - 0x00007fff026d2000 	C:\WINDOWS\WinSxS\amd64_microsoft.windows.common-controls_6595b64144ccf1df_6.0.26100.8521_none_3e08b75ce33403b3\COMCTL32.dll
0x00007fff140c0000 - 0x00007fff14163000 	C:\WINDOWS\System32\msvcp_win.dll
0x00007fff14d80000 - 0x00007fff14e29000 	C:\WINDOWS\System32\msvcrt.dll
0x00007fff16860000 - 0x00007fff16892000 	C:\WINDOWS\System32\IMM32.DLL
0x00007fff0ea80000 - 0x00007fff0ea8c000 	c:\Users\wenbl\.vscode\extensions\redhat.java-1.54.0-win32-x64\jre\21.0.10-win32-x86_64\bin\vcruntime140_1.dll
0x00007ffed40b0000 - 0x00007ffed413d000 	c:\Users\wenbl\.vscode\extensions\redhat.java-1.54.0-win32-x64\jre\21.0.10-win32-x86_64\bin\msvcp140.dll
0x00007ffe2f000000 - 0x00007ffe2fda1000 	c:\Users\wenbl\.vscode\extensions\redhat.java-1.54.0-win32-x64\jre\21.0.10-win32-x86_64\bin\server\jvm.dll
0x00007fff160e0000 - 0x00007fff16196000 	C:\WINDOWS\System32\ADVAPI32.dll
0x00007fff167b0000 - 0x00007fff1685a000 	C:\WINDOWS\System32\sechost.dll
0x00007fff14ef0000 - 0x00007fff15008000 	C:\WINDOWS\System32\RPCRT4.dll
0x00007fff14b80000 - 0x00007fff14c00000 	C:\WINDOWS\System32\WS2_32.dll
0x00007fff13a90000 - 0x00007fff13aee000 	C:\WINDOWS\SYSTEM32\POWRPROF.dll
0x00007fff0b170000 - 0x00007fff0b1a6000 	C:\WINDOWS\SYSTEM32\WINMM.dll
0x00007fff0b1b0000 - 0x00007fff0b1bb000 	C:\WINDOWS\SYSTEM32\VERSION.dll
0x00007fff13a70000 - 0x00007fff13a84000 	C:\WINDOWS\SYSTEM32\UMPDC.dll
0x00007fff129a0000 - 0x00007fff129bb000 	C:\WINDOWS\SYSTEM32\kernel.appcore.dll
0x00007fff06d50000 - 0x00007fff06d5a000 	c:\Users\wenbl\.vscode\extensions\redhat.java-1.54.0-win32-x64\jre\21.0.10-win32-x86_64\bin\jimage.dll
0x00007fff0bbe0000 - 0x00007fff0be22000 	C:\WINDOWS\SYSTEM32\DBGHELP.DLL
0x00007fff162a0000 - 0x00007fff16623000 	C:\WINDOWS\System32\combase.dll
0x00007fff15730000 - 0x00007fff15809000 	C:\WINDOWS\System32\OLEAUT32.dll
0x00007ffef5a30000 - 0x00007ffef5a6b000 	C:\WINDOWS\SYSTEM32\dbgcore.DLL
0x00007fff14010000 - 0x00007fff140b8000 	C:\WINDOWS\System32\bcryptPrimitives.dll
0x00007ffeffea0000 - 0x00007ffeffeaf000 	c:\Users\wenbl\.vscode\extensions\redhat.java-1.54.0-win32-x64\jre\21.0.10-win32-x86_64\bin\instrument.dll
0x00007ffef83e0000 - 0x00007ffef8400000 	c:\Users\wenbl\.vscode\extensions\redhat.java-1.54.0-win32-x64\jre\21.0.10-win32-x86_64\bin\java.dll
0x00007fff15940000 - 0x00007fff160c4000 	C:\WINDOWS\System32\SHELL32.dll
0x00007fff11810000 - 0x00007fff12090000 	C:\WINDOWS\SYSTEM32\windows.storage.dll
0x00007fff161a0000 - 0x00007fff16296000 	C:\WINDOWS\System32\SHCORE.dll
0x00007fff15420000 - 0x00007fff15487000 	C:\WINDOWS\System32\shlwapi.dll
0x00007fff13b30000 - 0x00007fff13b59000 	C:\WINDOWS\SYSTEM32\profapi.dll
0x00007ffef83c0000 - 0x00007ffef83d8000 	c:\Users\wenbl\.vscode\extensions\redhat.java-1.54.0-win32-x64\jre\21.0.10-win32-x86_64\bin\zip.dll
0x00007ffef9e00000 - 0x00007ffef9e10000 	C:\Users\wenbl\.vscode\extensions\redhat.java-1.54.0-win32-x64\jre\21.0.10-win32-x86_64\bin\net.dll
0x00007fff08bd0000 - 0x00007fff08cf9000 	C:\WINDOWS\SYSTEM32\WINHTTP.dll
0x00007fff12f10000 - 0x00007fff12f7c000 	C:\WINDOWS\system32\mswsock.dll
0x00007ffeeff30000 - 0x00007ffeeff46000 	C:\Users\wenbl\.vscode\extensions\redhat.java-1.54.0-win32-x64\jre\21.0.10-win32-x86_64\bin\nio.dll
0x00007ffef83b0000 - 0x00007ffef83c0000 	c:\Users\wenbl\.vscode\extensions\redhat.java-1.54.0-win32-x64\jre\21.0.10-win32-x86_64\bin\verify.dll
0x00007ffeefcb0000 - 0x00007ffeefcf5000 	C:\Users\wenbl\AppData\Roaming\Code\User\globalStorage\redhat.java\1.54.0\config_win\org.eclipse.equinox.launcher\org.eclipse.equinox.launcher.win32.win32.x86_64_1.3.0.v20260203-2149\eclipse_11919.dll
0x00007fff150a0000 - 0x00007fff15238000 	C:\WINDOWS\System32\ole32.dll
0x00007fff131f0000 - 0x00007fff1320b000 	C:\WINDOWS\SYSTEM32\CRYPTSP.dll
0x00007fff12900000 - 0x00007fff12939000 	C:\WINDOWS\system32\rsaenh.dll
0x00007fff12fc0000 - 0x00007fff12ff3000 	C:\WINDOWS\SYSTEM32\USERENV.dll
0x00007fff13b00000 - 0x00007fff13b2a000 	C:\WINDOWS\SYSTEM32\bcrypt.dll
0x00007fff13210000 - 0x00007fff1321c000 	C:\WINDOWS\SYSTEM32\CRYPTBASE.dll
0x00007fff123a0000 - 0x00007fff123d3000 	C:\WINDOWS\SYSTEM32\IPHLPAPI.DLL
0x00007fff15090000 - 0x00007fff1509a000 	C:\WINDOWS\System32\NSI.dll
0x00007ffee7f60000 - 0x00007ffee7fa9000 	C:\Users\wenbl\AppData\Local\Temp\jna-113016746\jna4520321455119365296.dll
0x00007fff15410000 - 0x00007fff15418000 	C:\WINDOWS\System32\PSAPI.DLL
0x00007fff08b20000 - 0x00007fff08b3d000 	C:\WINDOWS\SYSTEM32\dhcpcsvc6.DLL
0x00007fff089c0000 - 0x00007fff089e5000 	C:\WINDOWS\SYSTEM32\dhcpcsvc.DLL

JVMTI agents:
c:\Users\wenbl\.vscode\extensions\redhat.java-1.54.0-win32-x64\lombok\lombok-1.18.39-4050.jar path:c:\Users\wenbl\.vscode\extensions\redhat.java-1.54.0-win32-x64\jre\21.0.10-win32-x86_64\bin\instrument.dll, loaded, initialized, instrumentlib options:none

dbghelp: loaded successfully - version: 4.0.5 - missing functions: none
symbol engine: initialized successfully - sym options: 0x614 - pdb path: .;c:\Users\wenbl\.vscode\extensions\redhat.java-1.54.0-win32-x64\jre\21.0.10-win32-x86_64\bin;C:\WINDOWS\SYSTEM32;C:\WINDOWS\WinSxS\amd64_microsoft.windows.common-controls_6595b64144ccf1df_6.0.26100.8521_none_3e08b75ce33403b3;c:\Users\wenbl\.vscode\extensions\redhat.java-1.54.0-win32-x64\jre\21.0.10-win32-x86_64\bin\server;C:\Users\wenbl\AppData\Roaming\Code\User\globalStorage\redhat.java\1.54.0\config_win\org.eclipse.equinox.launcher\org.eclipse.equinox.launcher.win32.win32.x86_64_1.3.0.v20260203-2149;C:\Users\wenbl\AppData\Local\Temp\jna-113016746

VM Arguments:
jvm_args: --add-modules=ALL-SYSTEM --add-opens=java.base/java.util=ALL-UNNAMED --add-opens=java.base/java.lang=ALL-UNNAMED --add-opens=java.base/sun.nio.fs=ALL-UNNAMED -Declipse.application=org.eclipse.jdt.ls.core.id1 -Dosgi.bundles.defaultStartLevel=4 -Declipse.product=org.eclipse.jdt.ls.core.product -Djava.import.generatesMetadataFilesAtProjectRoot=false -DDetectVMInstallationsJob.disabled=true -Dfile.encoding=utf8 -XX:+UseParallelGC -XX:GCTimeRatio=4 -XX:AdaptiveSizePolicyWeight=90 -Dsun.zip.disableMemoryMapping=true -Xmx2G -Xms100m -Xlog:disable -javaagent:c:\Users\wenbl\.vscode\extensions\redhat.java-1.54.0-win32-x64\lombok\lombok-1.18.39-4050.jar -XX:+HeapDumpOnOutOfMemoryError -XX:HeapDumpPath=c:\Users\wenbl\AppData\Roaming\Code\User\workspaceStorage\0c2cef8eb0cbd9d33b2b973e257d3f55\redhat.java -Daether.dependencyCollector.impl=bf 
java_command: c:\Users\wenbl\.vscode\extensions\redhat.java-1.54.0-win32-x64\server\plugins\org.eclipse.equinox.launcher_1.7.100.v20251111-0406.jar -configuration c:\Users\wenbl\AppData\Roaming\Code\User\globalStorage\redhat.java\1.54.0\config_win -data c:\Users\wenbl\AppData\Roaming\Code\User\workspaceStorage\0c2cef8eb0cbd9d33b2b973e257d3f55\redhat.java\jdt_ws --pipe=\\.\pipe\lsp-8ff45b1445e8de1083177fa784dab48e-sock
java_class_path (initial): c:\Users\wenbl\.vscode\extensions\redhat.java-1.54.0-win32-x64\server\plugins\org.eclipse.equinox.launcher_1.7.100.v20251111-0406.jar
Launcher Type: SUN_STANDARD

[Global flags]
    uintx AdaptiveSizePolicyWeight                 = 90                                        {product} {command line}
     intx CICompilerCount                          = 3                                         {product} {ergonomic}
    uintx GCTimeRatio                              = 4                                         {product} {command line}
     bool HeapDumpOnOutOfMemoryError               = true                                   {manageable} {command line}
    ccstr HeapDumpPath                             = c:\Users\wenbl\AppData\Roaming\Code\User\workspaceStorage\0c2cef8eb0cbd9d33b2b973e257d3f55\redhat.java         {manageable} {command line}
   size_t InitialHeapSize                          = 104857600                                 {product} {command line}
   size_t MaxHeapSize                              = 2147483648                                {product} {command line}
   size_t MaxNewSize                               = 715653120                                 {product} {ergonomic}
   size_t MinHeapDeltaBytes                        = 524288                                    {product} {ergonomic}
   size_t MinHeapSize                              = 104857600                                 {product} {command line}
   size_t NewSize                                  = 34603008                                  {product} {ergonomic}
    uintx NonNMethodCodeHeapSize                   = 5832780                                {pd product} {ergonomic}
    uintx NonProfiledCodeHeapSize                  = 122912730                              {pd product} {ergonomic}
   size_t OldSize                                  = 70254592                                  {product} {ergonomic}
    uintx ProfiledCodeHeapSize                     = 122912730                              {pd product} {ergonomic}
    uintx ReservedCodeCacheSize                    = 251658240                              {pd product} {ergonomic}
     bool SegmentedCodeCache                       = true                                      {product} {ergonomic}
   size_t SoftMaxHeapSize                          = 2147483648                             {manageable} {ergonomic}
     bool UseCompressedOops                        = true                           {product lp64_product} {ergonomic}
     bool UseLargePagesIndividualAllocation        = false                                  {pd product} {ergonomic}
     bool UseParallelGC                            = true                                      {product} {command line}

Logging:
Log output configuration:
 #0: stdout all=off uptime,level,tags foldmultilines=false
 #1: stderr all=off uptime,level,tags foldmultilines=false

Release file:
JAVA_VERSION="21.0.10" 
MODULES="java.base java.compiler java.datatransfer java.xml java.prefs java.desktop java.instrument java.logging java.management java.security.sasl java.naming java.rmi java.management.rmi java.net.http java.scripting java.security.jgss java.transaction.xa java.sql java.sql.rowset java.xml.crypto java.se java.smartcardio jdk.accessibility jdk.internal.jvmstat jdk.attach jdk.charsets jdk.internal.opt jdk.zipfs jdk.compiler jdk.crypto.ec jdk.crypto.cryptoki jdk.crypto.mscapi jdk.dynalink jdk.internal.ed jdk.editpad jdk.hotspot.agent jdk.httpserver jdk.internal.le jdk.internal.vm.ci jdk.internal.vm.compiler jdk.internal.vm.compiler.management jdk.jartool jdk.javadoc jdk.jcmd jdk.management jdk.management.agent jdk.jconsole jdk.jdeps jdk.jdwp.agent jdk.jdi jdk.jfr jdk.jshell jdk.jsobject jdk.jstatd jdk.localedata jdk.management.jfr jdk.naming.dns jdk.naming.rmi jdk.net jdk.nio.mapmode jdk.random jdk.sctp jdk.security.auth jdk.security.jgss jdk.unsupported jdk.unsupported.desktop jdk.xml.dom" 

Environment Variables:
PATH=C:\ProgramData\Oracle\Java\javapath;C:\WINDOWS\system32;C:\WINDOWS;C:\WINDOWS\System32\Wbem;C:\WINDOWS\System32\WindowsPowerShell\v1.0\;C:\WINDOWS\System32\OpenSSH\;C:\Program Files\Git\cmd;C:\Users\wenbl\AppData\Local\Programs\Python\Python313\Scripts\;C:\Users\wenbl\AppData\Local\Programs\Python\Python313\;C:\Users\wenbl\AppData\Local\Programs\Python\Launcher\;C:\Users\wenbl\AppData\Local\Microsoft\WindowsApps;C:\Users\wenbl\AppData\Local\Programs\Microsoft VS Code\bin
USERNAME=wenbl
OS=Windows_NT
PROCESSOR_IDENTIFIER=AMD64 Family 23 Model 24 Stepping 1, AuthenticAMD
TMP=C:\Users\wenbl\AppData\Local\Temp
TEMP=C:\Users\wenbl\AppData\Local\Temp




Periodic native trim disabled

---------------  S Y S T E M  ---------------

OS:
 Windows 11 , 64 bit Build 26100 (10.0.26100.8521)
OS uptime: 0 days 3:14 hours

CPU: total 4 (initial active 4) (4 cores per cpu, 2 threads per core) family 23 model 24 stepping 1 microcode 0x8108109, cx8, cmov, fxsr, ht, mmx, 3dnowpref, sse, sse2, sse3, ssse3, sse4a, sse4.1, sse4.2, popcnt, lzcnt, tsc, tscinvbit, avx, avx2, aes, clmul, bmi1, bmi2, adx, sha, fma, vzeroupper, clflush, clflushopt, rdtscp, f16c
Processor Information for the first 4 processors :
  Max Mhz: 2600, Current Mhz: 2600, Mhz Limit: 2600

Memory: 4k page, system-wide physical 3499M (344M free)
TotalPageFile size 14251M (AvailPageFile size 36M)
current process WorkingSet (physical memory assigned to process): 119M, peak: 228M
current process commit charge ("private bytes"): 327M, peak: 348M

vm_info: OpenJDK 64-Bit Server VM (21.0.10+7-LTS) for windows-amd64 JRE (21.0.10+7-LTS), built on 2026-01-20T00:00:00Z by "admin" with MS VC++ 17.12 (VS2022)

END.
